#
# A fatal error has been detected by the Java Runtime Environment:
#
#  EXCEPTION_UNCAUGHT_CXX_EXCEPTION (0xe06d7363) at pc=0x00007ffa07d2ab89, pid=4404, tid=8128
#
# JRE version: Java(TM) SE Runtime Environment (17.0.10+11) (build 17.0.10+11-LTS-240)
# Java VM: Java HotSpot(TM) 64-Bit Server VM (17.0.10+11-LTS-240, mixed mode, sharing, tiered, compressed oops, compressed class ptrs, g1 gc, windows-amd64)
# Problematic frame:
# C  [KERNELBASE.dll+0x2ab89]
#
# No core dump will be written. Minidumps are not enabled by default on client versions of Windows
#
# If you would like to submit a bug report, please visit:
#   https://bugreport.java.com/bugreport/crash.jsp
# The crash happened outside the Java Virtual Machine in native code.
# See problematic frame for where to report the bug.
#

---------------  S U M M A R Y ------------

Command Line: -Dfile.encoding=UTF8 -ea -Xmx1024m 

Host: Intel(R) Core(TM) i7-9700 CPU @ 3.00GHz, 8 cores, 15G,  Windows 10 , 64 bit Build 19041 (10.0.19041.3636)
Time: Thu Apr 11 16:52:11 2024 대한민국 표준시 elapsed time: 0.368199 seconds (0d 0h 0m 0s)

---------------  T H R E A D  ---------------

Current thread (0x000002ae224812c0):  JavaThread "main" [_thread_in_native, id=8128, stack(0x000000fcea000000,0x000000fcea1f0000)]

Stack: [0x000000fcea000000,0x000000fcea1f0000],  sp=0x000000fcea1edb20,  free space=1974k
Native frames: (J=compiled Java code, j=interpreted, Vv=VM code, C=native code)
C  [KERNELBASE.dll+0x2ab89]
C  [VCRUNTIME140.dll+0x6220]
C  [_jpype.cp311-win_amd64.pyd+0x3bfb4]
C  [_jpype.cp311-win_amd64.pyd+0x2affb]
C  0x000002ae344dd621

Java frames: (J=compiled Java code, j=interpreted, Vv=VM code)
j  org.jpype.manager.TypeFactoryNative.newWrapper(JJ)V+0
j  org.jpype.JPypeContext.newWrapper(J)V+16
v  ~StubRoutines::call_stub

siginfo: EXCEPTION_UNCAUGHT_CXX_EXCEPTION (0xe06d7363), ExceptionInformation=0x0000000019930520 0x000000fcea1edd80 0x00007ff9e5696df8 0x00007ff9e5630000 


Registers:
RAX=0x000002ae00000000, RBX=0x00007ff9e5696df8, RCX=0x00000002ea1ed780, RDX=0x000002ae24e50000
RSP=0x000000fcea1edb20, RBP=0x000000fcea1edd60, RSI=0x000000fcea1edd80, RDI=0x0000000019930520
R8 =0x0000000000000000, R9 =0x000002ae23bc1990, R10=0x00007ff9e5633149, R11=0x00009d8b7b20f95e
R12=0x000002ae4182b180, R13=0x000000fcea1ede50, R14=0x000002ae24e2af40, R15=0x000002ae41820500
RIP=0x00007ffa07d2ab89, EFLAGS=0x0000000000000206


Register to memory mapping:

RIP=0x00007ffa07d2ab89 KERNELBASE.dll
RAX=0x000002ae00000000 is an unknown value
RBX=0x00007ff9e5696df8 _jpype.cp311-win_amd64.pyd
RCX=0x00000002ea1ed780 is an unknown value
RDX=0x000002ae24e50000 points into unknown readable memory: 0xffffffffffffffff | ff ff ff ff ff ff ff ff
RSP=0x000000fcea1edb20 is pointing into the stack for thread: 0x000002ae224812c0
RBP=0x000000fcea1edd60 is pointing into the stack for thread: 0x000002ae224812c0
RSI=0x000000fcea1edd80 is pointing into the stack for thread: 0x000002ae224812c0
RDI=0x0000000019930520 is an unknown value
R8 =0x0 is NULL
R9 =0x000002ae23bc1990 points into unknown readable memory: 0x0000000000000001 | 01 00 00 00 00 00 00 00
R10=0x00007ff9e5633149 _jpype.cp311-win_amd64.pyd
R11=0x00009d8b7b20f95e is an unknown value
R12=0x000002ae4182b180 points into unknown readable memory: 0x0000000000000002 | 02 00 00 00 00 00 00 00
R13=0x000000fcea1ede50 is pointing into the stack for thread: 0x000002ae224812c0
R14=0x000002ae24e2af40 points into unknown readable memory: 0x00007ff9e5682d70 | 70 2d 68 e5 f9 7f 00 00
R15=0x000002ae41820500 points into unknown readable memory: 0x0000000000000001 | 01 00 00 00 00 00 00 00


Top of Stack: (sp=0x000000fcea1edb20)
0x000000fcea1edb20:   0000000000000000 00007ff9e5696df8
0x000000fcea1edb30:   000000fcea1edd80 000000fcea1edd60
0x000000fcea1edb40:   00000001e06d7363 0000000000000000
0x000000fcea1edb50:   00007ffa07d2ab89 0000000000000004
0x000000fcea1edb60:   0000000019930520 000000fcea1edd80
0x000000fcea1edb70:   00007ff9e5696df8 00007ff9e5630000
0x000000fcea1edb80:   000000fcea1ede50 000002ae4182b180
0x000000fcea1edb90:   000000fcea1edd80 000000fcea1edd60
0x000000fcea1edba0:   000000fcea1edc20 00007ffa0a0a4a5f
0x000000fcea1edbb0:   0000000019930520 00007ff900000000
0x000000fcea1edbc0:   0000000000000000 00007ff9e564bc5a
0x000000fcea1edbd0:   00007ff9e569e000 00007ff9e5630000
0x000000fcea1edbe0:   00009998550edaae 00007ff9dd0a9d65
0x000000fcea1edbf0:   00007ff9e5696df8 00007ffa02136220
0x000000fcea1edc00:   0000000000000000 000002ae231c6680
0x000000fcea1edc10:   000000fcea1edd80 00007ff9e56482a0 

Instructions: (pc=0x00007ffa07d2ab89)
0x00007ffa07d2aa89:   09 00 48 8b 84 24 b8 00 00 00 48 8b 8c 24 b0 05
0x00007ffa07d2aa99:   00 00 48 33 cc e8 2d ab 06 00 48 81 c4 c0 05 00
0x00007ffa07d2aaa9:   00 41 5f 41 5e 41 5d 5e 5b c3 cc 48 ff 15 6d a4
0x00007ffa07d2aab9:   1b 00 0f 1f 44 00 00 eb b0 cc cc cc cc cc cc cc
0x00007ffa07d2aac9:   cc cc cc cc cc cc cc 40 53 48 83 ec 30 48 8b d1
0x00007ffa07d2aad9:   48 8d 4c 24 20 e8 5d 23 00 00 85 c0 74 26 48 8b
0x00007ffa07d2aae9:   4c 24 28 e8 ef 38 00 00 48 8d 4c 24 20 8b d8 48
0x00007ffa07d2aaf9:   ff 15 71 9e 1b 00 0f 1f 44 00 00 8b c3 48 83 c4
0x00007ffa07d2ab09:   30 5b c3 cc 83 c8 ff eb f4 cc cc cc cc cc cc cc
0x00007ffa07d2ab19:   cc cc cc cc cc cc cc 48 81 ec d8 00 00 00 48 8b
0x00007ffa07d2ab29:   05 72 c3 28 00 48 33 c4 48 89 84 24 c0 00 00 00
0x00007ffa07d2ab39:   48 83 64 24 28 00 48 8d 05 da ff ff ff 83 e2 01
0x00007ffa07d2ab49:   89 4c 24 20 89 54 24 24 48 89 44 24 30 4d 85 c9
0x00007ffa07d2ab59:   74 4c b8 0f 00 00 00 48 8d 4c 24 40 44 3b c0 49
0x00007ffa07d2ab69:   8b d1 44 0f 47 c0 44 89 44 24 38 49 c1 e0 03 e8
0x00007ffa07d2ab79:   ba bf 08 00 48 8d 4c 24 20 48 ff 15 bf a5 1b 00
0x00007ffa07d2ab89:   0f 1f 44 00 00 48 8b 8c 24 c0 00 00 00 48 33 cc
0x00007ffa07d2ab99:   e8 32 aa 06 00 48 81 c4 d8 00 00 00 c3 cc 83 64
0x00007ffa07d2aba9:   24 38 00 eb cf cc cc cc cc cc cc cc cc cc cc cc
0x00007ffa07d2abb9:   cc cc cc cc cc cc cc 65 48 8b 04 25 30 00 00 00
0x00007ffa07d2abc9:   8b 40 68 c3 cc cc cc cc cc cc cc cc cc cc cc cc
0x00007ffa07d2abd9:   cc cc cc cc cc cc cc 48 89 5c 24 10 48 89 74 24
0x00007ffa07d2abe9:   18 57 41 54 41 55 41 56 41 57 48 81 ec b0 02 00
0x00007ffa07d2abf9:   00 48 8b 05 9f c2 28 00 48 33 c4 48 89 84 24 a0
0x00007ffa07d2ac09:   02 00 00 48 8d 15 af 09 1c 00 48 85 c9 48 0f 45
0x00007ffa07d2ac19:   d1 48 89 94 24 80 00 00 00 48 83 c8 ff 48 ff c0
0x00007ffa07d2ac29:   80 3c 02 00 75 f7 48 ff c0 48 89 84 24 88 00 00
0x00007ffa07d2ac39:   00 48 89 94 24 90 00 00 00 4c 8d 8c 24 88 00 00
0x00007ffa07d2ac49:   00 33 d2 b9 06 00 01 40 44 8d 42 02 e8 c6 fe ff
0x00007ffa07d2ac59:   ff e9 f0 01 00 00 33 f6 48 89 74 24 60 45 33 ff
0x00007ffa07d2ac69:   4c 89 7c 24 48 45 33 f6 4c 89 74 24 58 33 ff 48
0x00007ffa07d2ac79:   89 7c 24 50 e8 3e ff ff ff 89 44 24 40 48 39 35 


Stack slot to memory mapping:
stack at sp + 0 slots: 0x0 is NULL
stack at sp + 1 slots: 0x00007ff9e5696df8 _jpype.cp311-win_amd64.pyd
stack at sp + 2 slots: 0x000000fcea1edd80 is pointing into the stack for thread: 0x000002ae224812c0
stack at sp + 3 slots: 0x000000fcea1edd60 is pointing into the stack for thread: 0x000002ae224812c0
stack at sp + 4 slots: 0x00000001e06d7363 is an unknown value
stack at sp + 5 slots: 0x0 is NULL
stack at sp + 6 slots: 0x00007ffa07d2ab89 KERNELBASE.dll
stack at sp + 7 slots: 0x0000000000000004 is an unknown value


---------------  P R O C E S S  ---------------

Threads class SMR info:
_java_thread_list=0x000002ae25094c80, length=14, elements={
0x000002ae224812c0, 0x000002ae22481ce0, 0x000002ae224821f0, 0x000002ae2247db10,
0x000002ae2247f970, 0x000002ae22480390, 0x000002ae243e18e0, 0x000002ae243e6890,
0x000002ae224808a0, 0x000002ae22482c10, 0x000002ae22483120, 0x000002ae243e3370,
0x000002ae243e2380, 0x000002ae2247c6d0
}

Java Threads: ( => current thread )
=>0x000002ae224812c0 JavaThread "main" [_thread_in_native, id=8128, stack(0x000000fcea000000,0x000000fcea1f0000)]
  0x000002ae22481ce0 JavaThread "Reference Handler" daemon [_thread_blocked, id=14308, stack(0x000000fceb550000,0x000000fceb740000)]
  0x000002ae224821f0 JavaThread "Finalizer" daemon [_thread_blocked, id=6936, stack(0x000000fceb740000,0x000000fceb930000)]
  0x000002ae2247db10 JavaThread "Attach Listener" daemon [_thread_blocked, id=13300, stack(0x000000fcebb20000,0x000000fcebd10000)]
  0x000002ae2247f970 JavaThread "Service Thread" daemon [_thread_blocked, id=13136, stack(0x000000fcebd10000,0x000000fcebf00000)]
  0x000002ae22480390 JavaThread "Monitor Deflation Thread" daemon [_thread_blocked, id=9024, stack(0x000000fcebf00000,0x000000fcec0f0000)]
  0x000002ae243e18e0 JavaThread "C2 CompilerThread0" daemon [_thread_blocked, id=8996, stack(0x000000fcec0f0000,0x000000fcec2e0000)]
  0x000002ae243e6890 JavaThread "C1 CompilerThread0" daemon [_thread_blocked, id=10360, stack(0x000000fcec2e0000,0x000000fcec4d0000)]
  0x000002ae224808a0 JavaThread "Sweeper thread" daemon [_thread_blocked, id=11592, stack(0x000000fcec4d0000,0x000000fcec6c0000)]
  0x000002ae22482c10 JavaThread "Notification Thread" daemon [_thread_blocked, id=7696, stack(0x000000fcec6c0000,0x000000fcec8b0000)]
  0x000002ae22483120 JavaThread "Common-Cleaner" daemon [_thread_blocked, id=8568, stack(0x000000fcecaa0000,0x000000fcecc90000)]
  0x000002ae243e3370 JavaThread "C2 CompilerThread1" daemon [_thread_blocked, id=14228, stack(0x000000fced830000,0x000000fceda20000)]
  0x000002ae243e2380 JavaThread "C2 CompilerThread2" daemon [_thread_blocked, id=10124, stack(0x000000fceda20000,0x000000fcedc10000)]
  0x000002ae2247c6d0 JavaThread "SIGINT handler" daemon [_thread_blocked, id=12152, stack(0x000000fcedc10000,0x000000fcede00000)]

Other Threads:
  0x000002ae21048760 VMThread "VM Thread" [stack: 0x000000fceb360000,0x000000fceb550000] [id=6168] _threads_hazard_ptr=0x000002ae25094c80
  0x000002ae210ce4e0 GCTaskThread "GC Thread#0" [stack: 0x000000fcea9b0000,0x000000fceaba0000] [id=14272]
  0x000002ae210ced20 GCTaskThread "GC Thread#1" [stack: 0x000000fcece80000,0x000000fced070000] [id=2908]
  0x000002ae210d1920 GCTaskThread "GC Thread#2" [stack: 0x000000fced070000,0x000000fced260000] [id=9760]
  0x000002ae210ce7a0 GCTaskThread "GC Thread#3" [stack: 0x000000fced260000,0x000000fced450000] [id=10196]
  0x000002ae210cf820 GCTaskThread "GC Thread#4" [stack: 0x000000fced450000,0x000000fced640000] [id=3308]
  0x000002ae210cefe0 GCTaskThread "GC Thread#5" [stack: 0x000000fced640000,0x000000fced830000] [id=1004]
  0x000002ae20a455f0 ConcurrentGCThread "G1 Main Marker" terminated
  0x000002ae210cfda0 ConcurrentGCThread "G1 Conc#0" [stack: 0x000000fcead90000,0x000000fceaf80000] [id=4144]
  0x000002ae243ed8b0 ConcurrentGCThread "G1 Refine#0" terminated
  0x000002ae2498faa0 ConcurrentGCThread "G1 Service" terminated

Threads with active compile tasks:
C2 CompilerThread1      409  800       4       jdk.internal.jimage.ImageReader$Resource::create (17 bytes)
C2 CompilerThread2      409  790       4       jdk.internal.jimage.ImageReader$SharedImageReader::lambda$handleModulesSubTree$1 (43 bytes)

VM state: at safepoint (normal execution)

VM Mutex/Monitor currently owned by a thread:  ([mutex/lock_event])
[0x000002ae245a3980] Threads_lock - owner thread: 0x000002ae21048760
[0x000002ae245a5900] Heap_lock - owner thread: 0x000002ae2247c6d0

Heap address: 0x00000000c0000000, size: 1024 MB, Compressed Oops mode: 32-bit

CDS archive(s) mapped at: [0x000002ae42000000-0x000002ae42bd0000-0x000002ae42bd0000), size 12386304, SharedBaseAddress: 0x000002ae42000000, ArchiveRelocationMode: 1.
Compressed class space mapped at: 0x000002ae43000000-0x000002ae83000000, reserved size: 1073741824
Narrow klass base: 0x000002ae42000000, Narrow klass shift: 0, Narrow klass range: 0x100000000

GC Precious Log:
 CPUs: 8 total, 8 available
 Memory: 16247M
 Large Page Support: Disabled
 NUMA Support: Disabled
 Compressed Oops: Enabled (32-bit)
 Heap Region Size: 1M
 Heap Min Capacity: 8M
 Heap Initial Capacity: 254M
 Heap Max Capacity: 1G
 Pre-touch: Disabled
 Parallel Workers: 8
 Concurrent Workers: 2
 Concurrent Refinement Workers: 8
 Periodic GC: Disabled

Heap:
 garbage-first heap   total 24576K, used 5605K [0x00000000c0000000, 0x0000000100000000)
  region size 1024K, 1 young (1024K), 0 survivors (0K)
 Metaspace       used 2131K, committed 2240K, reserved 1114112K
  class space    used 179K, committed 256K, reserved 1048576K

Heap Regions: E=young(eden), S=young(survivor), O=old, HS=humongous(starts), HC=humongous(continues), CS=collection set, F=free, OA=open archive, CA=closed archive, TAMS=top-at-mark-start (previous, next)
|   0|0x00000000c0000000, 0x00000000c00ffff8, 0x00000000c0100000| 99%| O|  |TAMS 0x00000000c0000000, 0x00000000c0000000| Untracked 
|   1|0x00000000c0100000, 0x00000000c0200000, 0x00000000c0200000|100%| O|  |TAMS 0x00000000c0200000, 0x00000000c0100000| Untracked 
|   2|0x00000000c0200000, 0x00000000c02ffff0, 0x00000000c0300000| 99%| O|  |TAMS 0x00000000c0200000, 0x00000000c0200000| Untracked 
|   3|0x00000000c0300000, 0x00000000c0400000, 0x00000000c0400000|100%| O|  |TAMS 0x00000000c0300000, 0x00000000c0300000| Untracked 
|   4|0x00000000c0400000, 0x00000000c04bc7f8, 0x00000000c0500000| 73%| O|  |TAMS 0x00000000c0400000, 0x00000000c0400000| Untracked 
|   5|0x00000000c0500000, 0x00000000c0500000, 0x00000000c0600000|  0%| F|  |TAMS 0x00000000c0500000, 0x00000000c0500000| Untracked 
|   6|0x00000000c0600000, 0x00000000c0600000, 0x00000000c0700000|  0%| F|  |TAMS 0x00000000c0600000, 0x00000000c0600000| Untracked 
|   7|0x00000000c0700000, 0x00000000c0700000, 0x00000000c0800000|  0%| F|  |TAMS 0x00000000c0700000, 0x00000000c0700000| Untracked 
|   8|0x00000000c0800000, 0x00000000c0800000, 0x00000000c0900000|  0%| F|  |TAMS 0x00000000c0800000, 0x00000000c0800000| Untracked 
|   9|0x00000000c0900000, 0x00000000c095b098, 0x00000000c0a00000| 35%| O|  |TAMS 0x00000000c0900000, 0x00000000c0900000| Untracked 
|  10|0x00000000c0a00000, 0x00000000c0a00000, 0x00000000c0b00000|  0%| F|  |TAMS 0x00000000c0a00000, 0x00000000c0a00000| Untracked 
|  11|0x00000000c0b00000, 0x00000000c0b00000, 0x00000000c0c00000|  0%| F|  |TAMS 0x00000000c0b00000, 0x00000000c0b00000| Untracked 
|  12|0x00000000c0c00000, 0x00000000c0c00000, 0x00000000c0d00000|  0%| F|  |TAMS 0x00000000c0c00000, 0x00000000c0c00000| Untracked 
|  13|0x00000000c0d00000, 0x00000000c0d00000, 0x00000000c0e00000|  0%| F|  |TAMS 0x00000000c0d00000, 0x00000000c0d00000| Untracked 
|  14|0x00000000c0e00000, 0x00000000c0e61bd8, 0x00000000c0f00000| 38%| O|  |TAMS 0x00000000c0e00000, 0x00000000c0e00000| Untracked 
|  15|0x00000000c0f00000, 0x00000000c0f00000, 0x00000000c1000000|  0%| F|  |TAMS 0x00000000c0f00000, 0x00000000c0f00000| Untracked 
|  16|0x00000000c1000000, 0x00000000c1000000, 0x00000000c1100000|  0%| F|  |TAMS 0x00000000c1000000, 0x00000000c1000000| Untracked 
|  17|0x00000000c1100000, 0x00000000c1100000, 0x00000000c1200000|  0%| F|  |TAMS 0x00000000c1100000, 0x00000000c1100000| Untracked 
|  18|0x00000000c1200000, 0x00000000c1200000, 0x00000000c1300000|  0%| F|  |TAMS 0x00000000c1200000, 0x00000000c1200000| Untracked 
|  19|0x00000000c1300000, 0x00000000c1300000, 0x00000000c1400000|  0%| F|  |TAMS 0x00000000c1300000, 0x00000000c1300000| Untracked 
|  20|0x00000000c1400000, 0x00000000c1400000, 0x00000000c1500000|  0%| F|  |TAMS 0x00000000c1400000, 0x00000000c1400000| Untracked 
|  21|0x00000000c1500000, 0x00000000c1500000, 0x00000000c1600000|  0%| F|  |TAMS 0x00000000c1500000, 0x00000000c1500000| Untracked 
|  22|0x00000000c1600000, 0x00000000c1600000, 0x00000000c1700000|  0%| F|  |TAMS 0x00000000c1600000, 0x00000000c1600000| Untracked 
|  23|0x00000000c1700000, 0x00000000c17c6ce0, 0x00000000c1800000| 77%| E|  |TAMS 0x00000000c1700000, 0x00000000c1700000| Complete 

Card table byte_map: [0x000002ae3cb20000,0x000002ae3cd20000] _byte_map_base: 0x000002ae3c520000

Marking Bits (Prev, Next): (CMBitMap*) 0x000002ae210d6750, (CMBitMap*) 0x000002ae210d6790
 Prev Bits: [0x000002ae3cf20000, 0x000002ae3df20000)
 Next Bits: [0x000002ae3df20000, 0x000002ae3ef20000)

Polling page: 0x000002ae25660000

Metaspace:

Usage:
  Non-class:      1.91 MB used.
      Class:    179.41 KB used.
       Both:      2.08 MB used.

Virtual space:
  Non-class space:       64.00 MB reserved,       1.94 MB (  3%) committed,  1 nodes.
      Class space:        1.00 GB reserved,     256.00 KB ( <1%) committed,  1 nodes.
             Both:        1.06 GB reserved,       2.19 MB ( <1%) committed. 

Chunk freelists:
   Non-Class:  11.76 MB
       Class:  15.73 MB
        Both:  27.48 MB

MaxMetaspaceSize: unlimited
CompressedClassSpaceSize: 1.00 GB
Initial GC threshold: 21.00 MB
Current GC threshold: 21.00 MB
CDS: on
MetaspaceReclaimPolicy: balanced
 - commit_granule_bytes: 65536.
 - commit_granule_words: 8192.
 - virtual_space_node_default_size: 8388608.
 - enlarge_chunks_in_place: 1.
 - new_chunks_are_fully_committed: 0.
 - uncommit_free_chunks: 1.
 - use_allocation_guard: 0.
 - handle_deallocations: 1.


Internal statistics:

num_allocs_failed_limit: 0.
num_arena_births: 20.
num_arena_deaths: 0.
num_vsnodes_births: 2.
num_vsnodes_deaths: 0.
num_space_committed: 35.
num_space_uncommitted: 0.
num_chunks_returned_to_freelist: 0.
num_chunks_taken_from_freelist: 39.
num_chunk_merges: 0.
num_chunk_splits: 21.
num_chunks_enlarged: 13.
num_inconsistent_stats: 0.

CodeHeap 'non-profiled nmethods': size=120000Kb used=333Kb max_used=333Kb free=119666Kb
 bounds [0x000002ae34a70000, 0x000002ae34ce0000, 0x000002ae3bfa0000]
CodeHeap 'profiled nmethods': size=120000Kb used=1409Kb max_used=1409Kb free=118590Kb
 bounds [0x000002ae2cfa0000, 0x000002ae2d210000, 0x000002ae344d0000]
CodeHeap 'non-nmethods': size=5760Kb used=1122Kb max_used=1167Kb free=4637Kb
 bounds [0x000002ae344d0000, 0x000002ae34740000, 0x000002ae34a70000]
 total_blobs=1254 nmethods=852 adapters=314
 compilation: enabled
              stopped_count=0, restarted_count=0
 full_count=0

Compilation events (20 events):
Event: 0.263 Thread 0x000002ae243e6890 nmethod 853 0x000002ae2d0ff990 code [0x000002ae2d0ffb20, 0x000002ae2d0ffd38]
Event: 0.263 Thread 0x000002ae243e6890  852       1       jdk.internal.loader.URLClassPath$Loader::getBaseURL (5 bytes)
Event: 0.263 Thread 0x000002ae243e6890 nmethod 852 0x000002ae34ab2790 code [0x000002ae34ab2920, 0x000002ae34ab29f8]
Event: 0.291 Thread 0x000002ae243e3370 nmethod 799 0x000002ae34ab2a90 code [0x000002ae34ab2d20, 0x000002ae34ab59d8]
Event: 0.291 Thread 0x000002ae243e3370  846       4       jdk.internal.jimage.ImageStringsReader::unmaskedHashCode (166 bytes)
Event: 0.293 Thread 0x000002ae243e3370 nmethod 846 0x000002ae34ab7c10 code [0x000002ae34ab7da0, 0x000002ae34ab7f88]
Event: 0.293 Thread 0x000002ae243e3370  848       4       java.nio.DirectIntBufferU::ix (10 bytes)
Event: 0.293 Thread 0x000002ae243e3370 nmethod 848 0x000002ae34ab8190 code [0x000002ae34ab8300, 0x000002ae34ab8378]
Event: 0.293 Thread 0x000002ae243e3370  800       4       jdk.internal.jimage.ImageReader$Resource::create (17 bytes)
Event: 0.318 Thread 0x000002ae243e18e0 nmethod 757 0x000002ae34ab8490 code [0x000002ae34ab8800, 0x000002ae34abd390]
Event: 0.319 Thread 0x000002ae243e18e0  828       4       java.util.stream.Sink$ChainedReference::cancellationRequested (10 bytes)
Event: 0.319 Thread 0x000002ae243e18e0 nmethod 828 0x000002ae34ac1090 code [0x000002ae34ac1220, 0x000002ae34ac1348]
Event: 0.319 Thread 0x000002ae243e18e0  840       4       jdk.internal.jrtfs.JrtPath::getResolvedPath (39 bytes)
Event: 0.332 Thread 0x000002ae243e18e0 nmethod 840 0x000002ae34ac1490 code [0x000002ae34ac16c0, 0x000002ae34ac2760]
Event: 0.332 Thread 0x000002ae243e18e0  823       4       jdk.internal.jrtfs.JrtPath::getFileSystem (5 bytes)
Event: 0.332 Thread 0x000002ae243e18e0 nmethod 823 0x000002ae34ac3090 code [0x000002ae34ac3200, 0x000002ae34ac3278]
Event: 0.332 Thread 0x000002ae243e18e0  678       4       java.lang.StringLatin1::charAt (28 bytes)
Event: 0.332 Thread 0x000002ae243e18e0 nmethod 678 0x000002ae34ac3390 code [0x000002ae34ac3500, 0x000002ae34ac3598]
Event: 0.351 Thread 0x000002ae243e6890  854       3       java.util.HashMap$HashIterator::nextNode (100 bytes)
Event: 0.351 Thread 0x000002ae243e6890 nmethod 854 0x000002ae2d0ffe10 code [0x000002ae2d100000, 0x000002ae2d100538]

GC Heap History (12 events):
Event: 0.127 GC heap before
{Heap before GC invocations=0 (full 0):
 garbage-first heap   total 260096K, used 4096K [0x00000000c0000000, 0x0000000100000000)
  region size 1024K, 6 young (6144K), 0 survivors (0K)
 Metaspace       used 1373K, committed 1472K, reserved 1114112K
  class space    used 121K, committed 192K, reserved 1048576K
}
Event: 0.129 GC heap after
{Heap after GC invocations=1 (full 1):
 garbage-first heap   total 20480K, used 1593K [0x00000000c0000000, 0x0000000100000000)
  region size 1024K, 0 young (0K), 0 survivors (0K)
 Metaspace       used 1373K, committed 1472K, reserved 1114112K
  class space    used 121K, committed 192K, reserved 1048576K
}
Event: 0.212 GC heap before
{Heap before GC invocations=1 (full 1):
 garbage-first heap   total 20480K, used 6713K [0x00000000c0000000, 0x0000000100000000)
  region size 1024K, 5 young (5120K), 0 survivors (0K)
 Metaspace       used 2020K, committed 2176K, reserved 1114112K
  class space    used 173K, committed 256K, reserved 1048576K
}
Event: 0.213 GC heap after
{Heap after GC invocations=2 (full 1):
 garbage-first heap   total 20480K, used 2553K [0x00000000c0000000, 0x0000000100000000)
  region size 1024K, 1 young (1024K), 1 survivors (1024K)
 Metaspace       used 2020K, committed 2176K, reserved 1114112K
  class space    used 173K, committed 256K, reserved 1048576K
}
Event: 0.221 GC heap before
{Heap before GC invocations=2 (full 1):
 garbage-first heap   total 20480K, used 7673K [0x00000000c0000000, 0x0000000100000000)
  region size 1024K, 6 young (6144K), 1 survivors (1024K)
 Metaspace       used 2027K, committed 2176K, reserved 1114112K
  class space    used 173K, committed 256K, reserved 1048576K
}
Event: 0.223 GC heap after
{Heap after GC invocations=3 (full 1):
 garbage-first heap   total 20480K, used 3112K [0x00000000c0000000, 0x0000000100000000)
  region size 1024K, 1 young (1024K), 1 survivors (1024K)
 Metaspace       used 2027K, committed 2176K, reserved 1114112K
  class space    used 173K, committed 256K, reserved 1048576K
}
Event: 0.230 GC heap before
{Heap before GC invocations=3 (full 1):
 garbage-first heap   total 20480K, used 8232K [0x00000000c0000000, 0x0000000100000000)
  region size 1024K, 6 young (6144K), 1 survivors (1024K)
 Metaspace       used 2044K, committed 2176K, reserved 1114112K
  class space    used 173K, committed 256K, reserved 1048576K
}
Event: 0.232 GC heap after
{Heap after GC invocations=4 (full 1):
 garbage-first heap   total 20480K, used 3754K [0x00000000c0000000, 0x0000000100000000)
  region size 1024K, 1 young (1024K), 1 survivors (1024K)
 Metaspace       used 2044K, committed 2176K, reserved 1114112K
  class space    used 173K, committed 256K, reserved 1048576K
}
Event: 0.238 GC heap before
{Heap before GC invocations=4 (full 1):
 garbage-first heap   total 20480K, used 8874K [0x00000000c0000000, 0x0000000100000000)
  region size 1024K, 6 young (6144K), 1 survivors (1024K)
 Metaspace       used 2047K, committed 2176K, reserved 1114112K
  class space    used 173K, committed 256K, reserved 1048576K
}
Event: 0.240 GC heap after
{Heap after GC invocations=5 (full 1):
 garbage-first heap   total 140288K, used 4395K [0x00000000c0000000, 0x0000000100000000)
  region size 1024K, 1 young (1024K), 1 survivors (1024K)
 Metaspace       used 2047K, committed 2176K, reserved 1114112K
  class space    used 173K, committed 256K, reserved 1048576K
}
Event: 0.303 GC heap before
{Heap before GC invocations=5 (full 1):
 garbage-first heap   total 140288K, used 14635K [0x00000000c0000000, 0x0000000100000000)
  region size 1024K, 12 young (12288K), 1 survivors (1024K)
 Metaspace       used 2126K, committed 2240K, reserved 1114112K
  class space    used 177K, committed 256K, reserved 1048576K
}
Event: 0.310 GC heap after
{Heap after GC invocations=6 (full 2):
 garbage-first heap   total 24576K, used 5605K [0x00000000c0000000, 0x0000000100000000)
  region size 1024K, 0 young (0K), 0 survivors (0K)
 Metaspace       used 2126K, committed 2240K, reserved 1114112K
  class space    used 177K, committed 256K, reserved 1048576K
}

Deoptimization events (20 events):
Event: 0.212 Thread 0x000002ae224812c0 DEOPT PACKING pc=0x000002ae2d0958ae sp=0x000000fcea1ec7a0
Event: 0.212 Thread 0x000002ae224812c0 DEOPT UNPACKING pc=0x000002ae34522b43 sp=0x000000fcea1ebc28 mode 0
Event: 0.213 Thread 0x000002ae224812c0 DEOPT PACKING pc=0x000002ae2d0958ae sp=0x000000fcea1ec790
Event: 0.213 Thread 0x000002ae224812c0 DEOPT UNPACKING pc=0x000002ae34522b43 sp=0x000000fcea1ebc18 mode 0
Event: 0.214 Thread 0x000002ae224812c0 DEOPT PACKING pc=0x000002ae2d0958ae sp=0x000000fcea1ec790
Event: 0.214 Thread 0x000002ae224812c0 DEOPT UNPACKING pc=0x000002ae34522b43 sp=0x000000fcea1ebc18 mode 0
Event: 0.214 Thread 0x000002ae224812c0 DEOPT PACKING pc=0x000002ae2d0958ae sp=0x000000fcea1ec8d0
Event: 0.214 Thread 0x000002ae224812c0 DEOPT UNPACKING pc=0x000002ae34522b43 sp=0x000000fcea1ebd58 mode 0
Event: 0.214 Thread 0x000002ae224812c0 DEOPT PACKING pc=0x000002ae2d0958ae sp=0x000000fcea1ec810
Event: 0.214 Thread 0x000002ae224812c0 DEOPT UNPACKING pc=0x000002ae34522b43 sp=0x000000fcea1ebc98 mode 0
Event: 0.215 Thread 0x000002ae224812c0 DEOPT PACKING pc=0x000002ae2d0958ae sp=0x000000fcea1ec7b0
Event: 0.215 Thread 0x000002ae224812c0 DEOPT UNPACKING pc=0x000002ae34522b43 sp=0x000000fcea1ebc38 mode 0
Event: 0.215 Thread 0x000002ae224812c0 DEOPT PACKING pc=0x000002ae2d0958ae sp=0x000000fcea1ec830
Event: 0.215 Thread 0x000002ae224812c0 DEOPT UNPACKING pc=0x000002ae34522b43 sp=0x000000fcea1ebcb8 mode 0
Event: 0.216 Thread 0x000002ae224812c0 DEOPT PACKING pc=0x000002ae2d0958ae sp=0x000000fcea1ec8f0
Event: 0.216 Thread 0x000002ae224812c0 DEOPT UNPACKING pc=0x000002ae34522b43 sp=0x000000fcea1ebd78 mode 0
Event: 0.261 Thread 0x000002ae224812c0 Uncommon trap: trap_request=0xffffff45 fr.pc=0x000002ae34a82240 relative=0x0000000000000040
Event: 0.261 Thread 0x000002ae224812c0 Uncommon trap: reason=unstable_if action=reinterpret pc=0x000002ae34a82240 method=sun.nio.fs.WindowsPathParser.isSlash(C)Z @ 9 c2
Event: 0.261 Thread 0x000002ae224812c0 DEOPT PACKING pc=0x000002ae34a82240 sp=0x000000fcea1edaa0
Event: 0.261 Thread 0x000002ae224812c0 DEOPT UNPACKING pc=0x000002ae345223a3 sp=0x000000fcea1eda28 mode 2

Classes unloaded (0 events):
No events

Classes redefined (0 events):
No events

Internal exceptions (6 events):
Event: 0.052 Thread 0x000002ae224812c0 Exception <a 'java/lang/NoClassDefFoundError'{0x00000000cfb78cb0}: org/jpype/classloader/DynamicClassLoader> (0x00000000cfb78cb0) 
thrown [s\open\src\hotspot\share\classfile\systemDictionary.cpp, line 245]
Event: 0.081 Thread 0x000002ae224812c0 Exception <a 'sun/nio/fs/WindowsException'{0x00000000cfa82de8}> (0x00000000cfa82de8) 
thrown [s\open\src\hotspot\share\prims\jni.cpp, line 516]
Event: 0.082 Thread 0x000002ae224812c0 Exception <a 'sun/nio/fs/WindowsException'{0x00000000cfa83620}> (0x00000000cfa83620) 
thrown [s\open\src\hotspot\share\prims\jni.cpp, line 516]
Event: 0.102 Thread 0x000002ae224812c0 Exception <a 'java/lang/NoSuchMethodError'{0x00000000cf904088}: 'java.lang.Object java.lang.invoke.DirectMethodHandle$Holder.invokeInterface(java.lang.Object, java.lang.Object)'> (0x00000000cf904088) 
thrown [s\open\src\hotspot\share\interpreter\linkResolver.cpp, line 759]
Event: 0.103 Thread 0x000002ae224812c0 Exception <a 'java/lang/IncompatibleClassChangeError'{0x00000000cf907748}: Found class java.lang.Object, but interface was expected> (0x00000000cf907748) 
thrown [s\open\src\hotspot\share\interpreter\linkResolver.cpp, line 826]
Event: 0.193 Thread 0x000002ae224812c0 Exception <a 'java/lang/NoSuchMethodError'{0x00000000c110d1e8}: 'java.lang.Object java.lang.invoke.DirectMethodHandle$Holder.invokeStaticInit(java.lang.Object)'> (0x00000000c110d1e8) 
thrown [s\open\src\hotspot\share\interpreter\linkResolver.cpp, line 759]

VM Operations (20 events):
Event: 0.054 Executing VM operation: HandshakeAllThreads done
Event: 0.126 Executing VM operation: G1CollectFull
Event: 0.129 Executing VM operation: G1CollectFull done
Event: 0.189 Executing VM operation: HandshakeAllThreads
Event: 0.189 Executing VM operation: HandshakeAllThreads done
Event: 0.191 Executing VM operation: HandshakeAllThreads
Event: 0.191 Executing VM operation: HandshakeAllThreads done
Event: 0.212 Executing VM operation: G1CollectForAllocation
Event: 0.213 Executing VM operation: G1CollectForAllocation done
Event: 0.221 Executing VM operation: G1CollectForAllocation
Event: 0.223 Executing VM operation: G1CollectForAllocation done
Event: 0.230 Executing VM operation: G1CollectForAllocation
Event: 0.232 Executing VM operation: G1CollectForAllocation done
Event: 0.238 Executing VM operation: G1CollectForAllocation
Event: 0.240 Executing VM operation: G1CollectForAllocation done
Event: 0.303 Executing VM operation: G1CollectFull
Event: 0.310 Executing VM operation: G1CollectFull done
Event: 0.345 Executing VM operation: ThreadDump
Event: 0.345 Executing VM operation: ThreadDump done
Event: 0.351 Executing VM operation: Exit

Events (20 events):
Event: 0.203 Thread 0x000002ae243e2380 Thread added: 0x000002ae243e2380
Event: 0.260 loading class java/net/URLClassLoader$3
Event: 0.261 loading class java/net/URLClassLoader$3 done
Event: 0.261 loading class jdk/internal/loader/URLClassPath$FileLoader$1
Event: 0.261 loading class jdk/internal/loader/URLClassPath$FileLoader$1 done
Event: 0.261 loading class java/net/URLClassLoader$3$1
Event: 0.261 loading class java/net/URLClassLoader$3$1 done
Event: 0.261 loading class sun/nio/fs/WindowsDirectoryStream$WindowsDirectoryIterator
Event: 0.262 loading class sun/nio/fs/WindowsDirectoryStream$WindowsDirectoryIterator done
Event: 0.262 loading class sun/nio/fs/WindowsPath$WindowsPathWithAttributes
Event: 0.262 loading class sun/nio/fs/BasicFileAttributesHolder
Event: 0.262 loading class sun/nio/fs/BasicFileAttributesHolder done
Event: 0.262 loading class sun/nio/fs/WindowsPath$WindowsPathWithAttributes done
Event: 0.335 loading class jdk/internal/misc/Signal$1
Event: 0.335 loading class jdk/internal/misc/Signal$1 done
Event: 0.335 Thread 0x000002ae2247c6d0 Thread added: 0x000002ae2247c6d0
Event: 0.335 Thread 0x000002ae22484560 Thread added: 0x000002ae22484560
Event: 0.351 Thread 0x000002ae22483630 Thread exited: 0x000002ae22483630
Event: 0.351 Thread 0x000002ae22484560 Thread exited: 0x000002ae22484560
Event: 0.351 Thread 0x000002ae2247f460 Thread exited: 0x000002ae2247f460


Dynamic libraries:
0x00007ff633870000 - 0x00007ff63388b000 	C:\Users\smhrd\anaconda3\python.exe
0x00007ffa0a070000 - 0x00007ffa0a268000 	C:\Windows\SYSTEM32\ntdll.dll
0x00007ffa08870000 - 0x00007ffa0892d000 	C:\Windows\System32\KERNEL32.DLL
0x00007ffa07d00000 - 0x00007ffa07ff6000 	C:\Windows\System32\KERNELBASE.dll
0x00007ffa07c00000 - 0x00007ffa07d00000 	C:\Windows\System32\ucrtbase.dll
0x00007ff9dcf50000 - 0x00007ff9dd558000 	C:\Users\smhrd\anaconda3\python311.dll
0x00007ffa02130000 - 0x00007ffa02149000 	C:\Users\smhrd\anaconda3\VCRUNTIME140.dll
0x00007ffa09fc0000 - 0x00007ffa0a02b000 	C:\Windows\System32\WS2_32.dll
0x00007ffa09aa0000 - 0x00007ffa09bc3000 	C:\Windows\System32\RPCRT4.dll
0x00007ffa01360000 - 0x00007ffa0136a000 	C:\Windows\SYSTEM32\VERSION.dll
0x00007ffa078e0000 - 0x00007ffa07907000 	C:\Windows\System32\bcrypt.dll
0x00007ffa08b30000 - 0x00007ffa08bce000 	C:\Windows\System32\msvcrt.dll
0x00007ffa095e0000 - 0x00007ffa09690000 	C:\Windows\System32\ADVAPI32.dll
0x00007ffa09f20000 - 0x00007ffa09fc0000 	C:\Windows\System32\sechost.dll
0x00007ffa02110000 - 0x00007ffa0212a000 	C:\Users\smhrd\anaconda3\zlib.dll
0x00007ffa07850000 - 0x00007ffa078d2000 	C:\Windows\System32\bcryptprimitives.dll
0x000002ae1d930000 - 0x000002ae1d93f000 	C:\Users\smhrd\anaconda3\python3.DLL
0x00007ffa020f0000 - 0x00007ffa02106000 	C:\Users\smhrd\anaconda3\DLLs\_socket.pyd
0x00007ffa06ac0000 - 0x00007ffa06afb000 	C:\Windows\SYSTEM32\IPHLPAPI.DLL
0x00007ffa02c60000 - 0x00007ffa02c69000 	C:\Users\smhrd\anaconda3\DLLs\select.pyd
0x00007ffa002b0000 - 0x00007ffa002dd000 	C:\Users\smhrd\anaconda3\DLLs\_ssl.pyd
0x00007ffa07910000 - 0x00007ffa07a6e000 	C:\Windows\System32\CRYPT32.dll
0x00007ff9dca40000 - 0x00007ff9dcf42000 	C:\Users\smhrd\anaconda3\Library\bin\libcrypto-3-x64.dll
0x00007ffa09d80000 - 0x00007ffa09f1f000 	C:\Windows\System32\USER32.dll
0x00007ffa07770000 - 0x00007ffa07792000 	C:\Windows\System32\win32u.dll
0x00007ff9f0050000 - 0x00007ff9f0112000 	C:\Users\smhrd\anaconda3\Library\bin\libssl-3-x64.dll
0x00007ffa09150000 - 0x00007ffa0917b000 	C:\Windows\System32\GDI32.dll
0x00007ffa07a70000 - 0x00007ffa07b87000 	C:\Windows\System32\gdi32full.dll
0x00007ffa08000000 - 0x00007ffa0809d000 	C:\Windows\System32\msvcp_win.dll
0x00007ffa08830000 - 0x00007ffa08862000 	C:\Windows\System32\IMM32.DLL
0x00007ffa02090000 - 0x00007ffa020a1000 	C:\Users\smhrd\anaconda3\DLLs\_asyncio.pyd
0x00007ffa020e0000 - 0x00007ffa020ee000 	C:\Users\smhrd\anaconda3\DLLs\_overlapped.pyd
0x00007ffa06de0000 - 0x00007ffa06e4a000 	C:\Windows\system32\mswsock.dll
0x00007ffa02050000 - 0x00007ffa0205a000 	C:\Users\smhrd\anaconda3\DLLs\_bz2.pyd
0x00007ff9ff7c0000 - 0x00007ff9ff7f2000 	C:\Users\smhrd\anaconda3\Library\bin\LIBBZ2.dll
0x00007ffa01310000 - 0x00007ffa0131d000 	C:\Users\smhrd\anaconda3\DLLs\_lzma.pyd
0x00007ff9f6420000 - 0x00007ff9f6452000 	C:\Users\smhrd\anaconda3\Library\bin\liblzma.dll
0x00007ffa00940000 - 0x00007ffa00949000 	C:\Users\smhrd\anaconda3\DLLs\_queue.pyd
0x00007ffa00080000 - 0x00007ffa000a0000 	C:\Users\smhrd\anaconda3\DLLs\_ctypes.pyd
0x00007ffa094b0000 - 0x00007ffa095db000 	C:\Windows\System32\ole32.dll
0x00007ffa09690000 - 0x00007ffa099e3000 	C:\Windows\System32\combase.dll
0x00007ffa09330000 - 0x00007ffa093fd000 	C:\Windows\System32\OLEAUT32.dll
0x00007ffa00930000 - 0x00007ffa0093c000 	C:\Users\smhrd\anaconda3\Library\bin\ffi.dll
0x00007ffa080c0000 - 0x00007ffa0882b000 	C:\Windows\System32\shell32.DLL
0x00007ffa003f0000 - 0x00007ffa003f9000 	C:\Users\smhrd\anaconda3\DLLs\_multiprocessing.pyd
0x00007ff9e3b60000 - 0x00007ff9e3c00000 	C:\Users\smhrd\anaconda3\Lib\site-packages\watchfiles\_rust_notify.cp311-win_amd64.pyd
0x00007ffa06ff0000 - 0x00007ffa06ffc000 	C:\Windows\SYSTEM32\CRYPTBASE.DLL
0x00007ffa00070000 - 0x00007ffa00080000 	C:\Users\smhrd\anaconda3\DLLs\_hashlib.pyd
0x00007ffa00010000 - 0x00007ffa00029000 	C:\Users\smhrd\anaconda3\Lib\site-packages\httptools\parser\parser.cp311-win_amd64.pyd
0x00007ff9ff7b0000 - 0x00007ff9ff7be000 	C:\Users\smhrd\anaconda3\Lib\site-packages\httptools\parser\url_parser.cp311-win_amd64.pyd
0x00007ff9ff7a0000 - 0x00007ff9ff7a8000 	C:\Users\smhrd\anaconda3\Lib\site-packages\websockets\speedups.cp311-win_amd64.pyd
0x00007ff9ff6a0000 - 0x00007ff9ff6a7000 	C:\Users\smhrd\anaconda3\DLLs\_uuid.pyd
0x00007ff9dc550000 - 0x00007ff9dca3b000 	C:\Users\smhrd\anaconda3\Lib\site-packages\pydantic_core\_pydantic_core.cp311-win_amd64.pyd
0x00007ff9f63d0000 - 0x00007ff9f6413000 	C:\Users\smhrd\anaconda3\DLLs\_decimal.pyd
0x00007ff9e3a40000 - 0x00007ff9e3b58000 	C:\Users\smhrd\anaconda3\DLLs\unicodedata.pyd
0x00007ff9fec90000 - 0x00007ff9feca4000 	C:\Users\smhrd\anaconda3\Lib\site-packages\ujson.cp311-win_amd64.pyd
0x00007ff9f1550000 - 0x00007ff9f15a9000 	C:\Users\smhrd\anaconda3\Lib\site-packages\orjson\orjson.cp311-win_amd64.pyd
0x00007ff9fec80000 - 0x00007ff9fec8d000 	C:\Users\smhrd\anaconda3\DLLs\_zoneinfo.pyd
0x00007ff9e3980000 - 0x00007ff9e3a32000 	C:\Users\smhrd\anaconda3\Lib\site-packages\brotli\_brotli.pyd
0x00007ff9f11a0000 - 0x00007ff9f11cf000 	C:\Users\smhrd\anaconda3\Lib\site-packages\_cffi_backend.cp311-win_amd64.pyd
0x00007ff9e3100000 - 0x00007ff9e3181000 	C:\Users\smhrd\anaconda3\Lib\site-packages\zstandard\backend_c.cp311-win_amd64.pyd
0x00007ff9e3050000 - 0x00007ff9e30f3000 	C:\Users\smhrd\anaconda3\Lib\site-packages\regex\_regex.cp311-win_amd64.pyd
0x00007ff9e18c0000 - 0x00007ff9e1aca000 	C:\Users\smhrd\anaconda3\Lib\site-packages\tiktoken\_tiktoken.cp311-win_amd64.pyd
0x00007ff9fe950000 - 0x00007ff9fe957000 	C:\Users\smhrd\anaconda3\Lib\site-packages\tornado\speedups.pyd
0x00007ff9f1200000 - 0x00007ff9f1214000 	C:\Users\smhrd\anaconda3\Lib\site-packages\psutil\_psutil_windows.cp311-win_amd64.pyd
0x00007ffa08bd0000 - 0x00007ffa08bd8000 	C:\Windows\System32\PSAPI.DLL
0x00007ffa071a0000 - 0x00007ffa071eb000 	C:\Windows\SYSTEM32\POWRPROF.dll
0x00007ff9f80b0000 - 0x00007ff9f80f9000 	C:\Windows\SYSTEM32\pdh.dll
0x00007ffa07180000 - 0x00007ffa07192000 	C:\Windows\SYSTEM32\UMPDC.dll
0x00007ffa02e10000 - 0x00007ffa02e24000 	C:\Windows\SYSTEM32\wtsapi32.dll
0x00007ff9f0ef0000 - 0x00007ff9f0f1a000 	C:\Users\smhrd\anaconda3\Lib\site-packages\yaml\_yaml.cp311-win_amd64.pyd
0x00007ff9f0ed0000 - 0x00007ff9f0eee000 	C:\Users\smhrd\anaconda3\Library\bin\yaml.dll
0x00007ff9f0020000 - 0x00007ff9f0043000 	C:\Users\smhrd\anaconda3\DLLs\_elementtree.pyd
0x00007ff9efc50000 - 0x00007ff9efc82000 	C:\Users\smhrd\anaconda3\DLLs\pyexpat.pyd
0x00007ff9e5630000 - 0x00007ff9e56a4000 	C:\Users\smhrd\anaconda3\Lib\site-packages\_jpype.cp311-win_amd64.pyd
0x00007ff9fe940000 - 0x00007ff9fe94c000 	C:\Users\smhrd\anaconda3\VCRUNTIME140_1.dll
0x00007ff9e2fb0000 - 0x00007ff9e3041000 	C:\Users\smhrd\anaconda3\MSVCP140.dll
0x00007ff9f6000000 - 0x00007ff9f6007000 	C:\Users\smhrd\anaconda3\Lib\site-packages\mkl\_mklinit.cp311-win_amd64.pyd
0x00007ff9da5f0000 - 0x00007ff9dc54c000 	C:\Users\smhrd\anaconda3\Library\bin\mkl_rt.2.dll
0x00007ff9f0000000 - 0x00007ff9f001a000 	C:\Users\smhrd\anaconda3\Lib\site-packages\mkl\_py_mkl_service.cp311-win_amd64.pyd
0x00007ff9da280000 - 0x00007ff9da5e6000 	C:\Users\smhrd\anaconda3\Lib\site-packages\numpy\core\_multiarray_umath.cp311-win_amd64.pyd
0x00007ff9ef120000 - 0x00007ff9ef141000 	C:\Users\smhrd\anaconda3\Lib\site-packages\numpy\core\_multiarray_tests.cp311-win_amd64.pyd
0x00007ff9eebf0000 - 0x00007ff9eec1e000 	C:\Users\smhrd\anaconda3\Lib\site-packages\numpy\linalg\_umath_linalg.cp311-win_amd64.pyd
0x00007ff9eead0000 - 0x00007ff9eeaf1000 	C:\Users\smhrd\anaconda3\Lib\site-packages\numpy\fft\_pocketfft_internal.cp311-win_amd64.pyd
0x00007ff9e2f10000 - 0x00007ff9e2fa6000 	C:\Users\smhrd\anaconda3\Lib\site-packages\numpy\random\mtrand.cp311-win_amd64.pyd
0x00007ff9ee680000 - 0x00007ff9ee6ab000 	C:\Users\smhrd\anaconda3\Lib\site-packages\numpy\random\bit_generator.cp311-win_amd64.pyd
0x00007ff9ee340000 - 0x00007ff9ee370000 	C:\Users\smhrd\anaconda3\Lib\site-packages\numpy\random\_common.cp311-win_amd64.pyd
0x00007ff9ee300000 - 0x00007ff9ee33f000 	C:\Users\smhrd\anaconda3\Lib\site-packages\numpy\random\_bounded_integers.cp311-win_amd64.pyd
0x00007ff9effa0000 - 0x00007ff9effb7000 	C:\Users\smhrd\anaconda3\Lib\site-packages\numpy\random\_mt19937.cp311-win_amd64.pyd
0x00007ff9efc30000 - 0x00007ff9efc46000 	C:\Users\smhrd\anaconda3\Lib\site-packages\numpy\random\_philox.cp311-win_amd64.pyd
0x00007ff9efb10000 - 0x00007ff9efb29000 	C:\Users\smhrd\anaconda3\Lib\site-packages\numpy\random\_pcg64.cp311-win_amd64.pyd
0x00007ff9ef100000 - 0x00007ff9ef112000 	C:\Users\smhrd\anaconda3\Lib\site-packages\numpy\random\_sfc64.cp311-win_amd64.pyd
0x00007ff9e2200000 - 0x00007ff9e22ae000 	C:\Users\smhrd\anaconda3\Lib\site-packages\numpy\random\_generator.cp311-win_amd64.pyd
0x00007ff9d5270000 - 0x00007ff9d8699000 	C:\Users\smhrd\anaconda3\Library\bin\mkl_intel_thread.2.dll
0x00007ff971440000 - 0x00007ff975f33000 	C:\Users\smhrd\anaconda3\Library\bin\mkl_core.2.dll
0x00007ff96eab0000 - 0x00007ff97143a000 	C:\Users\smhrd\anaconda3\Library\bin\mkl_avx2.2.dll
0x00007ff9d4380000 - 0x00007ff9d5263000 	C:\Users\smhrd\anaconda3\Library\bin\mkl_vml_avx2.2.dll
0x00007ff9ad490000 - 0x00007ff9ae06f000 	C:\Program Files\Java\jdk-17\bin\server\jvm.dll
0x00007ff9f5a70000 - 0x00007ff9f5a79000 	C:\Windows\SYSTEM32\WSOCK32.dll
0x00007ff9f8a20000 - 0x00007ff9f8a47000 	C:\Windows\SYSTEM32\WINMM.dll
0x00007ff9ff690000 - 0x00007ff9ff69a000 	C:\Program Files\Java\jdk-17\bin\jimage.dll
0x00007ffa05300000 - 0x00007ffa054e4000 	C:\Windows\SYSTEM32\DBGHELP.DLL
0x00007ffa01050000 - 0x00007ffa01084000 	C:\Windows\SYSTEM32\dbgcore.DLL
0x00007ff9efc00000 - 0x00007ff9efc25000 	C:\Program Files\Java\jdk-17\bin\java.dll
0x00007ffa05f90000 - 0x00007ffa05fa2000 	C:\Windows\SYSTEM32\kernel.appcore.dll
0x00007ff9ea970000 - 0x00007ff9eaa47000 	C:\Program Files\Java\jdk-17\bin\jsvml.dll
0x00007ffa05760000 - 0x00007ffa05efe000 	C:\Windows\SYSTEM32\windows.storage.dll
0x00007ffa070e0000 - 0x00007ffa0710e000 	C:\Windows\SYSTEM32\Wldp.dll
0x00007ffa09400000 - 0x00007ffa094ad000 	C:\Windows\System32\SHCORE.dll
0x00007ffa08990000 - 0x00007ffa089e5000 	C:\Windows\System32\shlwapi.dll
0x00007ffa07650000 - 0x00007ffa07673000 	C:\Windows\SYSTEM32\profapi.dll
0x00007ff9f6f90000 - 0x00007ff9f6fa9000 	C:\Program Files\Java\jdk-17\bin\net.dll
0x00007ffa00e90000 - 0x00007ffa00f9a000 	C:\Windows\SYSTEM32\WINHTTP.dll
0x00007ff9efbe0000 - 0x00007ff9efbf6000 	C:\Program Files\Java\jdk-17\bin\nio.dll
0x00007ff9efbc0000 - 0x00007ff9efbd8000 	C:\Program Files\Java\jdk-17\bin\zip.dll

dbghelp: loaded successfully - version: 4.0.5 - missing functions: none
symbol engine: initialized successfully - sym options: 0x614 - pdb path: .;C:\Users\smhrd\anaconda3;C:\Windows\SYSTEM32;C:\Users\smhrd\anaconda3\DLLs;C:\Users\smhrd\anaconda3\Library\bin;C:\Users\smhrd\anaconda3\Lib\site-packages\watchfiles;C:\Users\smhrd\anaconda3\Lib\site-packages\httptools\parser;C:\Users\smhrd\anaconda3\Lib\site-packages\websockets;C:\Users\smhrd\anaconda3\Lib\site-packages\pydantic_core;C:\Users\smhrd\anaconda3\Lib\site-packages;C:\Users\smhrd\anaconda3\Lib\site-packages\orjson;C:\Users\smhrd\anaconda3\Lib\site-packages\brotli;C:\Users\smhrd\anaconda3\Lib\site-packages\zstandard;C:\Users\smhrd\anaconda3\Lib\site-packages\regex;C:\Users\smhrd\anaconda3\Lib\site-packages\tiktoken;C:\Users\smhrd\anaconda3\Lib\site-packages\tornado;C:\Users\smhrd\anaconda3\Lib\site-packages\psutil;C:\Users\smhrd\anaconda3\Lib\site-packages\yaml;C:\Users\smhrd\anaconda3\Lib\site-packages\mkl;C:\Users\smhrd\anaconda3\Lib\site-packages\numpy\core;C:\Users\smhrd\anaconda3\Lib\site-packages\numpy\linalg;C:\Users\smhrd\anaconda3\Lib\site-packages\numpy\fft;C:\Users\smhrd\anaconda3\Lib\site-packages\numpy\random;C:\Program Files\Java\jdk-17\bin\server;C:\Program Files\Java\jdk-17\bin

VM Arguments:
jvm_args: -Dfile.encoding=UTF8 -ea -Xmx1024m 
java_command: <unknown>
java_class_path (initial): C:\Users\smhrd\anaconda3\Lib\site-packages\konlpy\java;C:\Users\smhrd\anaconda3\Lib\site-packages\konlpy\java\bin;C:\Users\smhrd\anaconda3\Lib\site-packages\konlpy\java\aho-corasick.jar;C:\Users\smhrd\anaconda3\Lib\site-packages\konlpy\java\jhannanum-0.8.4.jar;C:\Users\smhrd\anaconda3\Lib\site-packages\konlpy\java\kkma-2.0.jar;C:\Users\smhrd\anaconda3\Lib\site-packages\konlpy\java\komoran-3.0.jar;C:\Users\smhrd\anaconda3\Lib\site-packages\konlpy\java\open-korean-text-2.1.0.jar;C:\Users\smhrd\anaconda3\Lib\site-packages\konlpy\java\scala-library-2.12.3.jar;C:\Users\smhrd\anaconda3\Lib\site-packages\konlpy\java\shineware-common-1.0.jar;C:\Users\smhrd\anaconda3\Lib\site-packages\konlpy\java\shineware-ds-1.0.jar;C:\Users\smhrd\anaconda3\Lib\site-packages\konlpy\java\snakeyaml-1.12.jar;C:\Users\smhrd\anaconda3\Lib\site-packages\konlpy\java\twitter-text-1.14.7.jar;C:\Users\smhrd\anaconda3\Lib\site-packages\konlpy\java\jhannanum-0.8.4.jar;C:\Users\smhrd\anaconda3\Lib\site-packages\konlpy\java\kkma-2.0.jar;C:\Users\smhrd\anaconda3\Lib\site-packages\konlpy\java\aho-corasick.jar;C:\Users\smhrd\anaconda3\Lib\site-packages\konlpy\java\shineware-common-1.0.jar;C:\Users\smhrd\anaconda3\Lib\site-packages\konlpy\java\shineware-ds-1.0.jar;C:\Users\smhrd\anaconda3\Lib\site-packages\konlpy\java\komoran-3.0.jar;C:\Users\smhrd\anaconda3\Lib\site-packages\konlpy\java\snakeyaml-1.12.jar;C:\Users\smhrd\anaconda3\Lib\site-packages\konlpy\java\scala-library-2.12.3.jar;C:\Users\smhrd\anaconda3\Lib\site-packages\konlpy\java\open-korean-text-2.1.0.jar;C:\Users\smhrd\anaconda3\Lib\site-packages\konlpy\java\twitter-text-1.14.7.jar;C:\Users\smhrd\anaconda3\Lib\site-packages\konlpy\java\aho-corasick.jar;C:\Users\smhrd\anaconda3\Lib\site-packages\konlpy\java\jhannanum-0.8.4.jar;C:\Users\smhrd\anaconda3\Lib\site-packages\konlpy\java\kkma-2.0.jar;C:\Users\smhrd\anaconda3\Lib\site-packages\konlpy\java\komoran-3.0.jar;C:\Users\smhrd\anaconda3\Lib\site-packages\konlpy\java\op
Launcher Type: generic

[Global flags]
     intx CICompilerCount                          = 4                                         {product} {ergonomic}
     uint ConcGCThreads                            = 2                                         {product} {ergonomic}
     uint G1ConcRefinementThreads                  = 8                                         {product} {ergonomic}
   size_t G1HeapRegionSize                         = 1048576                                   {product} {ergonomic}
    uintx GCDrainStackTargetSize                   = 64                                        {product} {ergonomic}
   size_t InitialHeapSize                          = 266338304                                 {product} {ergonomic}
   size_t MarkStackSize                            = 4194304                                   {product} {ergonomic}
   size_t MaxHeapSize                              = 1073741824                                {product} {command line}
   size_t MaxNewSize                               = 643825664                                 {product} {ergonomic}
   size_t MinHeapDeltaBytes                        = 1048576                                   {product} {ergonomic}
   size_t MinHeapSize                              = 8388608                                   {product} {ergonomic}
    uintx NonNMethodCodeHeapSize                   = 5839372                                {pd product} {ergonomic}
    uintx NonProfiledCodeHeapSize                  = 122909434                              {pd product} {ergonomic}
    uintx ProfiledCodeHeapSize                     = 122909434                              {pd product} {ergonomic}
    uintx ReservedCodeCacheSize                    = 251658240                              {pd product} {ergonomic}
     bool SegmentedCodeCache                       = true                                      {product} {ergonomic}
   size_t SoftMaxHeapSize                          = 1073741824                             {manageable} {ergonomic}
     bool UseCompressedClassPointers               = true                           {product lp64_product} {ergonomic}
     bool UseCompressedOops                        = true                           {product lp64_product} {ergonomic}
     bool UseG1GC                                  = true                                      {product} {ergonomic}
     bool UseLargePagesIndividualAllocation        = false                                  {pd product} {ergonomic}

Logging:
Log output configuration:
 #0: stdout all=warning uptime,level,tags
 #1: stderr all=off uptime,level,tags

Environment Variables:
JAVA_HOME=C:\Program Files\Java\jdk-17
CLASSPATH=C:\Program Files\Java\jdk-17lib
PATH=C:\Users\smhrd\anaconda3;C:\Users\smhrd\anaconda3\Library\mingw-w64\bin;C:\Users\smhrd\anaconda3\Library\usr\bin;C:\Users\smhrd\anaconda3\Library\bin;C:\Users\smhrd\anaconda3\Scripts;C:\Users\smhrd\anaconda3\bin;C:\Users\smhrd\anaconda3\condabin;C:\Program Files\Java\jdk-17\bin;C:\Python312\Scripts;C:\Python312;C:\Program Files\Common Files\Oracle\Java\javapath;C:\oraclexe\app\oracle\product\11.2.0\server\bin;C:\Windows\system32;C:\Windows;C:\Windows\System32\Wbem;C:\Windows\System32\WindowsPowerShell\v1.0;C:\Windows\System32\OpenSSH;C:\Program Files\Git\cmd;C:\Program Files\Graphviz\bin\dot.exe;C:\Program Files\Bandizip;C:\Program Files\nodejs;C:\ProgramData\chocolatey\bin;C:\Users\smhrd\AppData\Local\Microsoft\WindowsApps;C:\Users\smhrd\AppData\Local\Programs\Microsoft VS Code\bin;C:\Program Files\Graphviz\bin;C:\Users\smhrd\AppData\Roaming\npm
USERNAME=smhrd
OS=Windows_NT
PROCESSOR_IDENTIFIER=Intel64 Family 6 Model 158 Stepping 13, GenuineIntel



---------------  S Y S T E M  ---------------

OS:
 Windows 10 , 64 bit Build 19041 (10.0.19041.3636)
OS uptime: 0 days 16:28 hours

CPU: total 8 (initial active 8) (8 cores per cpu, 1 threads per core) family 6 model 158 stepping 13 microcode 0xb8, cx8, cmov, fxsr, mmx, 3dnowpref, sse, sse2, sse3, ssse3, sse4.1, sse4.2, popcnt, lzcnt, tsc, tscinvbit, avx, avx2, aes, erms, clmul, bmi1, bmi2, rtm, adx, fma, vzeroupper, clflush, clflushopt

Memory: 4k page, system-wide physical 16247M (8125M free)
TotalPageFile size 19447M (AvailPageFile size 7760M)
current process WorkingSet (physical memory assigned to process): 202M, peak: 206M
current process commit charge ("private bytes"): 356M, peak: 461M

vm_info: Java HotSpot(TM) 64-Bit Server VM (17.0.10+11-LTS-240) for windows-amd64 JRE (17.0.10+11-LTS-240), built on Dec 19 2023 21:47:25 by "mach5one" with MS VC++ 17.1 (VS2022)

END.
