#
# A fatal error has been detected by the Java Runtime Environment:
#
#  EXCEPTION_UNCAUGHT_CXX_EXCEPTION (0xe06d7363) at pc=0x00007ffe9a9bcf19, pid=22332, tid=11836
#
# JRE version: Java(TM) SE Runtime Environment (17.0.9+11) (build 17.0.9+11-LTS-201)
# Java VM: Java HotSpot(TM) 64-Bit Server VM (17.0.9+11-LTS-201, mixed mode, sharing, tiered, compressed oops, compressed class ptrs, g1 gc, windows-amd64)
# Problematic frame:
# C  [KERNELBASE.dll+0x2cf19]
#
# No core dump will be written. Minidumps are not enabled by default on client versions of Windows
#
# If you would like to submit a bug report, please visit:
#   https://bugreport.java.com/bugreport/crash.jsp
# The crash happened outside the Java Virtual Machine in native code.
# See problematic frame for where to report the bug.
#

---------------  S U M M A R Y ------------

Command Line: -Dfile.encoding=UTF8 -ea -Xmx1024m 

Host: Intel(R) Core(TM) i7-9700 CPU @ 3.00GHz, 8 cores, 15G,  Windows 10 , 64 bit Build 19041 (10.0.19041.3636)
Time: Mon Apr  8 17:21:36 2024 대한민국 표준시 elapsed time: 0.215564 seconds (0d 0h 0m 0s)

---------------  T H R E A D  ---------------

Current thread (0x000001ff87f50a70):  JavaThread "main" [_thread_in_native, id=11836, stack(0x000000951a600000,0x000000951a7f0000)]

Stack: [0x000000951a600000,0x000000951a7f0000],  sp=0x000000951a7e9f90,  free space=1959k
Native frames: (J=compiled Java code, j=interpreted, Vv=VM code, C=native code)
C  [KERNELBASE.dll+0x2cf19]
C  [VCRUNTIME140_1.dll+0x27b3]
C  [ntdll.dll+0xa1716]
C  [_jpype.cp312-win_amd64.pyd+0x3cc95]
C  [_jpype.cp312-win_amd64.pyd+0x3d5e2]
C  [_jpype.cp312-win_amd64.pyd+0x2c35b]
C  0x000001ffa7d6d621

Java frames: (J=compiled Java code, j=interpreted, Vv=VM code)
j  org.jpype.manager.TypeFactoryNative.newWrapper(JJ)V+0
j  org.jpype.JPypeContext.newWrapper(J)V+16
v  ~StubRoutines::call_stub
j  org.jpype.manager.TypeFactoryNative.newWrapper(JJ)V+0
j  org.jpype.JPypeContext.newWrapper(J)V+16
v  ~StubRoutines::call_stub

siginfo: EXCEPTION_UNCAUGHT_CXX_EXCEPTION (0xe06d7363), ExceptionInformation=0x0000000019930520 0x000000951a7ec408 0x00007ffe7b9c90b0 0x00007ffe7b960000 


Register to memory mapping:

RIP=0x00007ffe9a9bcf19 KERNELBASE.dll
RAX=0x000001fff7116048 is pointing into metadata
RBX=0x000000951a7eba50 is pointing into the stack for thread: 0x000001ff87f50a70
RCX=0x00007ffdff0f8150 jvm.dll
RDX=0x000000951a7e9770 is pointing into the stack for thread: 0x000001ff87f50a70
RSP=0x000000951a7e9f90 is pointing into the stack for thread: 0x000001ff87f50a70
RBP=0x000000951a7ea670 is pointing into the stack for thread: 0x000001ff87f50a70
RSI=0x000000951a7ec2a0 is pointing into the stack for thread: 0x000001ff87f50a70
RDI=0x000000951a7eae10 is pointing into the stack for thread: 0x000001ff87f50a70
R8 =0x000000000000f000 is an unknown value
R9 =0x000000951a7e9a30 is pointing into the stack for thread: 0x000001ff87f50a70
R10=0x0 is NULL
R11=0x000001fff7115e50 is pointing into metadata
R12=0x0 is NULL
R13=0x000000951a7ea0f8 is pointing into the stack for thread: 0x000001ff87f50a70
R14=0x000000951a7eae10 is pointing into the stack for thread: 0x000001ff87f50a70
R15=0x000000951a7eaf78 is pointing into the stack for thread: 0x000001ff87f50a70


Registers:
RAX=0x000001fff7116048, RBX=0x000000951a7eba50, RCX=0x00007ffdff0f8150, RDX=0x000000951a7e9770
RSP=0x000000951a7e9f90, RBP=0x000000951a7ea670, RSI=0x000000951a7ec2a0, RDI=0x000000951a7eae10
R8 =0x000000000000f000, R9 =0x000000951a7e9a30, R10=0x0000000000000000, R11=0x000001fff7115e50
R12=0x0000000000000000, R13=0x000000951a7ea0f8, R14=0x000000951a7eae10, R15=0x000000951a7eaf78
RIP=0x00007ffe9a9bcf19, EFLAGS=0x0000000000000206

Top of Stack: (sp=0x000000951a7e9f90)
0x000000951a7e9f90:   0000009500000000 000000951a7eba50
0x000000951a7e9fa0:   000000951a7ec2a0 00007ffe7b97c191
0x000000951a7e9fb0:   00000001e06d7363 0000000000000000
0x000000951a7e9fc0:   00007ffe9a9bcf19 0000000000000004
0x000000951a7e9fd0:   0000000019930520 000000951a7ec408
0x000000951a7e9fe0:   00007ffe7b9c90b0 00007ffe7b960000
0x000000951a7e9ff0:   000086e33098a777 00007ffe7b9b0eb2
0x000000951a7ea000:   000000951a7eba50 00007ffe95383511
0x000000951a7ea010:   0000009500000000 00007ffe95388154
0x000000951a7ea020:   00007ffe913582f0 00007ffe913582c0
0x000000951a7ea030:   000000951a7eae10 00007ffe95383451
0x000000951a7ea040:   000000951a7eba50 000000951a7ec2a0
0x000000951a7ea050:   0000ae91215a3272 00007ffe913582c0
0x000000951a7ea060:   000000951a7eba50 00007ffe953827b3
0x000000951a7ea070:   00007ffe7b9b0e70 000000951a7eaf78
0x000000951a7ea080:   0000009500000100 0000000000000003 

Instructions: (pc=0x00007ffe9a9bcf19)
0x00007ffe9a9bce19:   09 00 48 8b 84 24 b8 00 00 00 48 8b 8c 24 b0 05
0x00007ffe9a9bce29:   00 00 48 33 cc e8 ed 89 06 00 48 81 c4 c0 05 00
0x00007ffe9a9bce39:   00 41 5f 41 5e 41 5d 5e 5b c3 cc 48 ff 15 ad 80
0x00007ffe9a9bce49:   1b 00 0f 1f 44 00 00 eb b0 cc cc cc cc cc cc cc
0x00007ffe9a9bce59:   cc cc cc cc cc cc cc 40 53 48 83 ec 30 48 8b d1
0x00007ffe9a9bce69:   48 8d 4c 24 20 e8 5d 23 00 00 85 c0 74 26 48 8b
0x00007ffe9a9bce79:   4c 24 28 e8 ef 38 00 00 48 8d 4c 24 20 8b d8 48
0x00007ffe9a9bce89:   ff 15 b1 7a 1b 00 0f 1f 44 00 00 8b c3 48 83 c4
0x00007ffe9a9bce99:   30 5b c3 cc 83 c8 ff eb f4 cc cc cc cc cc cc cc
0x00007ffe9a9bcea9:   cc cc cc cc cc cc cc 48 81 ec d8 00 00 00 48 8b
0x00007ffe9a9bceb9:   05 e2 9f 28 00 48 33 c4 48 89 84 24 c0 00 00 00
0x00007ffe9a9bcec9:   48 83 64 24 28 00 48 8d 05 da ff ff ff 83 e2 01
0x00007ffe9a9bced9:   89 4c 24 20 89 54 24 24 48 89 44 24 30 4d 85 c9
0x00007ffe9a9bcee9:   74 4c b8 0f 00 00 00 48 8d 4c 24 40 44 3b c0 49
0x00007ffe9a9bcef9:   8b d1 44 0f 47 c0 44 89 44 24 38 49 c1 e0 03 e8
0x00007ffe9a9bcf09:   6a 97 08 00 48 8d 4c 24 20 48 ff 15 ff 81 1b 00
0x00007ffe9a9bcf19:   0f 1f 44 00 00 48 8b 8c 24 c0 00 00 00 48 33 cc
0x00007ffe9a9bcf29:   e8 f2 88 06 00 48 81 c4 d8 00 00 00 c3 cc 83 64
0x00007ffe9a9bcf39:   24 38 00 eb cf cc cc cc cc cc cc cc cc cc cc cc
0x00007ffe9a9bcf49:   cc cc cc cc cc cc cc 65 48 8b 04 25 30 00 00 00
0x00007ffe9a9bcf59:   8b 40 68 c3 cc cc cc cc cc cc cc cc cc cc cc cc
0x00007ffe9a9bcf69:   cc cc cc cc cc cc cc 48 89 5c 24 10 48 89 74 24
0x00007ffe9a9bcf79:   18 57 41 54 41 55 41 56 41 57 48 81 ec b0 02 00
0x00007ffe9a9bcf89:   00 48 8b 05 0f 9f 28 00 48 33 c4 48 89 84 24 a0
0x00007ffe9a9bcf99:   02 00 00 48 8d 15 cf e6 1b 00 48 85 c9 48 0f 45
0x00007ffe9a9bcfa9:   d1 48 89 94 24 80 00 00 00 48 83 c8 ff 48 ff c0
0x00007ffe9a9bcfb9:   80 3c 02 00 75 f7 48 ff c0 48 89 84 24 88 00 00
0x00007ffe9a9bcfc9:   00 48 89 94 24 90 00 00 00 4c 8d 8c 24 88 00 00
0x00007ffe9a9bcfd9:   00 33 d2 b9 06 00 01 40 44 8d 42 02 e8 c6 fe ff
0x00007ffe9a9bcfe9:   ff e9 f0 01 00 00 33 f6 48 89 74 24 60 45 33 ff
0x00007ffe9a9bcff9:   4c 89 7c 24 48 45 33 f6 4c 89 74 24 58 33 ff 48
0x00007ffe9a9bd009:   89 7c 24 50 e8 3e ff ff ff 89 44 24 40 48 39 35 


Stack slot to memory mapping:
stack at sp + 0 slots: 0x0000009500000000 is an unknown value
stack at sp + 1 slots: 0x000000951a7eba50 is pointing into the stack for thread: 0x000001ff87f50a70
stack at sp + 2 slots: 0x000000951a7ec2a0 is pointing into the stack for thread: 0x000001ff87f50a70
stack at sp + 3 slots: 0x00007ffe7b97c191 _jpype.cp312-win_amd64.pyd
stack at sp + 4 slots: 0x00000001e06d7363 is an unknown value
stack at sp + 5 slots: 0x0 is NULL
stack at sp + 6 slots: 0x00007ffe9a9bcf19 KERNELBASE.dll
stack at sp + 7 slots: 0x0000000000000004 is an unknown value


---------------  P R O C E S S  ---------------

Threads class SMR info:
_java_thread_list=0x000001ff98c88000, length=14, elements={
0x000001ff87f50a70, 0x000001ff87f50050, 0x000001ff87f528d0, 0x000001ff87f4e700,
0x000001ff87f56080, 0x000001ff87f56590, 0x000001ff87f56aa0, 0x000001ff9811a8c0,
0x000001ff9811b360, 0x000001ff87f56fb0, 0x000001ff87f583f0, 0x000001ff87f574c0,
0x000001ff9811be00, 0x000001ff87f57ee0
}

Java Threads: ( => current thread )
=>0x000001ff87f50a70 JavaThread "main" [_thread_in_native, id=11836, stack(0x000000951a600000,0x000000951a7f0000)]
  0x000001ff87f50050 JavaThread "Reference Handler" daemon [_thread_blocked, id=21696, stack(0x000000951ceb0000,0x000000951d0a0000)]
  0x000001ff87f528d0 JavaThread "Finalizer" daemon [_thread_blocked, id=18460, stack(0x000000951d0a0000,0x000000951d290000)]
  0x000001ff87f4e700 JavaThread "Signal Dispatcher" daemon [_thread_blocked, id=14504, stack(0x000000951d290000,0x000000951d480000)]
  0x000001ff87f56080 JavaThread "Attach Listener" daemon [_thread_blocked, id=736, stack(0x000000951d480000,0x000000951d670000)]
  0x000001ff87f56590 JavaThread "Service Thread" daemon [_thread_blocked, id=9736, stack(0x000000951d670000,0x000000951d860000)]
  0x000001ff87f56aa0 JavaThread "Monitor Deflation Thread" daemon [_thread_blocked, id=23112, stack(0x000000951d860000,0x000000951da50000)]
  0x000001ff9811a8c0 JavaThread "C2 CompilerThread0" daemon [_thread_blocked, id=16904, stack(0x000000951da50000,0x000000951dc40000)]
  0x000001ff9811b360 JavaThread "C1 CompilerThread0" daemon [_thread_blocked, id=17664, stack(0x000000951dc40000,0x000000951de30000)]
  0x000001ff87f56fb0 JavaThread "Sweeper thread" daemon [_thread_blocked, id=9720, stack(0x000000951de30000,0x000000951e020000)]
  0x000001ff87f583f0 JavaThread "Notification Thread" daemon [_thread_blocked, id=20748, stack(0x000000951e020000,0x000000951e210000)]
  0x000001ff87f574c0 JavaThread "Common-Cleaner" daemon [_thread_blocked, id=11428, stack(0x000000951e400000,0x000000951e5f0000)]
  0x000001ff9811be00 JavaThread "C2 CompilerThread1" daemon [_thread_blocked, id=164, stack(0x000000951e7e0000,0x000000951e9d0000)]
  0x000001ff87f57ee0 JavaThread "SIGINT handler" daemon [_thread_blocked, id=22572, stack(0x000000951f380000,0x000000951f570000)]

Other Threads:
  0x000001ff97fb21d0 VMThread "VM Thread" [stack: 0x000000951ccc0000,0x000000951ceb0000] [id=21644] _threads_hazard_ptr=0x000001ff98c88000
  0x000001ff980db3f0 GCTaskThread "GC Thread#0" [stack: 0x000000951c310000,0x000000951c500000] [id=14108]
  0x000001ff980db6b0 GCTaskThread "GC Thread#1" [stack: 0x000000951e9d0000,0x000000951ebc0000] [id=2044]
  0x000001ff980dc730 GCTaskThread "GC Thread#2" [stack: 0x000000951ebc0000,0x000000951edb0000] [id=22284]
  0x000001ff980dd4f0 GCTaskThread "GC Thread#3" [stack: 0x000000951edb0000,0x000000951efa0000] [id=23192]
  0x000001ff980dbef0 GCTaskThread "GC Thread#4" [stack: 0x000000951efa0000,0x000000951f190000] [id=7224]
  0x000001ff980dd7b0 GCTaskThread "GC Thread#5" [stack: 0x000000951f190000,0x000000951f380000] [id=22796]
  0x000001ff97f97550 ConcurrentGCThread "G1 Main Marker" terminated
  0x000001ff980db970 ConcurrentGCThread "G1 Conc#0" [stack: 0x000000951c6f0000,0x000000951c8e0000] [id=19652]
  0x000001ff97f3fd60 ConcurrentGCThread "G1 Refine#0" terminated
  0x000001ff98163600 ConcurrentGCThread "G1 Service" terminated

Threads with active compile tasks:
C2 CompilerThread0      251  540       4       java.lang.PublicMethods$MethodList::filter (104 bytes)
C1 CompilerThread0      251  544       3       java.util.stream.Collectors::joining (34 bytes)

VM state: at safepoint (normal execution)

VM Mutex/Monitor currently owned by a thread:  ([mutex/lock_event])
[0x000001ff9829c670] Threads_lock - owner thread: 0x000001ff97fb21d0
[0x000001ff9829b500] Heap_lock - owner thread: 0x000001ff87f57ee0

Heap address: 0x00000000c0000000, size: 1024 MB, Compressed Oops mode: 32-bit

CDS archive(s) mapped at: [0x000001ffb6000000-0x000001ffb6bd0000-0x000001ffb6bd0000), size 12386304, SharedBaseAddress: 0x000001ffb6000000, ArchiveRelocationMode: 1.
Compressed class space mapped at: 0x000001ffb7000000-0x000001fff7000000, reserved size: 1073741824
Narrow klass base: 0x000001ffb6000000, Narrow klass shift: 0, Narrow klass range: 0x100000000

GC Precious Log:
 CPUs: 8 total, 8 available
 Memory: 16246M
 Large Page Support: Disabled
 NUMA Support: Disabled
 Compressed Oops: Enabled (32-bit)
 Heap Region Size: 1M
 Heap Min Capacity: 8M
 Heap Initial Capacity: 254M
 Heap Max Capacity: 1G
 Pre-touch: Disabled
 Parallel Workers: 8
 Concurrent Workers: 2
 Concurrent Refinement Workers: 8
 Periodic GC: Disabled

Heap:
 garbage-first heap   total 20480K, used 1713K [0x00000000c0000000, 0x0000000100000000)
  region size 1024K, 1 young (1024K), 0 survivors (0K)
 Metaspace       used 1651K, committed 1856K, reserved 1114112K
  class space    used 151K, committed 256K, reserved 1048576K

Heap Regions: E=young(eden), S=young(survivor), O=old, HS=humongous(starts), HC=humongous(continues), CS=collection set, F=free, OA=open archive, CA=closed archive, TAMS=top-at-mark-start (previous, next)
|   0|0x00000000c0000000, 0x00000000c0053778, 0x00000000c0100000| 32%| O|  |TAMS 0x00000000c0000000, 0x00000000c0000000| Untracked 
|   1|0x00000000c0100000, 0x00000000c0118c58, 0x00000000c0200000|  9%| O|  |TAMS 0x00000000c0100000, 0x00000000c0100000| Untracked 
|   2|0x00000000c0200000, 0x00000000c023d5c8, 0x00000000c0300000| 23%| O|  |TAMS 0x00000000c0200000, 0x00000000c0200000| Untracked 
|   3|0x00000000c0300000, 0x00000000c0300000, 0x00000000c0400000|  0%| F|  |TAMS 0x00000000c0300000, 0x00000000c0300000| Untracked 
|   4|0x00000000c0400000, 0x00000000c0400000, 0x00000000c0500000|  0%| F|  |TAMS 0x00000000c0400000, 0x00000000c0400000| Untracked 
|   5|0x00000000c0500000, 0x00000000c0500000, 0x00000000c0600000|  0%| F|  |TAMS 0x00000000c0500000, 0x00000000c0500000| Untracked 
|   6|0x00000000c0600000, 0x00000000c0600000, 0x00000000c0700000|  0%| F|  |TAMS 0x00000000c0600000, 0x00000000c0600000| Untracked 
|   7|0x00000000c0700000, 0x00000000c0700000, 0x00000000c0800000|  0%| F|  |TAMS 0x00000000c0700000, 0x00000000c0700000| Untracked 
|   8|0x00000000c0800000, 0x00000000c0800000, 0x00000000c0900000|  0%| F|  |TAMS 0x00000000c0800000, 0x00000000c0800000| Untracked 
|   9|0x00000000c0900000, 0x00000000c0900000, 0x00000000c0a00000|  0%| F|  |TAMS 0x00000000c0900000, 0x00000000c0900000| Untracked 
|  10|0x00000000c0a00000, 0x00000000c0a00000, 0x00000000c0b00000|  0%| F|  |TAMS 0x00000000c0a00000, 0x00000000c0a00000| Untracked 
|  11|0x00000000c0b00000, 0x00000000c0b00000, 0x00000000c0c00000|  0%| F|  |TAMS 0x00000000c0b00000, 0x00000000c0b00000| Untracked 
|  12|0x00000000c0c00000, 0x00000000c0c00000, 0x00000000c0d00000|  0%| F|  |TAMS 0x00000000c0c00000, 0x00000000c0c00000| Untracked 
|  13|0x00000000c0d00000, 0x00000000c0d00000, 0x00000000c0e00000|  0%| F|  |TAMS 0x00000000c0d00000, 0x00000000c0d00000| Untracked 
|  14|0x00000000c0e00000, 0x00000000c0e00000, 0x00000000c0f00000|  0%| F|  |TAMS 0x00000000c0e00000, 0x00000000c0e00000| Untracked 
|  15|0x00000000c0f00000, 0x00000000c0f00000, 0x00000000c1000000|  0%| F|  |TAMS 0x00000000c0f00000, 0x00000000c0f00000| Untracked 
|  16|0x00000000c1000000, 0x00000000c10b3498, 0x00000000c1100000| 70%| E|  |TAMS 0x00000000c1000000, 0x00000000c1000000| Complete 
|  53|0x00000000c3500000, 0x00000000c351abc0, 0x00000000c3600000| 10%| O|  |TAMS 0x00000000c3500000, 0x00000000c3500000| Untracked 
| 104|0x00000000c6800000, 0x00000000c68765e8, 0x00000000c6900000| 46%| O|  |TAMS 0x00000000c6800000, 0x00000000c6800000| Untracked 
| 107|0x00000000c6b00000, 0x00000000c6b71bb8, 0x00000000c6c00000| 44%| O|  |TAMS 0x00000000c6b00000, 0x00000000c6b00000| Untracked 

Card table byte_map: [0x000001ffb04a0000,0x000001ffb06a0000] _byte_map_base: 0x000001ffafea0000

Marking Bits (Prev, Next): (CMBitMap*) 0x000001ff97fb8f80, (CMBitMap*) 0x000001ff97fb8f40
 Prev Bits: [0x000001ffb18a0000, 0x000001ffb28a0000)
 Next Bits: [0x000001ffb08a0000, 0x000001ffb18a0000)

Polling page: 0x000001ff89920000

Metaspace:

Usage:
  Non-class:      1.46 MB used.
      Class:    151.64 KB used.
       Both:      1.61 MB used.

Virtual space:
  Non-class space:       64.00 MB reserved,       1.56 MB (  2%) committed,  1 nodes.
      Class space:        1.00 GB reserved,     256.00 KB ( <1%) committed,  1 nodes.
             Both:        1.06 GB reserved,       1.81 MB ( <1%) committed. 

Chunk freelists:
   Non-Class:  11.83 MB
       Class:  15.72 MB
        Both:  27.55 MB

MaxMetaspaceSize: unlimited
CompressedClassSpaceSize: 1.00 GB
Initial GC threshold: 21.00 MB
Current GC threshold: 21.00 MB
CDS: on
MetaspaceReclaimPolicy: balanced
 - commit_granule_bytes: 65536.
 - commit_granule_words: 8192.
 - virtual_space_node_default_size: 8388608.
 - enlarge_chunks_in_place: 1.
 - new_chunks_are_fully_committed: 0.
 - uncommit_free_chunks: 1.
 - use_allocation_guard: 0.
 - handle_deallocations: 1.


Internal statistics:

num_allocs_failed_limit: 0.
num_arena_births: 38.
num_arena_deaths: 0.
num_vsnodes_births: 2.
num_vsnodes_deaths: 0.
num_space_committed: 29.
num_space_uncommitted: 0.
num_chunks_returned_to_freelist: 0.
num_chunks_taken_from_freelist: 55.
num_chunk_merges: 0.
num_chunk_splits: 35.
num_chunks_enlarged: 19.
num_inconsistent_stats: 0.

CodeHeap 'non-profiled nmethods': size=120000Kb used=152Kb max_used=152Kb free=119847Kb
 bounds [0x000001ffa8300000, 0x000001ffa8570000, 0x000001ffaf830000]
CodeHeap 'profiled nmethods': size=120000Kb used=803Kb max_used=803Kb free=119197Kb
 bounds [0x000001ffa0830000, 0x000001ffa0aa0000, 0x000001ffa7d60000]
CodeHeap 'non-nmethods': size=5760Kb used=1117Kb max_used=1142Kb free=4642Kb
 bounds [0x000001ffa7d60000, 0x000001ffa7fd0000, 0x000001ffa8300000]
 total_blobs=939 nmethods=542 adapters=310
 compilation: enabled
              stopped_count=0, restarted_count=0
 full_count=0

Compilation events (20 events):
Event: 0.201 Thread 0x000001ff9811b360 nmethod 532 0x000001ffa08f4a90 code [0x000001ffa08f4c40, 0x000001ffa08f4d88]
Event: 0.201 Thread 0x000001ff9811b360  533       3       java.lang.reflect.Field::copy (80 bytes)
Event: 0.201 Thread 0x000001ff9811b360 nmethod 533 0x000001ffa08f4e90 code [0x000001ffa08f5060, 0x000001ffa08f5458]
Event: 0.201 Thread 0x000001ff9811b360  534       3       java.lang.reflect.Field::<init> (50 bytes)
Event: 0.201 Thread 0x000001ff9811b360 nmethod 534 0x000001ffa08f5590 code [0x000001ffa08f5740, 0x000001ffa08f5af8]
Event: 0.202 Thread 0x000001ff9811be00 nmethod 529 0x000001ffa8325710 code [0x000001ffa83258a0, 0x000001ffa83259e8]
Event: 0.202 Thread 0x000001ff9811b360  535       3       java.lang.Character$UnicodeBlock::<init> (17 bytes)
Event: 0.202 Thread 0x000001ff9811b360 nmethod 535 0x000001ffa08f5c10 code [0x000001ffa08f5de0, 0x000001ffa08f6278]
Event: 0.202 Thread 0x000001ff9811b360  536       3       java.lang.Character$Subset::<init> (24 bytes)
Event: 0.202 Thread 0x000001ff9811b360 nmethod 536 0x000001ffa08f6410 code [0x000001ffa08f65c0, 0x000001ffa08f6888]
Event: 0.203 Thread 0x000001ff9811b360  537       1       java.lang.reflect.Field::getType (5 bytes)
Event: 0.203 Thread 0x000001ff9811b360 nmethod 537 0x000001ffa8325b10 code [0x000001ffa8325ca0, 0x000001ffa8325d78]
Event: 0.203 Thread 0x000001ff9811b360  538       3       org.jpype.manager.TypeManager::getClass (31 bytes)
Event: 0.203 Thread 0x000001ff9811b360 nmethod 538 0x000001ffa08f6990 code [0x000001ffa08f6ba0, 0x000001ffa08f70d8]
Event: 0.203 Thread 0x000001ff9811a8c0  540       4       java.lang.PublicMethods$MethodList::filter (104 bytes)
Event: 0.204 Thread 0x000001ff9811b360  541       3       java.util.Spliterators::spliterator (25 bytes)
Event: 0.204 Thread 0x000001ff9811b360 nmethod 541 0x000001ffa08f7290 code [0x000001ffa08f7460, 0x000001ffa08f7898]
Event: 0.204 Thread 0x000001ff9811b360  542       3       java.util.stream.StreamSupport::stream (19 bytes)
Event: 0.204 Thread 0x000001ff9811b360 nmethod 542 0x000001ffa08f7a90 code [0x000001ffa08f7c60, 0x000001ffa08f8088]
Event: 0.204 Thread 0x000001ff9811b360  543       3       java.util.stream.ReferencePipeline::map (26 bytes)

GC Heap History (2 events):
Event: 0.154 GC heap before
{Heap before GC invocations=0 (full 0):
 garbage-first heap   total 260096K, used 4096K [0x00000000c0000000, 0x0000000100000000)
  region size 1024K, 6 young (6144K), 0 survivors (0K)
 Metaspace       used 1643K, committed 1792K, reserved 1114112K
  class space    used 149K, committed 192K, reserved 1048576K
}
Event: 0.156 GC heap after
{Heap after GC invocations=1 (full 1):
 garbage-first heap   total 20480K, used 1713K [0x00000000c0000000, 0x0000000100000000)
  region size 1024K, 0 young (0K), 0 survivors (0K)
 Metaspace       used 1643K, committed 1792K, reserved 1114112K
  class space    used 149K, committed 192K, reserved 1048576K
}

Deoptimization events (20 events):
Event: 0.106 Thread 0x000001ff87f50a70 DEOPT PACKING pc=0x000001ffa0837251 sp=0x000000951a7ed5c0
Event: 0.106 Thread 0x000001ff87f50a70 DEOPT UNPACKING pc=0x000001ffa7db2b43 sp=0x000000951a7eca38 mode 0
Event: 0.108 Thread 0x000001ff87f50a70 DEOPT PACKING pc=0x000001ffa0837251 sp=0x000000951a7ed700
Event: 0.108 Thread 0x000001ff87f50a70 DEOPT UNPACKING pc=0x000001ffa7db2b43 sp=0x000000951a7ecb78 mode 0
Event: 0.203 Thread 0x000001ff87f50a70 Uncommon trap: trap_request=0xffffffbe fr.pc=0x000001ffa832314c relative=0x000000000000078c
Event: 0.203 Thread 0x000001ff87f50a70 Uncommon trap: reason=profile_predicate action=maybe_recompile pc=0x000001ffa832314c method=java.lang.PublicMethods$MethodList.filter([Ljava/lang/reflect/Method;Ljava/lang/String;[Ljava/lang/Class;Z)Ljava/lang/PublicMethods$MethodList; @ 21 c2
Event: 0.203 Thread 0x000001ff87f50a70 DEOPT PACKING pc=0x000001ffa832314c sp=0x000000951a7eb980
Event: 0.203 Thread 0x000001ff87f50a70 DEOPT UNPACKING pc=0x000001ffa7db23a3 sp=0x000000951a7eb938 mode 2
Event: 0.203 Thread 0x000001ff87f50a70 Uncommon trap: trap_request=0xffffffbe fr.pc=0x000001ffa832314c relative=0x000000000000078c
Event: 0.203 Thread 0x000001ff87f50a70 Uncommon trap: reason=profile_predicate action=maybe_recompile pc=0x000001ffa832314c method=java.lang.PublicMethods$MethodList.filter([Ljava/lang/reflect/Method;Ljava/lang/String;[Ljava/lang/Class;Z)Ljava/lang/PublicMethods$MethodList; @ 21 c2
Event: 0.203 Thread 0x000001ff87f50a70 DEOPT PACKING pc=0x000001ffa832314c sp=0x000000951a7eb8d0
Event: 0.203 Thread 0x000001ff87f50a70 DEOPT UNPACKING pc=0x000001ffa7db23a3 sp=0x000000951a7eb888 mode 2
Event: 0.203 Thread 0x000001ff87f50a70 Uncommon trap: trap_request=0xffffffbe fr.pc=0x000001ffa832314c relative=0x000000000000078c
Event: 0.203 Thread 0x000001ff87f50a70 Uncommon trap: reason=profile_predicate action=maybe_recompile pc=0x000001ffa832314c method=java.lang.PublicMethods$MethodList.filter([Ljava/lang/reflect/Method;Ljava/lang/String;[Ljava/lang/Class;Z)Ljava/lang/PublicMethods$MethodList; @ 21 c2
Event: 0.203 Thread 0x000001ff87f50a70 DEOPT PACKING pc=0x000001ffa832314c sp=0x000000951a7eb980
Event: 0.203 Thread 0x000001ff87f50a70 DEOPT UNPACKING pc=0x000001ffa7db23a3 sp=0x000000951a7eb938 mode 2
Event: 0.203 Thread 0x000001ff87f50a70 Uncommon trap: trap_request=0xffffffbe fr.pc=0x000001ffa832314c relative=0x000000000000078c
Event: 0.203 Thread 0x000001ff87f50a70 Uncommon trap: reason=profile_predicate action=maybe_recompile pc=0x000001ffa832314c method=java.lang.PublicMethods$MethodList.filter([Ljava/lang/reflect/Method;Ljava/lang/String;[Ljava/lang/Class;Z)Ljava/lang/PublicMethods$MethodList; @ 21 c2
Event: 0.203 Thread 0x000001ff87f50a70 DEOPT PACKING pc=0x000001ffa832314c sp=0x000000951a7eb8d0
Event: 0.203 Thread 0x000001ff87f50a70 DEOPT UNPACKING pc=0x000001ffa7db23a3 sp=0x000000951a7eb888 mode 2

Classes unloaded (0 events):
No events

Classes redefined (0 events):
No events

Internal exceptions (12 events):
Event: 0.062 Thread 0x000001ff87f50a70 Exception <a 'java/lang/NoClassDefFoundError'{0x00000000cfb7dac8}: org/jpype/classloader/DynamicClassLoader> (0x00000000cfb7dac8) 
thrown [s\open\src\hotspot\share\classfile\systemDictionary.cpp, line 245]
Event: 0.086 Thread 0x000001ff87f50a70 Exception <a 'java/lang/NoSuchMethodError'{0x00000000cfa21e38}: 'int java.lang.invoke.DirectMethodHandle$Holder.invokeStaticInit(java.lang.Object, java.lang.Object)'> (0x00000000cfa21e38) 
thrown [s\open\src\hotspot\share\interpreter\linkResolver.cpp, line 759]
Event: 0.086 Thread 0x000001ff87f50a70 Exception <a 'java/lang/NoSuchMethodError'{0x00000000cfa289b8}: 'java.lang.Object java.lang.invoke.DirectMethodHandle$Holder.invokeStaticInit(java.lang.Object, int)'> (0x00000000cfa289b8) 
thrown [s\open\src\hotspot\share\interpreter\linkResolver.cpp, line 759]
Event: 0.088 Thread 0x000001ff87f50a70 Exception <a 'java/lang/NoSuchMethodError'{0x00000000cfa340b0}: 'int java.lang.invoke.DirectMethodHandle$Holder.invokeSpecial(java.lang.Object, java.lang.Object, java.lang.Object)'> (0x00000000cfa340b0) 
thrown [s\open\src\hotspot\share\interpreter\linkResolver.cpp, line 759]
Event: 0.090 Thread 0x000001ff87f50a70 Exception <a 'java/lang/NoSuchMethodError'{0x00000000cfa49c10}: 'java.lang.Object java.lang.invoke.DirectMethodHandle$Holder.invokeStatic(java.lang.Object, java.lang.Object, int)'> (0x00000000cfa49c10) 
thrown [s\open\src\hotspot\share\interpreter\linkResolver.cpp, line 759]
Event: 0.091 Thread 0x000001ff87f50a70 Exception <a 'java/lang/NoSuchMethodError'{0x00000000cfa557d0}: 'void java.lang.invoke.DelegatingMethodHandle$Holder.delegate(java.lang.Object, java.lang.Object, int, java.lang.Object)'> (0x00000000cfa557d0) 
thrown [s\open\src\hotspot\share\interpreter\linkResolver.cpp, line 759]
Event: 0.095 Thread 0x000001ff87f50a70 Exception <a 'java/lang/NoSuchMethodError'{0x00000000cfa7e118}: 'java.lang.Object java.lang.invoke.Invokers$Holder.invokeExact_MT(java.lang.Object, java.lang.Object, java.lang.Object)'> (0x00000000cfa7e118) 
thrown [s\open\src\hotspot\share\interpreter\linkResolver.cpp, line 759]
Event: 0.103 Thread 0x000001ff87f50a70 Exception <a 'sun/nio/fs/WindowsException'{0x00000000cfae1140}> (0x00000000cfae1140) 
thrown [s\open\src\hotspot\share\prims\jni.cpp, line 516]
Event: 0.104 Thread 0x000001ff87f50a70 Exception <a 'sun/nio/fs/WindowsException'{0x00000000cfae1ad8}> (0x00000000cfae1ad8) 
thrown [s\open\src\hotspot\share\prims\jni.cpp, line 516]
Event: 0.121 Thread 0x000001ff87f50a70 Exception <a 'java/lang/NoSuchMethodError'{0x00000000cf969c18}: 'java.lang.Object java.lang.invoke.DirectMethodHandle$Holder.invokeInterface(java.lang.Object, java.lang.Object)'> (0x00000000cf969c18) 
thrown [s\open\src\hotspot\share\interpreter\linkResolver.cpp, line 759]
Event: 0.121 Thread 0x000001ff87f50a70 Exception <a 'java/lang/IncompatibleClassChangeError'{0x00000000cf96d208}: Found class java.lang.Object, but interface was expected> (0x00000000cf96d208) 
thrown [s\open\src\hotspot\share\interpreter\linkResolver.cpp, line 826]
Event: 0.203 Thread 0x000001ff87f579d0 Exception <a 'java/lang/InterruptedException'{0x00000000c10000d8}> (0x00000000c10000d8) 
thrown [s\open\src\hotspot\share\runtime\objectMonitor.cpp, line 1671]

VM Operations (6 events):
Event: 0.063 Executing VM operation: HandshakeAllThreads
Event: 0.063 Executing VM operation: HandshakeAllThreads done
Event: 0.153 Executing VM operation: G1CollectFull
Event: 0.156 Executing VM operation: G1CollectFull done
Event: 0.203 Executing VM operation: ThreadDump
Event: 0.203 Executing VM operation: ThreadDump done

Events (20 events):
Event: 0.134 loading class jdk/internal/reflect/ClassDefiner
Event: 0.134 loading class jdk/internal/reflect/ClassDefiner done
Event: 0.134 loading class jdk/internal/reflect/ClassDefiner$1
Event: 0.134 loading class jdk/internal/reflect/ClassDefiner$1 done
Event: 0.134 loading class jdk/internal/reflect/BootstrapConstructorAccessorImpl
Event: 0.134 loading class jdk/internal/reflect/BootstrapConstructorAccessorImpl done
Event: 0.137 loading class java/lang/Deprecated
Event: 0.137 loading class java/lang/Deprecated done
Event: 0.137 loading class java/lang/annotation/Documented
Event: 0.137 loading class java/lang/annotation/Documented done
Event: 0.140 loading class java/nio/charset/CharacterCodingException
Event: 0.140 loading class java/nio/charset/CharacterCodingException done
Event: 0.149 loading class java/lang/Byte$ByteCache
Event: 0.149 loading class java/lang/Byte$ByteCache done
Event: 0.191 loading class jdk/internal/misc/Signal$1
Event: 0.191 loading class jdk/internal/misc/Signal$1 done
Event: 0.191 Thread 0x000001ff87f57ee0 Thread added: 0x000001ff87f57ee0
Event: 0.192 Thread 0x000001ff87f5fd70 Thread added: 0x000001ff87f5fd70
Event: 0.203 Thread 0x000001ff87f579d0 Thread exited: 0x000001ff87f579d0
Event: 0.204 Thread 0x000001ff87f5fd70 Thread exited: 0x000001ff87f5fd70


Dynamic libraries:
0x00007ff640ed0000 - 0x00007ff640eea000 	C:\Users\smhrd\AppData\Local\Programs\Python\Python312\python.exe
0x00007ffe9d270000 - 0x00007ffe9d468000 	C:\WINDOWS\SYSTEM32\ntdll.dll
0x00007ffe9b7c0000 - 0x00007ffe9b87d000 	C:\WINDOWS\System32\KERNEL32.DLL
0x00007ffe9a990000 - 0x00007ffe9ac86000 	C:\WINDOWS\System32\KERNELBASE.dll
0x00007ffe9af10000 - 0x00007ffe9b010000 	C:\WINDOWS\System32\ucrtbase.dll
0x00007ffe615e0000 - 0x00007ffe61c9c000 	C:\Users\smhrd\AppData\Local\Programs\Python\Python312\python312.dll
0x00007ffe91340000 - 0x00007ffe9135d000 	C:\Users\smhrd\AppData\Local\Programs\Python\Python312\VCRUNTIME140.dll
0x00007ffe9c1d0000 - 0x00007ffe9c23b000 	C:\WINDOWS\System32\WS2_32.dll
0x00007ffe9cad0000 - 0x00007ffe9cbf5000 	C:\WINDOWS\System32\RPCRT4.dll
0x00007ffe936a0000 - 0x00007ffe936aa000 	C:\WINDOWS\SYSTEM32\VERSION.dll
0x00007ffe9ace0000 - 0x00007ffe9ad07000 	C:\WINDOWS\System32\bcrypt.dll
0x00007ffe9b380000 - 0x00007ffe9b41e000 	C:\WINDOWS\System32\msvcrt.dll
0x00007ffe9b2d0000 - 0x00007ffe9b380000 	C:\WINDOWS\System32\ADVAPI32.dll
0x00007ffe9b720000 - 0x00007ffe9b7c0000 	C:\WINDOWS\System32\sechost.dll
0x00007ffe80cf0000 - 0x00007ffe80d1d000 	C:\Program Files\MacType\MacType64.dll
0x00007ffe80d20000 - 0x00007ffe80d7a000 	C:\Program Files\MacType\Easyhk64.dll
0x00007ffe7d120000 - 0x00007ffe7d22b000 	C:\Program Files\MacType\MacType64.Core.dll
0x00007ffe9b9c0000 - 0x00007ffe9bb5e000 	C:\WINDOWS\System32\USER32.dll
0x00007ffe9b150000 - 0x00007ffe9b172000 	C:\WINDOWS\System32\win32u.dll
0x00007ffe9b2a0000 - 0x00007ffe9b2cb000 	C:\WINDOWS\System32\GDI32.dll
0x00007ffe9b180000 - 0x00007ffe9b297000 	C:\WINDOWS\System32\gdi32full.dll
0x00007ffe9ae70000 - 0x00007ffe9af0d000 	C:\WINDOWS\System32\msvcp_win.dll
0x00007ffe9b680000 - 0x00007ffe9b6b2000 	C:\WINDOWS\System32\IMM32.DLL
0x00007ffe96df0000 - 0x00007ffe973b0000 	C:\WINDOWS\SYSTEM32\d2d1.dll
0x00007ffe8ab60000 - 0x00007ffe8addf000 	C:\WINDOWS\SYSTEM32\dwrite.dll
0x00007ffe9b010000 - 0x00007ffe9b092000 	C:\WINDOWS\System32\bcryptPrimitives.dll
0x000001ff83ab0000 - 0x000001ff83abf000 	C:\Users\smhrd\AppData\Local\Programs\Python\Python312\python3.DLL
0x00007ffe86570000 - 0x00007ffe86586000 	C:\Users\smhrd\AppData\Local\Programs\Python\Python312\DLLs\_socket.pyd
0x00007ffe99c90000 - 0x00007ffe99ccb000 	C:\WINDOWS\SYSTEM32\IPHLPAPI.DLL
0x00007ffe98080000 - 0x00007ffe98089000 	C:\Users\smhrd\AppData\Local\Programs\Python\Python312\DLLs\select.pyd
0x00007ffe813a0000 - 0x00007ffe813cd000 	C:\Users\smhrd\AppData\Local\Programs\Python\Python312\DLLs\_ssl.pyd
0x00007ffe9ad10000 - 0x00007ffe9ae6d000 	C:\WINDOWS\System32\CRYPT32.dll
0x00007ffe610e0000 - 0x00007ffe615d9000 	C:\Users\smhrd\AppData\Local\Programs\Python\Python312\DLLs\libcrypto-3.dll
0x00007ffe79930000 - 0x00007ffe799f2000 	C:\Users\smhrd\AppData\Local\Programs\Python\Python312\DLLs\libssl-3.dll
0x00007ffe833b0000 - 0x00007ffe833c2000 	C:\Users\smhrd\AppData\Local\Programs\Python\Python312\DLLs\_asyncio.pyd
0x00007ffe962b0000 - 0x00007ffe962be000 	C:\Users\smhrd\AppData\Local\Programs\Python\Python312\DLLs\_overlapped.pyd
0x00007ffe99f80000 - 0x00007ffe99fea000 	C:\WINDOWS\system32\mswsock.dll
0x00007ffe821e0000 - 0x00007ffe821f5000 	C:\Users\smhrd\AppData\Local\Programs\Python\Python312\DLLs\_bz2.pyd
0x00007ffe81370000 - 0x00007ffe81399000 	C:\Users\smhrd\AppData\Local\Programs\Python\Python312\DLLs\_lzma.pyd
0x00007ffe92e10000 - 0x00007ffe92e19000 	C:\Users\smhrd\AppData\Local\Programs\Python\Python312\DLLs\_queue.pyd
0x00007ffe81310000 - 0x00007ffe81330000 	C:\Users\smhrd\AppData\Local\Programs\Python\Python312\DLLs\_ctypes.pyd
0x00007ffe9d160000 - 0x00007ffe9d22d000 	C:\WINDOWS\System32\OLEAUT32.dll
0x00007ffe86560000 - 0x00007ffe8656b000 	C:\Users\smhrd\AppData\Local\Programs\Python\Python312\DLLs\libffi-8.dll
0x00007ffe9bc20000 - 0x00007ffe9bf73000 	C:\WINDOWS\System32\combase.dll
0x000001ff862f0000 - 0x000001ff8641b000 	C:\WINDOWS\System32\ole32.dll
0x00007ffe9c240000 - 0x00007ffe9c9ab000 	C:\WINDOWS\System32\shell32.DLL
0x00007ffe85a80000 - 0x00007ffe85a8a000 	C:\Users\smhrd\AppData\Local\Programs\Python\Python312\DLLs\_wmi.pyd
0x00007ffe96450000 - 0x00007ffe96546000 	C:\WINDOWS\SYSTEM32\PROPSYS.dll
0x00007ffe82e20000 - 0x00007ffe82e2a000 	C:\Users\smhrd\AppData\Local\Programs\Python\Python312\DLLs\_multiprocessing.pyd
0x00007ffe810f0000 - 0x00007ffe81101000 	C:\Users\smhrd\AppData\Local\Programs\Python\Python312\DLLs\_hashlib.pyd
0x00007ffe60830000 - 0x00007ffe60d05000 	C:\Users\smhrd\AppData\Local\Programs\Python\Python312\Lib\site-packages\pydantic_core\_pydantic_core.cp312-win_amd64.pyd
0x00007ffe9a110000 - 0x00007ffe9a11c000 	C:\WINDOWS\SYSTEM32\CRYPTBASE.DLL
0x00007ffe82f00000 - 0x00007ffe82f3f000 	C:\Users\smhrd\AppData\Local\Programs\Python\Python312\DLLs\_decimal.pyd
0x00007ffe81300000 - 0x00007ffe81307000 	C:\Users\smhrd\AppData\Local\Programs\Python\Python312\DLLs\_uuid.pyd
0x00007ffe81330000 - 0x00007ffe8136c000 	C:\Users\smhrd\AppData\Local\Programs\Python\Python312\Lib\site-packages\orjson\orjson.cp312-win_amd64.pyd
0x00007ffe98090000 - 0x00007ffe9809d000 	C:\Users\smhrd\AppData\Local\Programs\Python\Python312\DLLs\_zoneinfo.pyd
0x00007ffe7bab0000 - 0x00007ffe7bbc7000 	C:\Users\smhrd\AppData\Local\Programs\Python\Python312\DLLs\unicodedata.pyd
0x00007ffe962e0000 - 0x00007ffe962e7000 	C:\Users\smhrd\AppData\Local\Programs\Python\Python312\Lib\site-packages\charset_normalizer\md.cp312-win_amd64.pyd
0x00007ffe915d0000 - 0x00007ffe915f3000 	C:\Users\smhrd\AppData\Local\Programs\Python\Python312\Lib\site-packages\charset_normalizer\md__mypyc.cp312-win_amd64.pyd
0x00007ffe7f100000 - 0x00007ffe7f1aa000 	C:\Users\smhrd\AppData\Local\Programs\Python\Python312\Lib\site-packages\regex\_regex.cp312-win_amd64.pyd
0x00007ffe66cb0000 - 0x00007ffe66eba000 	C:\Users\smhrd\AppData\Local\Programs\Python\Python312\Lib\site-packages\tiktoken\_tiktoken.cp312-win_amd64.pyd
0x00007ffe962d0000 - 0x00007ffe962d7000 	C:\Users\smhrd\AppData\Roaming\Python\Python312\site-packages\tornado\speedups.pyd
0x00007ffe7f0e0000 - 0x00007ffe7f0f4000 	C:\Users\smhrd\AppData\Roaming\Python\Python312\site-packages\psutil\_psutil_windows.pyd
0x00007ffe9c1c0000 - 0x00007ffe9c1c8000 	C:\WINDOWS\System32\PSAPI.DLL
0x00007ffe884a0000 - 0x00007ffe884e9000 	C:\WINDOWS\SYSTEM32\pdh.dll
0x00007ffe9a6d0000 - 0x00007ffe9a71b000 	C:\WINDOWS\SYSTEM32\POWRPROF.dll
0x00007ffe9a570000 - 0x00007ffe9a582000 	C:\WINDOWS\SYSTEM32\UMPDC.dll
0x00007ffe965b0000 - 0x00007ffe965c4000 	C:\WINDOWS\SYSTEM32\wtsapi32.dll
0x00007ffe7f530000 - 0x00007ffe7f56c000 	C:\Users\smhrd\AppData\Local\Programs\Python\Python312\Lib\site-packages\yaml\_yaml.cp312-win_amd64.pyd
0x00007ffe91590000 - 0x00007ffe915b1000 	C:\Users\smhrd\AppData\Local\Programs\Python\Python312\DLLs\_elementtree.pyd
0x00007ffe7ba70000 - 0x00007ffe7baa1000 	C:\Users\smhrd\AppData\Local\Programs\Python\Python312\DLLs\pyexpat.pyd
0x00007ffe7b960000 - 0x00007ffe7b9d6000 	C:\Users\smhrd\AppData\Local\Programs\Python\Python312\Lib\site-packages\_jpype.cp312-win_amd64.pyd
0x00007ffe95380000 - 0x00007ffe9538c000 	C:\Users\smhrd\AppData\Local\Programs\Python\Python312\VCRUNTIME140_1.dll
0x00007ffe88310000 - 0x00007ffe8839e000 	C:\WINDOWS\SYSTEM32\MSVCP140.dll
0x00007ffe986d0000 - 0x00007ffe986e2000 	C:\WINDOWS\SYSTEM32\kernel.appcore.dll
0x00007ffe982e0000 - 0x00007ffe9837e000 	C:\WINDOWS\system32\uxtheme.dll
0x00007ffe9b5d0000 - 0x00007ffe9b679000 	C:\WINDOWS\System32\clbcatq.dll
0x00007ffe80cd0000 - 0x00007ffe80cef000 	C:\WINDOWS\SYSTEM32\amsi.dll
0x00007ffe9a810000 - 0x00007ffe9a83e000 	C:\WINDOWS\SYSTEM32\USERENV.dll
0x00007ffe9a850000 - 0x00007ffe9a875000 	C:\WINDOWS\SYSTEM32\profapi.dll
0x00007ffe80c40000 - 0x00007ffe80cc1000 	C:\ProgramData\Microsoft\Windows Defender\Platform\4.18.24020.7-0\MpOav.dll
0x00007ffe60150000 - 0x00007ffe60429000 	C:\Users\smhrd\AppData\Local\Programs\Python\Python312\Lib\site-packages\numpy\core\_multiarray_umath.cp312-win_amd64.pyd
0x00007ffe33f70000 - 0x00007ffe36026000 	C:\Users\smhrd\AppData\Local\Programs\Python\Python312\Lib\site-packages\numpy.libs\libopenblas64__v0.3.23-293-gc2f4bdbb-gcc_10_3_0-2bde3a66a51006b2b53eb373ff767a3f.dll
0x00007ffe7f0c0000 - 0x00007ffe7f0d4000 	C:\Users\smhrd\AppData\Local\Programs\Python\Python312\Lib\site-packages\numpy\core\_multiarray_tests.cp312-win_amd64.pyd
0x00007ffe7bdd0000 - 0x00007ffe7bded000 	C:\Users\smhrd\AppData\Local\Programs\Python\Python312\Lib\site-packages\numpy\linalg\_umath_linalg.cp312-win_amd64.pyd
0x00007ffe7ba50000 - 0x00007ffe7ba6e000 	C:\Users\smhrd\AppData\Local\Programs\Python\Python312\Lib\site-packages\numpy\fft\_pocketfft_internal.cp312-win_amd64.pyd
0x00007ffe7b8c0000 - 0x00007ffe7b954000 	C:\Users\smhrd\AppData\Local\Programs\Python\Python312\Lib\site-packages\numpy\random\mtrand.cp312-win_amd64.pyd
0x00007ffe7ba20000 - 0x00007ffe7ba4b000 	C:\Users\smhrd\AppData\Local\Programs\Python\Python312\Lib\site-packages\numpy\random\bit_generator.cp312-win_amd64.pyd
0x00007ffe7b890000 - 0x00007ffe7b8bd000 	C:\Users\smhrd\AppData\Local\Programs\Python\Python312\Lib\site-packages\numpy\random\_common.cp312-win_amd64.pyd
0x00007ffe7b850000 - 0x00007ffe7b88d000 	C:\Users\smhrd\AppData\Local\Programs\Python\Python312\Lib\site-packages\numpy\random\_bounded_integers.cp312-win_amd64.pyd
0x00007ffe7b830000 - 0x00007ffe7b846000 	C:\Users\smhrd\AppData\Local\Programs\Python\Python312\Lib\site-packages\numpy\random\_mt19937.cp312-win_amd64.pyd
0x00007ffe7b810000 - 0x00007ffe7b825000 	C:\Users\smhrd\AppData\Local\Programs\Python\Python312\Lib\site-packages\numpy\random\_philox.cp312-win_amd64.pyd
0x00007ffe7a270000 - 0x00007ffe7a288000 	C:\Users\smhrd\AppData\Local\Programs\Python\Python312\Lib\site-packages\numpy\random\_pcg64.cp312-win_amd64.pyd
0x00007ffe95370000 - 0x00007ffe95380000 	C:\Users\smhrd\AppData\Local\Programs\Python\Python312\Lib\site-packages\numpy\random\_sfc64.cp312-win_amd64.pyd
0x00007ffe7a1c0000 - 0x00007ffe7a26d000 	C:\Users\smhrd\AppData\Local\Programs\Python\Python312\Lib\site-packages\numpy\random\_generator.cp312-win_amd64.pyd
0x00007ffdfe8b0000 - 0x00007ffdff491000 	C:\Program Files\Java\jdk-17\bin\server\jvm.dll
0x00007ffe85160000 - 0x00007ffe85169000 	C:\WINDOWS\SYSTEM32\WSOCK32.dll
0x00007ffe88b30000 - 0x00007ffe88b57000 	C:\WINDOWS\SYSTEM32\WINMM.dll
0x00007ffe78ba0000 - 0x00007ffe78baa000 	C:\Program Files\Java\jdk-17\bin\jimage.dll
0x00007ffe88b60000 - 0x00007ffe88d44000 	C:\WINDOWS\SYSTEM32\DBGHELP.DLL
0x00007ffe884f0000 - 0x00007ffe88524000 	C:\WINDOWS\SYSTEM32\dbgcore.DLL
0x00007ffe712e0000 - 0x00007ffe71305000 	C:\Program Files\Java\jdk-17\bin\java.dll
0x00007ffe10a50000 - 0x00007ffe10b27000 	C:\Program Files\Java\jdk-17\bin\jsvml.dll
0x00007ffe989b0000 - 0x00007ffe9914e000 	C:\WINDOWS\SYSTEM32\windows.storage.dll
0x00007ffe9a1a0000 - 0x00007ffe9a1ce000 	C:\WINDOWS\SYSTEM32\Wldp.dll
0x00007ffe9bb60000 - 0x00007ffe9bc0d000 	C:\WINDOWS\System32\SHCORE.dll
0x00007ffe9b6c0000 - 0x00007ffe9b715000 	C:\WINDOWS\System32\shlwapi.dll
0x00007ffe64b60000 - 0x00007ffe64b79000 	C:\Program Files\Java\jdk-17\bin\net.dll
0x00007ffe936d0000 - 0x00007ffe937da000 	C:\WINDOWS\SYSTEM32\WINHTTP.dll
0x00007ffe3a1a0000 - 0x00007ffe3a1b6000 	C:\Program Files\Java\jdk-17\bin\nio.dll
0x00007ffe67440000 - 0x00007ffe67458000 	C:\Program Files\Java\jdk-17\bin\zip.dll

dbghelp: loaded successfully - version: 4.0.5 - missing functions: none
symbol engine: initialized successfully - sym options: 0x614 - pdb path: .;C:\Users\smhrd\AppData\Local\Programs\Python\Python312;C:\WINDOWS\SYSTEM32;C:\Program Files\MacType;C:\Users\smhrd\AppData\Local\Programs\Python\Python312\DLLs;C:\Users\smhrd\AppData\Local\Programs\Python\Python312\Lib\site-packages\pydantic_core;C:\Users\smhrd\AppData\Local\Programs\Python\Python312\Lib\site-packages\orjson;C:\Users\smhrd\AppData\Local\Programs\Python\Python312\Lib\site-packages\charset_normalizer;C:\Users\smhrd\AppData\Local\Programs\Python\Python312\Lib\site-packages\regex;C:\Users\smhrd\AppData\Local\Programs\Python\Python312\Lib\site-packages\tiktoken;C:\Users\smhrd\AppData\Roaming\Python\Python312\site-packages\tornado;C:\Users\smhrd\AppData\Roaming\Python\Python312\site-packages\psutil;C:\Users\smhrd\AppData\Local\Programs\Python\Python312\Lib\site-packages\yaml;C:\Users\smhrd\AppData\Local\Programs\Python\Python312\Lib\site-packages;C:\ProgramData\Microsoft\Windows Defender\Platform\4.18.24020.7-0;C:\Users\smhrd\AppData\Local\Programs\Python\Python312\Lib\site-packages\numpy\core;C:\Users\smhrd\AppData\Local\Programs\Python\Python312\Lib\site-packages\numpy.libs;C:\Users\smhrd\AppData\Local\Programs\Python\Python312\Lib\site-packages\numpy\linalg;C:\Users\smhrd\AppData\Local\Programs\Python\Python312\Lib\site-packages\numpy\fft;C:\Users\smhrd\AppData\Local\Programs\Python\Python312\Lib\site-packages\numpy\random;C:\Program Files\Java\jdk-17\bin\server;C:\Program Files\Java\jdk-17\bin

VM Arguments:
jvm_args: -Dfile.encoding=UTF8 -ea -Xmx1024m 
java_command: <unknown>
java_class_path (initial): C:\Users\smhrd\AppData\Local\Programs\Python\Python312\Lib\site-packages\konlpy\java;C:\Users\smhrd\AppData\Local\Programs\Python\Python312\Lib\site-packages\konlpy\java\bin;C:\Users\smhrd\AppData\Local\Programs\Python\Python312\Lib\site-packages\konlpy\java\aho-corasick.jar;C:\Users\smhrd\AppData\Local\Programs\Python\Python312\Lib\site-packages\konlpy\java\jhannanum-0.8.4.jar;C:\Users\smhrd\AppData\Local\Programs\Python\Python312\Lib\site-packages\konlpy\java\kkma-2.0.jar;C:\Users\smhrd\AppData\Local\Programs\Python\Python312\Lib\site-packages\konlpy\java\komoran-3.0.jar;C:\Users\smhrd\AppData\Local\Programs\Python\Python312\Lib\site-packages\konlpy\java\open-korean-text-2.1.0.jar;C:\Users\smhrd\AppData\Local\Programs\Python\Python312\Lib\site-packages\konlpy\java\scala-library-2.12.3.jar;C:\Users\smhrd\AppData\Local\Programs\Python\Python312\Lib\site-packages\konlpy\java\shineware-common-1.0.jar;C:\Users\smhrd\AppData\Local\Programs\Python\Python312\Lib\site-packages\konlpy\java\shineware-ds-1.0.jar;C:\Users\smhrd\AppData\Local\Programs\Python\Python312\Lib\site-packages\konlpy\java\snakeyaml-1.12.jar;C:\Users\smhrd\AppData\Local\Programs\Python\Python312\Lib\site-packages\konlpy\java\twitter-text-1.14.7.jar;C:\Users\smhrd\AppData\Local\Programs\Python\Python312\Lib\site-packages\konlpy\java\jhannanum-0.8.4.jar;C:\Users\smhrd\AppData\Local\Programs\Python\Python312\Lib\site-packages\konlpy\java\kkma-2.0.jar;C:\Users\smhrd\AppData\Local\Programs\Python\Python312\Lib\site-packages\konlpy\java\aho-corasick.jar;C:\Users\smhrd\AppData\Local\Programs\Python\Python312\Lib\site-packages\konlpy\java\shineware-common-1.0.jar;C:\Users\smhrd\AppData\Local\Programs\Python\Python312\Lib\site-packages\konlpy\java\shineware-ds-1.0.jar;C:\Users\smhrd\AppData\Local\Programs\Python\Python312\Lib\site-packages\konlpy\java\komoran-3.0.jar;C:\Users\smhrd\AppData\Local\Programs\Python\Python312\Lib\site-packages\konlpy\java\snakeyaml-1.12.jar;C:\Users\smhrd
Launcher Type: generic

[Global flags]
     intx CICompilerCount                          = 4                                         {product} {ergonomic}
     uint ConcGCThreads                            = 2                                         {product} {ergonomic}
     uint G1ConcRefinementThreads                  = 8                                         {product} {ergonomic}
   size_t G1HeapRegionSize                         = 1048576                                   {product} {ergonomic}
    uintx GCDrainStackTargetSize                   = 64                                        {product} {ergonomic}
   size_t InitialHeapSize                          = 266338304                                 {product} {ergonomic}
   size_t MarkStackSize                            = 4194304                                   {product} {ergonomic}
   size_t MaxHeapSize                              = 1073741824                                {product} {command line}
   size_t MaxNewSize                               = 643825664                                 {product} {ergonomic}
   size_t MinHeapDeltaBytes                        = 1048576                                   {product} {ergonomic}
   size_t MinHeapSize                              = 8388608                                   {product} {ergonomic}
    uintx NonNMethodCodeHeapSize                   = 5839372                                {pd product} {ergonomic}
    uintx NonProfiledCodeHeapSize                  = 122909434                              {pd product} {ergonomic}
    uintx ProfiledCodeHeapSize                     = 122909434                              {pd product} {ergonomic}
    uintx ReservedCodeCacheSize                    = 251658240                              {pd product} {ergonomic}
     bool SegmentedCodeCache                       = true                                      {product} {ergonomic}
   size_t SoftMaxHeapSize                          = 1073741824                             {manageable} {ergonomic}
     bool UseCompressedClassPointers               = true                           {product lp64_product} {ergonomic}
     bool UseCompressedOops                        = true                           {product lp64_product} {ergonomic}
     bool UseG1GC                                  = true                                      {product} {ergonomic}
     bool UseLargePagesIndividualAllocation        = false                                  {pd product} {ergonomic}

Logging:
Log output configuration:
 #0: stdout all=warning uptime,level,tags
 #1: stderr all=off uptime,level,tags

Environment Variables:
JAVA_HOME=C:\Program Files\Java\jdk-17
PATH=C:\Program Files\Common Files\Oracle\Java\javapath;C:\oraclexe\app\oracle\product\11.2.0\server\bin;C:\WINDOWS\system32;C:\WINDOWS;C:\WINDOWS\System32\Wbem;C:\WINDOWS\System32\WindowsPowerShell\v1.0\;C:\WINDOWS\System32\OpenSSH\;C:\Program Files\Bandizip\;C:\Program Files\Java\jdk-11\bin;C:\apache-maven-3.9.6\bin;C:\Program Files\Java\jdk-17bin;C:\Program Files (x86)\Yarn\bin\;C:\Program Files\nodejs\;C:\Program Files\PowerShell\7\;C:\Program Files\Git\cmd;C:\Users\smhrd\AppData\Roaming\Microsoft\Windows\Start Menu\Programs\Python 3.12;C:\Users\smhrd\AppData\Roaming\Microsoft\Windows\Start Menu\Programs\Python 3.12\Scripts;C:\Program Files\OpenSSL-Win64\bin;C:\Users\smhrd\AppData\Local\Programs\Python\Python312\Scripts\;C:\Users\smhrd\AppData\Local\Programs\Python\Python312\;C:\Users\smhrd\AppData\Local\Programs\Python\Launcher\;C:\Users\smhrd\AppData\Local\Microsoft\WindowsApps;C:\Users\smhrd\AppData\Local\Programs\Microsoft VS Code\bin;C:\venvs;C:\Program Files\JetBrains\IntelliJ IDEA 2023.3.2\bin;;C:\Users\smhrd\AppData\Local\Yarn\bin;C:\Users\smhrd\AppData\Roaming\npm;C:\Users\smhrd\AppData\Local\Google\Cloud SDK\google-cloud-sdk\bin;C:\Users\smhrd\AppData\Local\Programs\mongosh\
USERNAME=smhrd
OS=Windows_NT
PROCESSOR_IDENTIFIER=Intel64 Family 6 Model 158 Stepping 13, GenuineIntel



---------------  S Y S T E M  ---------------

OS:
 Windows 10 , 64 bit Build 19041 (10.0.19041.3636)
OS uptime: 0 days 8:16 hours
Hyper-V role detected

CPU: total 8 (initial active 8) (8 cores per cpu, 1 threads per core) family 6 model 158 stepping 13 microcode 0xb8, cx8, cmov, fxsr, mmx, 3dnowpref, sse, sse2, sse3, ssse3, sse4.1, sse4.2, popcnt, lzcnt, tsc, tscinvbit, avx, avx2, aes, erms, clmul, bmi1, bmi2, rtm, adx, fma, vzeroupper, clflush, clflushopt, hv

Memory: 4k page, system-wide physical 16246M (5871M free)
TotalPageFile size 26998M (AvailPageFile size 10917M)
current process WorkingSet (physical memory assigned to process): 139M, peak: 147M
current process commit charge ("private bytes"): 413M, peak: 673M

vm_info: Java HotSpot(TM) 64-Bit Server VM (17.0.9+11-LTS-201) for windows-amd64 JRE (17.0.9+11-LTS-201), built on Oct 10 2023 23:16:06 by "mach5one" with MS VC++ 17.1 (VS2022)

END.
