#
# A fatal error has been detected by the Java Runtime Environment:
#
#  EXCEPTION_UNCAUGHT_CXX_EXCEPTION (0xe06d7363) at pc=0x00007ffa07d2ab89, pid=7780, tid=8932
#
# JRE version: Java(TM) SE Runtime Environment (17.0.10+11) (build 17.0.10+11-LTS-240)
# Java VM: Java HotSpot(TM) 64-Bit Server VM (17.0.10+11-LTS-240, mixed mode, sharing, tiered, compressed oops, compressed class ptrs, g1 gc, windows-amd64)
# Problematic frame:
# C  [KERNELBASE.dll+0x2ab89]
#
# No core dump will be written. Minidumps are not enabled by default on client versions of Windows
#
# If you would like to submit a bug report, please visit:
#   https://bugreport.java.com/bugreport/crash.jsp
# The crash happened outside the Java Virtual Machine in native code.
# See problematic frame for where to report the bug.
#

---------------  S U M M A R Y ------------

Command Line: -Dfile.encoding=UTF8 -ea -Xmx1024m 

Host: Intel(R) Core(TM) i7-9700 CPU @ 3.00GHz, 8 cores, 15G,  Windows 10 , 64 bit Build 19041 (10.0.19041.3636)
Time: Thu Apr 11 16:01:12 2024 대한민국 표준시 elapsed time: 0.318086 seconds (0d 0h 0m 0s)

---------------  T H R E A D  ---------------

Current thread (0x000001f82759b5d0):  JavaThread "main" [_thread_in_native, id=8932, stack(0x0000000ed0400000,0x0000000ed05f0000)]

Stack: [0x0000000ed0400000,0x0000000ed05f0000],  sp=0x0000000ed05eae90,  free space=1963k
Native frames: (J=compiled Java code, j=interpreted, Vv=VM code, C=native code)
C  [KERNELBASE.dll+0x2ab89]
C  [VCRUNTIME140_1.dll+0x2753]
C  [ntdll.dll+0xa1716]
C  [_jpype.cp311-win_amd64.pyd+0x3ae61]
C  [_jpype.cp311-win_amd64.pyd+0x3b6b3]
C  [_jpype.cp311-win_amd64.pyd+0x2affb]
C  0x000001f83767d621

Java frames: (J=compiled Java code, j=interpreted, Vv=VM code)
j  org.jpype.manager.TypeFactoryNative.newWrapper(JJ)V+0
j  org.jpype.JPypeContext.newWrapper(J)V+16
v  ~StubRoutines::call_stub

siginfo: EXCEPTION_UNCAUGHT_CXX_EXCEPTION (0xe06d7363), ExceptionInformation=0x0000000019930520 0x0000000ed05ed2e0 0x00007ff9e5696df8 0x00007ff9e5630000 


Registers:
RAX=0x000001f8376bc507, RBX=0x0000000ed05ec900, RCX=0x000001f8376bc410, RDX=0x00007ff900000000
RSP=0x0000000ed05eae90, RBP=0x0000000ed05eb570, RSI=0x0000000ed05ed150, RDI=0x0000000ed05ebd10
R8 =0x0000000e86024f90, R9 =0x0000000000000003, R10=0x00007ff9efc09e37, R11=0x000001f82759b880
R12=0x0000000000000000, R13=0x0000000ed05eaff8, R14=0x0000000ed05ebd10, R15=0x0000000ed05ebe78
RIP=0x00007ffa07d2ab89, EFLAGS=0x0000000000000206


Register to memory mapping:

RIP=0x00007ffa07d2ab89 KERNELBASE.dll
RAX=0x000001f8376bc507 is at code_begin+135 in 
[CodeBlob (0x000001f8376bc410)]
Framesize: 360
Runtime Stub (0x000001f8376bc410): wrong_method_stub
--------------------------------------------------------------------------------
Decoding CodeBlob, name: wrong_method_stub, at  [0x000001f8376bc480, 0x000001f8376bc640]  448 bytes
[MachCode]
  0x000001f8376bc480: 5548 8bec | 9c48 83ec | 0848 81ec | 8000 0000 | 4889 4424 | 7848 894c | 2470 4889 | 5424 6848 
  0x000001f8376bc4a0: 895c 2460 | 4889 6c24 | 5048 8974 | 2448 4889 | 7c24 404c | 8944 2438 | 4c89 4c24 | 304c 8954 
  0x000001f8376bc4c0: 2428 4c89 | 5c24 204c | 8964 2418 | 4c89 6c24 | 104c 8974 | 2408 4c89 | 3c24 4881 | ec80 0a00 
  0x000001f8376bc4e0: 0048 0fae | 0424 c5f8 | 7748 83ec | 20c5 f877 | 4989 a790 | 0200 0049 | 8bcf 49ba | c0f1 b6ad 
  0x000001f8376bc500: f97f 0000 | 41ff d249 | c787 9002 | 0000 0000 | 0000 49c7 | 8798 0200 | 0000 0000 | 00c5 f877 
  0x000001f8376bc520: 4981 7f08 | 0000 0000 | 0f85 8e00 | 0000 498b | 9ff0 0200 | 0049 c787 | f002 0000 | 0000 0000 
  0x000001f8376bc540: 4889 9c24 | 000b 0000 | 4889 8424 | 180b 0000 | 4883 c420 | c5f8 7748 | 0fae 0c24 | 4881 c480 
  0x000001f8376bc560: 0a00 004c | 8b3c 244c | 8b74 2408 | 4c8b 6c24 | 104c 8b64 | 2418 4c8b | 5c24 204c | 8b54 2428 
  0x000001f8376bc580: 4c8b 4c24 | 304c 8b44 | 2438 488b | 7c24 4048 | 8b74 2448 | 488b 6c24 | 5048 8b5c | 2460 488b 
  0x000001f8376bc5a0: 5424 6848 | 8b4c 2470 | 488b 4424 | 7848 81c4 | 8000 0000 | 4883 c408 | 9d5d ffe0 | 4883 c420 
  0x000001f8376bc5c0: c5f8 7748 | 0fae 0c24 | 4881 c480 | 0a00 004c | 8b3c 244c | 8b74 2408 | 4c8b 6c24 | 104c 8b64 
  0x000001f8376bc5e0: 2418 4c8b | 5c24 204c | 8b54 2428 | 4c8b 4c24 | 304c 8b44 | 2438 488b | 7c24 4048 | 8b74 2448 
  0x000001f8376bc600: 488b 6c24 | 5048 8b5c | 2460 488b | 5424 6848 | 8b4c 2470 | 488b 4424 | 7848 81c4 | 8000 0000 
  0x000001f8376bc620: 4883 c408 | 9d5d 49c7 | 87e8 0200 | 0000 0000 | 0049 8b47 | 08e9 c648 | fbff f4f4 | f4f4 f4f4 
[/MachCode]
--------------------------------------------------------------------------------
RBX=0x0000000ed05ec900 is pointing into the stack for thread: 0x000001f82759b5d0
RCX=0x000001f8376bc410 is at code_begin+-112 in 
[CodeBlob (0x000001f8376bc410)]
Framesize: 360
Runtime Stub (0x000001f8376bc410): wrong_method_stub
--------------------------------------------------------------------------------
Decoding CodeBlob, name: wrong_method_stub, at  [0x000001f8376bc480, 0x000001f8376bc640]  448 bytes
[MachCode]
  0x000001f8376bc480: 5548 8bec | 9c48 83ec | 0848 81ec | 8000 0000 | 4889 4424 | 7848 894c | 2470 4889 | 5424 6848 
  0x000001f8376bc4a0: 895c 2460 | 4889 6c24 | 5048 8974 | 2448 4889 | 7c24 404c | 8944 2438 | 4c89 4c24 | 304c 8954 
  0x000001f8376bc4c0: 2428 4c89 | 5c24 204c | 8964 2418 | 4c89 6c24 | 104c 8974 | 2408 4c89 | 3c24 4881 | ec80 0a00 
  0x000001f8376bc4e0: 0048 0fae | 0424 c5f8 | 7748 83ec | 20c5 f877 | 4989 a790 | 0200 0049 | 8bcf 49ba | c0f1 b6ad 
  0x000001f8376bc500: f97f 0000 | 41ff d249 | c787 9002 | 0000 0000 | 0000 49c7 | 8798 0200 | 0000 0000 | 00c5 f877 
  0x000001f8376bc520: 4981 7f08 | 0000 0000 | 0f85 8e00 | 0000 498b | 9ff0 0200 | 0049 c787 | f002 0000 | 0000 0000 
  0x000001f8376bc540: 4889 9c24 | 000b 0000 | 4889 8424 | 180b 0000 | 4883 c420 | c5f8 7748 | 0fae 0c24 | 4881 c480 
  0x000001f8376bc560: 0a00 004c | 8b3c 244c | 8b74 2408 | 4c8b 6c24 | 104c 8b64 | 2418 4c8b | 5c24 204c | 8b54 2428 
  0x000001f8376bc580: 4c8b 4c24 | 304c 8b44 | 2438 488b | 7c24 4048 | 8b74 2448 | 488b 6c24 | 5048 8b5c | 2460 488b 
  0x000001f8376bc5a0: 5424 6848 | 8b4c 2470 | 488b 4424 | 7848 81c4 | 8000 0000 | 4883 c408 | 9d5d ffe0 | 4883 c420 
  0x000001f8376bc5c0: c5f8 7748 | 0fae 0c24 | 4881 c480 | 0a00 004c | 8b3c 244c | 8b74 2408 | 4c8b 6c24 | 104c 8b64 
  0x000001f8376bc5e0: 2418 4c8b | 5c24 204c | 8b54 2428 | 4c8b 4c24 | 304c 8b44 | 2438 488b | 7c24 4048 | 8b74 2448 
  0x000001f8376bc600: 488b 6c24 | 5048 8b5c | 2460 488b | 5424 6848 | 8b4c 2470 | 488b 4424 | 7848 81c4 | 8000 0000 
  0x000001f8376bc620: 4883 c408 | 9d5d 49c7 | 87e8 0200 | 0000 0000 | 0049 8b47 | 08e9 c648 | fbff f4f4 | f4f4 f4f4 
[/MachCode]
--------------------------------------------------------------------------------
RDX=0x00007ff900000000 is an unknown value
RSP=0x0000000ed05eae90 is pointing into the stack for thread: 0x000001f82759b5d0
RBP=0x0000000ed05eb570 is pointing into the stack for thread: 0x000001f82759b5d0
RSI=0x0000000ed05ed150 is pointing into the stack for thread: 0x000001f82759b5d0
RDI=0x0000000ed05ebd10 is pointing into the stack for thread: 0x000001f82759b5d0
R8 =0x0000000e86024f90 is an unknown value
R9 =0x0000000000000003 is an unknown value
R10=0x00007ff9efc09e37 java.dll
R11=0x000001f82759b880 points into unknown readable memory: 0x00007ff9adf32670 | 70 26 f3 ad f9 7f 00 00
R12=0x0 is NULL
R13=0x0000000ed05eaff8 is pointing into the stack for thread: 0x000001f82759b5d0
R14=0x0000000ed05ebd10 is pointing into the stack for thread: 0x000001f82759b5d0
R15=0x0000000ed05ebe78 is pointing into the stack for thread: 0x000001f82759b5d0


Top of Stack: (sp=0x0000000ed05eae90)
0x0000000ed05eae90:   0000000000000000 0000000ed05ec900
0x0000000ed05eaea0:   0000000ed05ed150 00007ff9e564bd51
0x0000000ed05eaeb0:   00000001e06d7363 0000000000000000
0x0000000ed05eaec0:   00007ffa07d2ab89 0000000000000004
0x0000000ed05eaed0:   0000000019930520 0000000ed05ed2e0
0x0000000ed05eaee0:   00007ff9e5696df8 00007ff9e5630000
0x0000000ed05eaef0:   00006b0e4bdee240 00007ff9e567e0af
0x0000000ed05eaf00:   0000000ed05ec900 00007ff9fe943499
0x0000000ed05eaf10:   0000000e00000000 00007ff9fe9480e4
0x0000000ed05eaf20:   00007ffa021442b0 00007ffa02144280
0x0000000ed05eaf30:   0000000ed05ebd10 00007ff9fe9433d9
0x0000000ed05eaf40:   0000000ed05ec900 0000000ed05ed150
0x0000000ed05eaf50:   0000de07f678c09a 00007ffa02144280
0x0000000ed05eaf60:   0000000ed05ec900 00007ff9fe942753
0x0000000ed05eaf70:   00007ff9e567e070 0000000ed05ebe78
0x0000000ed05eaf80:   0000000000000100 0000000000000000 

Instructions: (pc=0x00007ffa07d2ab89)
0x00007ffa07d2aa89:   09 00 48 8b 84 24 b8 00 00 00 48 8b 8c 24 b0 05
0x00007ffa07d2aa99:   00 00 48 33 cc e8 2d ab 06 00 48 81 c4 c0 05 00
0x00007ffa07d2aaa9:   00 41 5f 41 5e 41 5d 5e 5b c3 cc 48 ff 15 6d a4
0x00007ffa07d2aab9:   1b 00 0f 1f 44 00 00 eb b0 cc cc cc cc cc cc cc
0x00007ffa07d2aac9:   cc cc cc cc cc cc cc 40 53 48 83 ec 30 48 8b d1
0x00007ffa07d2aad9:   48 8d 4c 24 20 e8 5d 23 00 00 85 c0 74 26 48 8b
0x00007ffa07d2aae9:   4c 24 28 e8 ef 38 00 00 48 8d 4c 24 20 8b d8 48
0x00007ffa07d2aaf9:   ff 15 71 9e 1b 00 0f 1f 44 00 00 8b c3 48 83 c4
0x00007ffa07d2ab09:   30 5b c3 cc 83 c8 ff eb f4 cc cc cc cc cc cc cc
0x00007ffa07d2ab19:   cc cc cc cc cc cc cc 48 81 ec d8 00 00 00 48 8b
0x00007ffa07d2ab29:   05 72 c3 28 00 48 33 c4 48 89 84 24 c0 00 00 00
0x00007ffa07d2ab39:   48 83 64 24 28 00 48 8d 05 da ff ff ff 83 e2 01
0x00007ffa07d2ab49:   89 4c 24 20 89 54 24 24 48 89 44 24 30 4d 85 c9
0x00007ffa07d2ab59:   74 4c b8 0f 00 00 00 48 8d 4c 24 40 44 3b c0 49
0x00007ffa07d2ab69:   8b d1 44 0f 47 c0 44 89 44 24 38 49 c1 e0 03 e8
0x00007ffa07d2ab79:   ba bf 08 00 48 8d 4c 24 20 48 ff 15 bf a5 1b 00
0x00007ffa07d2ab89:   0f 1f 44 00 00 48 8b 8c 24 c0 00 00 00 48 33 cc
0x00007ffa07d2ab99:   e8 32 aa 06 00 48 81 c4 d8 00 00 00 c3 cc 83 64
0x00007ffa07d2aba9:   24 38 00 eb cf cc cc cc cc cc cc cc cc cc cc cc
0x00007ffa07d2abb9:   cc cc cc cc cc cc cc 65 48 8b 04 25 30 00 00 00
0x00007ffa07d2abc9:   8b 40 68 c3 cc cc cc cc cc cc cc cc cc cc cc cc
0x00007ffa07d2abd9:   cc cc cc cc cc cc cc 48 89 5c 24 10 48 89 74 24
0x00007ffa07d2abe9:   18 57 41 54 41 55 41 56 41 57 48 81 ec b0 02 00
0x00007ffa07d2abf9:   00 48 8b 05 9f c2 28 00 48 33 c4 48 89 84 24 a0
0x00007ffa07d2ac09:   02 00 00 48 8d 15 af 09 1c 00 48 85 c9 48 0f 45
0x00007ffa07d2ac19:   d1 48 89 94 24 80 00 00 00 48 83 c8 ff 48 ff c0
0x00007ffa07d2ac29:   80 3c 02 00 75 f7 48 ff c0 48 89 84 24 88 00 00
0x00007ffa07d2ac39:   00 48 89 94 24 90 00 00 00 4c 8d 8c 24 88 00 00
0x00007ffa07d2ac49:   00 33 d2 b9 06 00 01 40 44 8d 42 02 e8 c6 fe ff
0x00007ffa07d2ac59:   ff e9 f0 01 00 00 33 f6 48 89 74 24 60 45 33 ff
0x00007ffa07d2ac69:   4c 89 7c 24 48 45 33 f6 4c 89 74 24 58 33 ff 48
0x00007ffa07d2ac79:   89 7c 24 50 e8 3e ff ff ff 89 44 24 40 48 39 35 


Stack slot to memory mapping:
stack at sp + 0 slots: 0x0 is NULL
stack at sp + 1 slots: 0x0000000ed05ec900 is pointing into the stack for thread: 0x000001f82759b5d0
stack at sp + 2 slots: 0x0000000ed05ed150 is pointing into the stack for thread: 0x000001f82759b5d0
stack at sp + 3 slots: 0x00007ff9e564bd51 _jpype.cp311-win_amd64.pyd
stack at sp + 4 slots: 0x00000001e06d7363 is an unknown value
stack at sp + 5 slots: 0x0 is NULL
stack at sp + 6 slots: 0x00007ffa07d2ab89 KERNELBASE.dll
stack at sp + 7 slots: 0x0000000000000004 is an unknown value


---------------  P R O C E S S  ---------------

Threads class SMR info:
_java_thread_list=0x000001f828086610, length=14, elements={
0x000001f82759b5d0, 0x000001f827599770, 0x000001f8275969e0, 0x000001f827599260,
0x000001f827596ef0, 0x000001f827598d50, 0x000001f8274104d0, 0x000001f8274114c0,
0x000001f827597e20, 0x000001f82759a190, 0x000001f827599c80, 0x000001f828091040,
0x000001f828094560, 0x000001f82759abb0
}

Java Threads: ( => current thread )
=>0x000001f82759b5d0 JavaThread "main" [_thread_in_native, id=8932, stack(0x0000000ed0400000,0x0000000ed05f0000)]
  0x000001f827599770 JavaThread "Reference Handler" daemon [_thread_blocked, id=13564, stack(0x0000000ed1950000,0x0000000ed1b40000)]
  0x000001f8275969e0 JavaThread "Finalizer" daemon [_thread_blocked, id=11736, stack(0x0000000ed1b40000,0x0000000ed1d30000)]
  0x000001f827599260 JavaThread "Attach Listener" daemon [_thread_blocked, id=11788, stack(0x0000000ed1f20000,0x0000000ed2110000)]
  0x000001f827596ef0 JavaThread "Service Thread" daemon [_thread_blocked, id=12476, stack(0x0000000ed2110000,0x0000000ed2300000)]
  0x000001f827598d50 JavaThread "Monitor Deflation Thread" daemon [_thread_blocked, id=10304, stack(0x0000000ed2300000,0x0000000ed24f0000)]
  0x000001f8274104d0 JavaThread "C2 CompilerThread0" daemon [_thread_blocked, id=1928, stack(0x0000000ed24f0000,0x0000000ed26e0000)]
  0x000001f8274114c0 JavaThread "C1 CompilerThread0" daemon [_thread_blocked, id=7500, stack(0x0000000ed26e0000,0x0000000ed28d0000)]
  0x000001f827597e20 JavaThread "Sweeper thread" daemon [_thread_blocked, id=13896, stack(0x0000000ed28d0000,0x0000000ed2ac0000)]
  0x000001f82759a190 JavaThread "Notification Thread" daemon [_thread_blocked, id=4920, stack(0x0000000ed2ac0000,0x0000000ed2cb0000)]
  0x000001f827599c80 JavaThread "Common-Cleaner" daemon [_thread_blocked, id=7932, stack(0x0000000ed2ea0000,0x0000000ed3090000)]
  0x000001f828091040 JavaThread "C2 CompilerThread1" daemon [_thread_blocked, id=10124, stack(0x0000000ed3c30000,0x0000000ed3e20000)]
  0x000001f828094560 JavaThread "C2 CompilerThread2" daemon [_thread_blocked, id=4560, stack(0x0000000ed3e20000,0x0000000ed4010000)]
  0x000001f82759abb0 JavaThread "SIGINT handler" daemon [_thread_blocked, id=1828, stack(0x0000000ed4010000,0x0000000ed4200000)]

Other Threads:
  0x000001f8241d4880 VMThread "VM Thread" [stack: 0x0000000ed1760000,0x0000000ed1950000] [id=9724] _threads_hazard_ptr=0x000001f828086610
  0x000001f8242aa3a0 GCTaskThread "GC Thread#0" [stack: 0x0000000ed0db0000,0x0000000ed0fa0000] [id=8868]
  0x000001f8242aa0e0 GCTaskThread "GC Thread#1" [stack: 0x0000000ed3280000,0x0000000ed3470000] [id=12336]
  0x000001f8242aabe0 GCTaskThread "GC Thread#2" [stack: 0x0000000ed3470000,0x0000000ed3660000] [id=2952]
  0x000001f8242ac760 GCTaskThread "GC Thread#3" [stack: 0x0000000ed3660000,0x0000000ed3850000] [id=13144]
  0x000001f8242aca20 GCTaskThread "GC Thread#4" [stack: 0x0000000ed3850000,0x0000000ed3a40000] [id=13288]
  0x000001f8242aaea0 GCTaskThread "GC Thread#5" [stack: 0x0000000ed3a40000,0x0000000ed3c30000] [id=10000]
  0x000001f8274231a0 ConcurrentGCThread "G1 Main Marker" terminated
  0x000001f8242a9e20 ConcurrentGCThread "G1 Conc#0" [stack: 0x0000000ed1190000,0x0000000ed1380000] [id=13516]
  0x000001f82756ee90 ConcurrentGCThread "G1 Refine#0" terminated
  0x000001f827400710 ConcurrentGCThread "G1 Service" terminated

Threads with active compile tasks:
C2 CompilerThread0      354  797       4       jdk.internal.jimage.ImageReader$SharedImageReader::lambda$handleModulesSubTree$1 (43 bytes)
C2 CompilerThread1      354  794       4       jdk.internal.jimage.ImageReader$Resource::create (17 bytes)
C2 CompilerThread2      354  763       4       jdk.internal.jimage.ImageLocation::getFullName (109 bytes)

VM state: at safepoint (normal execution)

VM Mutex/Monitor currently owned by a thread:  ([mutex/lock_event])
[0x000001f827a651f0] Threads_lock - owner thread: 0x000001f8241d4880
[0x000001f827a65040] Heap_lock - owner thread: 0x000001f82759abb0

Heap address: 0x00000000c0000000, size: 1024 MB, Compressed Oops mode: 32-bit

CDS archive(s) mapped at: [0x000001f845000000-0x000001f845bd0000-0x000001f845bd0000), size 12386304, SharedBaseAddress: 0x000001f845000000, ArchiveRelocationMode: 1.
Compressed class space mapped at: 0x000001f846000000-0x000001f886000000, reserved size: 1073741824
Narrow klass base: 0x000001f845000000, Narrow klass shift: 0, Narrow klass range: 0x100000000

GC Precious Log:
 CPUs: 8 total, 8 available
 Memory: 16247M
 Large Page Support: Disabled
 NUMA Support: Disabled
 Compressed Oops: Enabled (32-bit)
 Heap Region Size: 1M
 Heap Min Capacity: 8M
 Heap Initial Capacity: 254M
 Heap Max Capacity: 1G
 Pre-touch: Disabled
 Parallel Workers: 8
 Concurrent Workers: 2
 Concurrent Refinement Workers: 8
 Periodic GC: Disabled

Heap:
 garbage-first heap   total 140288K, used 15774K [0x00000000c0000000, 0x0000000100000000)
  region size 1024K, 13 young (13312K), 1 survivors (1024K)
 Metaspace       used 2137K, committed 2304K, reserved 1114112K
  class space    used 179K, committed 256K, reserved 1048576K

Heap Regions: E=young(eden), S=young(survivor), O=old, HS=humongous(starts), HC=humongous(continues), CS=collection set, F=free, OA=open archive, CA=closed archive, TAMS=top-at-mark-start (previous, next)
|   0|0x00000000c0000000, 0x00000000c0052548, 0x00000000c0100000| 32%| O|  |TAMS 0x00000000c0000000, 0x00000000c0000000| Untracked 
|   1|0x00000000c0100000, 0x00000000c0200000, 0x00000000c0200000|100%| O|  |TAMS 0x00000000c0100000, 0x00000000c0100000| Untracked 
|   2|0x00000000c0200000, 0x00000000c0300000, 0x00000000c0300000|100%| O|  |TAMS 0x00000000c0200000, 0x00000000c0200000| Untracked 
|   3|0x00000000c0300000, 0x00000000c032b200, 0x00000000c0400000| 16%| O|  |TAMS 0x00000000c0300000, 0x00000000c0300000| Untracked 
|   4|0x00000000c0400000, 0x00000000c0400000, 0x00000000c0500000|  0%| F|  |TAMS 0x00000000c0400000, 0x00000000c0400000| Untracked 
|   5|0x00000000c0500000, 0x00000000c0500000, 0x00000000c0600000|  0%| F|  |TAMS 0x00000000c0500000, 0x00000000c0500000| Untracked 
|   6|0x00000000c0600000, 0x00000000c0600000, 0x00000000c0700000|  0%| F|  |TAMS 0x00000000c0600000, 0x00000000c0600000| Untracked 
|   7|0x00000000c0700000, 0x00000000c0700000, 0x00000000c0800000|  0%| F|  |TAMS 0x00000000c0700000, 0x00000000c0700000| Untracked 
|   8|0x00000000c0800000, 0x00000000c08ae170, 0x00000000c0900000| 68%| S|CS|TAMS 0x00000000c0800000, 0x00000000c0800000| Complete 
|   9|0x00000000c0900000, 0x00000000c0901470, 0x00000000c0a00000|  0%| O|  |TAMS 0x00000000c0900000, 0x00000000c0900000| Untracked 
|  10|0x00000000c0a00000, 0x00000000c0a71ae0, 0x00000000c0b00000| 44%| O|  |TAMS 0x00000000c0a00000, 0x00000000c0a00000| Untracked 
|  11|0x00000000c0b00000, 0x00000000c0b34b08, 0x00000000c0c00000| 20%| O|  |TAMS 0x00000000c0b00000, 0x00000000c0b00000| Untracked 
|  12|0x00000000c0c00000, 0x00000000c0c00000, 0x00000000c0d00000|  0%| F|  |TAMS 0x00000000c0c00000, 0x00000000c0c00000| Untracked 
|  13|0x00000000c0d00000, 0x00000000c0d768f0, 0x00000000c0e00000| 46%| O|  |TAMS 0x00000000c0d00000, 0x00000000c0d00000| Untracked 
|  14|0x00000000c0e00000, 0x00000000c0e1df80, 0x00000000c0f00000| 11%| O|  |TAMS 0x00000000c0e00000, 0x00000000c0e00000| Untracked 
|  15|0x00000000c0f00000, 0x00000000c0f00000, 0x00000000c1000000|  0%| F|  |TAMS 0x00000000c0f00000, 0x00000000c0f00000| Untracked 
|  16|0x00000000c1000000, 0x00000000c1000000, 0x00000000c1100000|  0%| F|  |TAMS 0x00000000c1000000, 0x00000000c1000000| Untracked 
|  17|0x00000000c1100000, 0x00000000c1100000, 0x00000000c1200000|  0%| F|  |TAMS 0x00000000c1100000, 0x00000000c1100000| Untracked 
|  18|0x00000000c1200000, 0x00000000c1200000, 0x00000000c1300000|  0%| F|  |TAMS 0x00000000c1200000, 0x00000000c1200000| Untracked 
|  19|0x00000000c1300000, 0x00000000c1300000, 0x00000000c1400000|  0%| F|  |TAMS 0x00000000c1300000, 0x00000000c1300000| Untracked 
|  20|0x00000000c1400000, 0x00000000c1400000, 0x00000000c1500000|  0%| F|  |TAMS 0x00000000c1400000, 0x00000000c1400000| Untracked 
|  21|0x00000000c1500000, 0x00000000c1500000, 0x00000000c1600000|  0%| F|  |TAMS 0x00000000c1500000, 0x00000000c1500000| Untracked 
|  22|0x00000000c1600000, 0x00000000c1600000, 0x00000000c1700000|  0%| F|  |TAMS 0x00000000c1600000, 0x00000000c1600000| Untracked 
|  23|0x00000000c1700000, 0x00000000c1700000, 0x00000000c1800000|  0%| F|  |TAMS 0x00000000c1700000, 0x00000000c1700000| Untracked 
|  24|0x00000000c1800000, 0x00000000c1800000, 0x00000000c1900000|  0%| F|  |TAMS 0x00000000c1800000, 0x00000000c1800000| Untracked 
|  25|0x00000000c1900000, 0x00000000c1900000, 0x00000000c1a00000|  0%| F|  |TAMS 0x00000000c1900000, 0x00000000c1900000| Untracked 
|  26|0x00000000c1a00000, 0x00000000c1a00000, 0x00000000c1b00000|  0%| F|  |TAMS 0x00000000c1a00000, 0x00000000c1a00000| Untracked 
|  27|0x00000000c1b00000, 0x00000000c1b00000, 0x00000000c1c00000|  0%| F|  |TAMS 0x00000000c1b00000, 0x00000000c1b00000| Untracked 
|  28|0x00000000c1c00000, 0x00000000c1c00000, 0x00000000c1d00000|  0%| F|  |TAMS 0x00000000c1c00000, 0x00000000c1c00000| Untracked 
|  29|0x00000000c1d00000, 0x00000000c1d00000, 0x00000000c1e00000|  0%| F|  |TAMS 0x00000000c1d00000, 0x00000000c1d00000| Untracked 
|  30|0x00000000c1e00000, 0x00000000c1e00000, 0x00000000c1f00000|  0%| F|  |TAMS 0x00000000c1e00000, 0x00000000c1e00000| Untracked 
|  31|0x00000000c1f00000, 0x00000000c1f00000, 0x00000000c2000000|  0%| F|  |TAMS 0x00000000c1f00000, 0x00000000c1f00000| Untracked 
|  32|0x00000000c2000000, 0x00000000c2000000, 0x00000000c2100000|  0%| F|  |TAMS 0x00000000c2000000, 0x00000000c2000000| Untracked 
|  33|0x00000000c2100000, 0x00000000c2100000, 0x00000000c2200000|  0%| F|  |TAMS 0x00000000c2100000, 0x00000000c2100000| Untracked 
|  34|0x00000000c2200000, 0x00000000c2200000, 0x00000000c2300000|  0%| F|  |TAMS 0x00000000c2200000, 0x00000000c2200000| Untracked 
|  35|0x00000000c2300000, 0x00000000c2300000, 0x00000000c2400000|  0%| F|  |TAMS 0x00000000c2300000, 0x00000000c2300000| Untracked 
|  36|0x00000000c2400000, 0x00000000c2400000, 0x00000000c2500000|  0%| F|  |TAMS 0x00000000c2400000, 0x00000000c2400000| Untracked 
|  37|0x00000000c2500000, 0x00000000c2500000, 0x00000000c2600000|  0%| F|  |TAMS 0x00000000c2500000, 0x00000000c2500000| Untracked 
|  38|0x00000000c2600000, 0x00000000c2600000, 0x00000000c2700000|  0%| F|  |TAMS 0x00000000c2600000, 0x00000000c2600000| Untracked 
|  39|0x00000000c2700000, 0x00000000c2700000, 0x00000000c2800000|  0%| F|  |TAMS 0x00000000c2700000, 0x00000000c2700000| Untracked 
|  40|0x00000000c2800000, 0x00000000c2800000, 0x00000000c2900000|  0%| F|  |TAMS 0x00000000c2800000, 0x00000000c2800000| Untracked 
|  41|0x00000000c2900000, 0x00000000c2900000, 0x00000000c2a00000|  0%| F|  |TAMS 0x00000000c2900000, 0x00000000c2900000| Untracked 
|  42|0x00000000c2a00000, 0x00000000c2a00000, 0x00000000c2b00000|  0%| F|  |TAMS 0x00000000c2a00000, 0x00000000c2a00000| Untracked 
|  43|0x00000000c2b00000, 0x00000000c2b00000, 0x00000000c2c00000|  0%| F|  |TAMS 0x00000000c2b00000, 0x00000000c2b00000| Untracked 
|  44|0x00000000c2c00000, 0x00000000c2c00000, 0x00000000c2d00000|  0%| F|  |TAMS 0x00000000c2c00000, 0x00000000c2c00000| Untracked 
|  45|0x00000000c2d00000, 0x00000000c2d00000, 0x00000000c2e00000|  0%| F|  |TAMS 0x00000000c2d00000, 0x00000000c2d00000| Untracked 
|  46|0x00000000c2e00000, 0x00000000c2e00000, 0x00000000c2f00000|  0%| F|  |TAMS 0x00000000c2e00000, 0x00000000c2e00000| Untracked 
|  47|0x00000000c2f00000, 0x00000000c2f00000, 0x00000000c3000000|  0%| F|  |TAMS 0x00000000c2f00000, 0x00000000c2f00000| Untracked 
|  48|0x00000000c3000000, 0x00000000c3000000, 0x00000000c3100000|  0%| F|  |TAMS 0x00000000c3000000, 0x00000000c3000000| Untracked 
|  49|0x00000000c3100000, 0x00000000c3100000, 0x00000000c3200000|  0%| F|  |TAMS 0x00000000c3100000, 0x00000000c3100000| Untracked 
|  50|0x00000000c3200000, 0x00000000c3200000, 0x00000000c3300000|  0%| F|  |TAMS 0x00000000c3200000, 0x00000000c3200000| Untracked 
|  51|0x00000000c3300000, 0x00000000c3300000, 0x00000000c3400000|  0%| F|  |TAMS 0x00000000c3300000, 0x00000000c3300000| Untracked 
|  52|0x00000000c3400000, 0x00000000c3400000, 0x00000000c3500000|  0%| F|  |TAMS 0x00000000c3400000, 0x00000000c3400000| Untracked 
|  53|0x00000000c3500000, 0x00000000c3500000, 0x00000000c3600000|  0%| F|  |TAMS 0x00000000c3500000, 0x00000000c3500000| Untracked 
|  54|0x00000000c3600000, 0x00000000c3600000, 0x00000000c3700000|  0%| F|  |TAMS 0x00000000c3600000, 0x00000000c3600000| Untracked 
|  55|0x00000000c3700000, 0x00000000c3700000, 0x00000000c3800000|  0%| F|  |TAMS 0x00000000c3700000, 0x00000000c3700000| Untracked 
|  56|0x00000000c3800000, 0x00000000c3800000, 0x00000000c3900000|  0%| F|  |TAMS 0x00000000c3800000, 0x00000000c3800000| Untracked 
|  57|0x00000000c3900000, 0x00000000c3900000, 0x00000000c3a00000|  0%| F|  |TAMS 0x00000000c3900000, 0x00000000c3900000| Untracked 
|  58|0x00000000c3a00000, 0x00000000c3a00000, 0x00000000c3b00000|  0%| F|  |TAMS 0x00000000c3a00000, 0x00000000c3a00000| Untracked 
|  59|0x00000000c3b00000, 0x00000000c3b00000, 0x00000000c3c00000|  0%| F|  |TAMS 0x00000000c3b00000, 0x00000000c3b00000| Untracked 
|  60|0x00000000c3c00000, 0x00000000c3c00000, 0x00000000c3d00000|  0%| F|  |TAMS 0x00000000c3c00000, 0x00000000c3c00000| Untracked 
|  61|0x00000000c3d00000, 0x00000000c3d00000, 0x00000000c3e00000|  0%| F|  |TAMS 0x00000000c3d00000, 0x00000000c3d00000| Untracked 
|  62|0x00000000c3e00000, 0x00000000c3e00000, 0x00000000c3f00000|  0%| F|  |TAMS 0x00000000c3e00000, 0x00000000c3e00000| Untracked 
|  63|0x00000000c3f00000, 0x00000000c3f00000, 0x00000000c4000000|  0%| F|  |TAMS 0x00000000c3f00000, 0x00000000c3f00000| Untracked 
|  64|0x00000000c4000000, 0x00000000c4000000, 0x00000000c4100000|  0%| F|  |TAMS 0x00000000c4000000, 0x00000000c4000000| Untracked 
|  65|0x00000000c4100000, 0x00000000c4100000, 0x00000000c4200000|  0%| F|  |TAMS 0x00000000c4100000, 0x00000000c4100000| Untracked 
|  66|0x00000000c4200000, 0x00000000c4200000, 0x00000000c4300000|  0%| F|  |TAMS 0x00000000c4200000, 0x00000000c4200000| Untracked 
|  67|0x00000000c4300000, 0x00000000c4300000, 0x00000000c4400000|  0%| F|  |TAMS 0x00000000c4300000, 0x00000000c4300000| Untracked 
|  68|0x00000000c4400000, 0x00000000c4400000, 0x00000000c4500000|  0%| F|  |TAMS 0x00000000c4400000, 0x00000000c4400000| Untracked 
|  69|0x00000000c4500000, 0x00000000c4500000, 0x00000000c4600000|  0%| F|  |TAMS 0x00000000c4500000, 0x00000000c4500000| Untracked 
|  70|0x00000000c4600000, 0x00000000c4600000, 0x00000000c4700000|  0%| F|  |TAMS 0x00000000c4600000, 0x00000000c4600000| Untracked 
|  71|0x00000000c4700000, 0x00000000c4700000, 0x00000000c4800000|  0%| F|  |TAMS 0x00000000c4700000, 0x00000000c4700000| Untracked 
|  72|0x00000000c4800000, 0x00000000c4800000, 0x00000000c4900000|  0%| F|  |TAMS 0x00000000c4800000, 0x00000000c4800000| Untracked 
|  73|0x00000000c4900000, 0x00000000c4900000, 0x00000000c4a00000|  0%| F|  |TAMS 0x00000000c4900000, 0x00000000c4900000| Untracked 
|  74|0x00000000c4a00000, 0x00000000c4a00000, 0x00000000c4b00000|  0%| F|  |TAMS 0x00000000c4a00000, 0x00000000c4a00000| Untracked 
|  75|0x00000000c4b00000, 0x00000000c4b00000, 0x00000000c4c00000|  0%| F|  |TAMS 0x00000000c4b00000, 0x00000000c4b00000| Untracked 
|  76|0x00000000c4c00000, 0x00000000c4c00000, 0x00000000c4d00000|  0%| F|  |TAMS 0x00000000c4c00000, 0x00000000c4c00000| Untracked 
|  77|0x00000000c4d00000, 0x00000000c4d00000, 0x00000000c4e00000|  0%| F|  |TAMS 0x00000000c4d00000, 0x00000000c4d00000| Untracked 
|  78|0x00000000c4e00000, 0x00000000c4e00000, 0x00000000c4f00000|  0%| F|  |TAMS 0x00000000c4e00000, 0x00000000c4e00000| Untracked 
|  79|0x00000000c4f00000, 0x00000000c4f00000, 0x00000000c5000000|  0%| F|  |TAMS 0x00000000c4f00000, 0x00000000c4f00000| Untracked 
|  80|0x00000000c5000000, 0x00000000c5000000, 0x00000000c5100000|  0%| F|  |TAMS 0x00000000c5000000, 0x00000000c5000000| Untracked 
|  81|0x00000000c5100000, 0x00000000c5100000, 0x00000000c5200000|  0%| F|  |TAMS 0x00000000c5100000, 0x00000000c5100000| Untracked 
|  82|0x00000000c5200000, 0x00000000c5200000, 0x00000000c5300000|  0%| F|  |TAMS 0x00000000c5200000, 0x00000000c5200000| Untracked 
|  83|0x00000000c5300000, 0x00000000c5300000, 0x00000000c5400000|  0%| F|  |TAMS 0x00000000c5300000, 0x00000000c5300000| Untracked 
|  84|0x00000000c5400000, 0x00000000c5400000, 0x00000000c5500000|  0%| F|  |TAMS 0x00000000c5400000, 0x00000000c5400000| Untracked 
|  85|0x00000000c5500000, 0x00000000c5500000, 0x00000000c5600000|  0%| F|  |TAMS 0x00000000c5500000, 0x00000000c5500000| Untracked 
|  86|0x00000000c5600000, 0x00000000c5600000, 0x00000000c5700000|  0%| F|  |TAMS 0x00000000c5600000, 0x00000000c5600000| Untracked 
|  87|0x00000000c5700000, 0x00000000c5700000, 0x00000000c5800000|  0%| F|  |TAMS 0x00000000c5700000, 0x00000000c5700000| Untracked 
|  88|0x00000000c5800000, 0x00000000c5800000, 0x00000000c5900000|  0%| F|  |TAMS 0x00000000c5800000, 0x00000000c5800000| Untracked 
|  89|0x00000000c5900000, 0x00000000c5900000, 0x00000000c5a00000|  0%| F|  |TAMS 0x00000000c5900000, 0x00000000c5900000| Untracked 
|  90|0x00000000c5a00000, 0x00000000c5a00000, 0x00000000c5b00000|  0%| F|  |TAMS 0x00000000c5a00000, 0x00000000c5a00000| Untracked 
|  91|0x00000000c5b00000, 0x00000000c5b00000, 0x00000000c5c00000|  0%| F|  |TAMS 0x00000000c5b00000, 0x00000000c5b00000| Untracked 
|  92|0x00000000c5c00000, 0x00000000c5c00000, 0x00000000c5d00000|  0%| F|  |TAMS 0x00000000c5c00000, 0x00000000c5c00000| Untracked 
|  93|0x00000000c5d00000, 0x00000000c5d00000, 0x00000000c5e00000|  0%| F|  |TAMS 0x00000000c5d00000, 0x00000000c5d00000| Untracked 
|  94|0x00000000c5e00000, 0x00000000c5e00000, 0x00000000c5f00000|  0%| F|  |TAMS 0x00000000c5e00000, 0x00000000c5e00000| Untracked 
|  95|0x00000000c5f00000, 0x00000000c5f00000, 0x00000000c6000000|  0%| F|  |TAMS 0x00000000c5f00000, 0x00000000c5f00000| Untracked 
|  96|0x00000000c6000000, 0x00000000c6000000, 0x00000000c6100000|  0%| F|  |TAMS 0x00000000c6000000, 0x00000000c6000000| Untracked 
|  97|0x00000000c6100000, 0x00000000c6100000, 0x00000000c6200000|  0%| F|  |TAMS 0x00000000c6100000, 0x00000000c6100000| Untracked 
|  98|0x00000000c6200000, 0x00000000c6200000, 0x00000000c6300000|  0%| F|  |TAMS 0x00000000c6200000, 0x00000000c6200000| Untracked 
|  99|0x00000000c6300000, 0x00000000c6300000, 0x00000000c6400000|  0%| F|  |TAMS 0x00000000c6300000, 0x00000000c6300000| Untracked 
| 100|0x00000000c6400000, 0x00000000c6400000, 0x00000000c6500000|  0%| F|  |TAMS 0x00000000c6400000, 0x00000000c6400000| Untracked 
| 101|0x00000000c6500000, 0x00000000c6500000, 0x00000000c6600000|  0%| F|  |TAMS 0x00000000c6500000, 0x00000000c6500000| Untracked 
| 102|0x00000000c6600000, 0x00000000c6600000, 0x00000000c6700000|  0%| F|  |TAMS 0x00000000c6600000, 0x00000000c6600000| Untracked 
| 103|0x00000000c6700000, 0x00000000c6700000, 0x00000000c6800000|  0%| F|  |TAMS 0x00000000c6700000, 0x00000000c6700000| Untracked 
| 104|0x00000000c6800000, 0x00000000c6800000, 0x00000000c6900000|  0%| F|  |TAMS 0x00000000c6800000, 0x00000000c6800000| Untracked 
| 105|0x00000000c6900000, 0x00000000c6900000, 0x00000000c6a00000|  0%| F|  |TAMS 0x00000000c6900000, 0x00000000c6900000| Untracked 
| 106|0x00000000c6a00000, 0x00000000c6a00000, 0x00000000c6b00000|  0%| F|  |TAMS 0x00000000c6a00000, 0x00000000c6a00000| Untracked 
| 107|0x00000000c6b00000, 0x00000000c6b00000, 0x00000000c6c00000|  0%| F|  |TAMS 0x00000000c6b00000, 0x00000000c6b00000| Untracked 
| 108|0x00000000c6c00000, 0x00000000c6c00000, 0x00000000c6d00000|  0%| F|  |TAMS 0x00000000c6c00000, 0x00000000c6c00000| Untracked 
| 109|0x00000000c6d00000, 0x00000000c6d00000, 0x00000000c6e00000|  0%| F|  |TAMS 0x00000000c6d00000, 0x00000000c6d00000| Untracked 
| 110|0x00000000c6e00000, 0x00000000c6e00000, 0x00000000c6f00000|  0%| F|  |TAMS 0x00000000c6e00000, 0x00000000c6e00000| Untracked 
| 111|0x00000000c6f00000, 0x00000000c6f00000, 0x00000000c7000000|  0%| F|  |TAMS 0x00000000c6f00000, 0x00000000c6f00000| Untracked 
| 112|0x00000000c7000000, 0x00000000c7000000, 0x00000000c7100000|  0%| F|  |TAMS 0x00000000c7000000, 0x00000000c7000000| Untracked 
| 113|0x00000000c7100000, 0x00000000c7100000, 0x00000000c7200000|  0%| F|  |TAMS 0x00000000c7100000, 0x00000000c7100000| Untracked 
| 114|0x00000000c7200000, 0x00000000c7200000, 0x00000000c7300000|  0%| F|  |TAMS 0x00000000c7200000, 0x00000000c7200000| Untracked 
| 115|0x00000000c7300000, 0x00000000c7300000, 0x00000000c7400000|  0%| F|  |TAMS 0x00000000c7300000, 0x00000000c7300000| Untracked 
| 116|0x00000000c7400000, 0x00000000c7400000, 0x00000000c7500000|  0%| F|  |TAMS 0x00000000c7400000, 0x00000000c7400000| Untracked 
| 117|0x00000000c7500000, 0x00000000c7500000, 0x00000000c7600000|  0%| F|  |TAMS 0x00000000c7500000, 0x00000000c7500000| Untracked 
| 118|0x00000000c7600000, 0x00000000c7600000, 0x00000000c7700000|  0%| F|  |TAMS 0x00000000c7600000, 0x00000000c7600000| Untracked 
| 119|0x00000000c7700000, 0x00000000c7700000, 0x00000000c7800000|  0%| F|  |TAMS 0x00000000c7700000, 0x00000000c7700000| Untracked 
| 120|0x00000000c7800000, 0x00000000c7800000, 0x00000000c7900000|  0%| F|  |TAMS 0x00000000c7800000, 0x00000000c7800000| Untracked 
| 121|0x00000000c7900000, 0x00000000c7900000, 0x00000000c7a00000|  0%| F|  |TAMS 0x00000000c7900000, 0x00000000c7900000| Untracked 
| 122|0x00000000c7a00000, 0x00000000c7a00000, 0x00000000c7b00000|  0%| F|  |TAMS 0x00000000c7a00000, 0x00000000c7a00000| Untracked 
| 123|0x00000000c7b00000, 0x00000000c7b00000, 0x00000000c7c00000|  0%| F|  |TAMS 0x00000000c7b00000, 0x00000000c7b00000| Untracked 
| 124|0x00000000c7c00000, 0x00000000c7c00000, 0x00000000c7d00000|  0%| F|  |TAMS 0x00000000c7c00000, 0x00000000c7c00000| Untracked 
| 125|0x00000000c7d00000, 0x00000000c7e00000, 0x00000000c7e00000|100%| E|  |TAMS 0x00000000c7d00000, 0x00000000c7d00000| Complete 
| 126|0x00000000c7e00000, 0x00000000c7f00000, 0x00000000c7f00000|100%| E|CS|TAMS 0x00000000c7e00000, 0x00000000c7e00000| Complete 
| 127|0x00000000c7f00000, 0x00000000c8000000, 0x00000000c8000000|100%| E|CS|TAMS 0x00000000c7f00000, 0x00000000c7f00000| Complete 
| 128|0x00000000c8000000, 0x00000000c8100000, 0x00000000c8100000|100%| E|CS|TAMS 0x00000000c8000000, 0x00000000c8000000| Complete 
| 129|0x00000000c8100000, 0x00000000c8200000, 0x00000000c8200000|100%| E|CS|TAMS 0x00000000c8100000, 0x00000000c8100000| Complete 
| 130|0x00000000c8200000, 0x00000000c8300000, 0x00000000c8300000|100%| E|CS|TAMS 0x00000000c8200000, 0x00000000c8200000| Complete 
| 131|0x00000000c8300000, 0x00000000c8400000, 0x00000000c8400000|100%| E|CS|TAMS 0x00000000c8300000, 0x00000000c8300000| Complete 
| 132|0x00000000c8400000, 0x00000000c8500000, 0x00000000c8500000|100%| E|CS|TAMS 0x00000000c8400000, 0x00000000c8400000| Complete 
| 133|0x00000000c8500000, 0x00000000c8600000, 0x00000000c8600000|100%| E|CS|TAMS 0x00000000c8500000, 0x00000000c8500000| Complete 
| 134|0x00000000c8600000, 0x00000000c8700000, 0x00000000c8700000|100%| E|CS|TAMS 0x00000000c8600000, 0x00000000c8600000| Complete 
| 135|0x00000000c8700000, 0x00000000c8800000, 0x00000000c8800000|100%| E|CS|TAMS 0x00000000c8700000, 0x00000000c8700000| Complete 
| 136|0x00000000c8800000, 0x00000000c8900000, 0x00000000c8900000|100%| E|CS|TAMS 0x00000000c8800000, 0x00000000c8800000| Complete 

Card table byte_map: [0x000001f83fcc0000,0x000001f83fec0000] _byte_map_base: 0x000001f83f6c0000

Marking Bits (Prev, Next): (CMBitMap*) 0x000001f827ab9490, (CMBitMap*) 0x000001f827ab9450
 Prev Bits: [0x000001f8410c0000, 0x000001f8420c0000)
 Next Bits: [0x000001f8400c0000, 0x000001f8410c0000)

Polling page: 0x000001f828800000

Metaspace:

Usage:
  Non-class:      1.91 MB used.
      Class:    179.41 KB used.
       Both:      2.09 MB used.

Virtual space:
  Non-class space:       64.00 MB reserved,       2.00 MB (  3%) committed,  1 nodes.
      Class space:        1.00 GB reserved,     256.00 KB ( <1%) committed,  1 nodes.
             Both:        1.06 GB reserved,       2.25 MB ( <1%) committed. 

Chunk freelists:
   Non-Class:  11.76 MB
       Class:  15.73 MB
        Both:  27.48 MB

MaxMetaspaceSize: unlimited
CompressedClassSpaceSize: 1.00 GB
Initial GC threshold: 21.00 MB
Current GC threshold: 21.00 MB
CDS: on
MetaspaceReclaimPolicy: balanced
 - commit_granule_bytes: 65536.
 - commit_granule_words: 8192.
 - virtual_space_node_default_size: 8388608.
 - enlarge_chunks_in_place: 1.
 - new_chunks_are_fully_committed: 0.
 - uncommit_free_chunks: 1.
 - use_allocation_guard: 0.
 - handle_deallocations: 1.


Internal statistics:

num_allocs_failed_limit: 0.
num_arena_births: 20.
num_arena_deaths: 0.
num_vsnodes_births: 2.
num_vsnodes_deaths: 0.
num_space_committed: 36.
num_space_uncommitted: 0.
num_chunks_returned_to_freelist: 0.
num_chunks_taken_from_freelist: 39.
num_chunk_merges: 0.
num_chunk_splits: 21.
num_chunks_enlarged: 13.
num_inconsistent_stats: 0.

CodeHeap 'non-profiled nmethods': size=120000Kb used=267Kb max_used=267Kb free=119732Kb
 bounds [0x000001f837c10000, 0x000001f837e80000, 0x000001f83f140000]
CodeHeap 'profiled nmethods': size=120000Kb used=1426Kb max_used=1426Kb free=118573Kb
 bounds [0x000001f830140000, 0x000001f8303b0000, 0x000001f837670000]
CodeHeap 'non-nmethods': size=5760Kb used=1126Kb max_used=1171Kb free=4633Kb
 bounds [0x000001f837670000, 0x000001f8378e0000, 0x000001f837c10000]
 total_blobs=1251 nmethods=849 adapters=314
 compilation: enabled
              stopped_count=0, restarted_count=0
 full_count=0

Compilation events (20 events):
Event: 0.253 Thread 0x000001f8274114c0  846       3       jdk.internal.jimage.BasicImageReader::getLocationIndex (45 bytes)
Event: 0.253 Thread 0x000001f8274114c0 nmethod 846 0x000001f83029fb10 code [0x000001f83029fd00, 0x000001f8302a01a8]
Event: 0.255 Thread 0x000001f8274114c0  850       3       java.util.TimSort::countRunAndMakeAscending (128 bytes)
Event: 0.256 Thread 0x000001f8274114c0 nmethod 850 0x000001f8302a0390 code [0x000001f8302a05a0, 0x000001f8302a0cd8]
Event: 0.256 Thread 0x000001f8274114c0  851       3       java.util.TimSort::binarySort (223 bytes)
Event: 0.256 Thread 0x000001f8274114c0 nmethod 851 0x000001f8302a0f90 code [0x000001f8302a11a0, 0x000001f8302a1cb8]
Event: 0.256 Thread 0x000001f8274114c0  852       3       java.nio.HeapByteBuffer::asIntBuffer (67 bytes)
Event: 0.256 Thread 0x000001f8274114c0 nmethod 852 0x000001f8302a1f90 code [0x000001f8302a2160, 0x000001f8302a2498]
Event: 0.256 Thread 0x000001f8274114c0  853       3       java.nio.ByteBufferAsIntBufferL::<init> (50 bytes)
Event: 0.256 Thread 0x000001f8274114c0 nmethod 853 0x000001f8302a2590 code [0x000001f8302a2740, 0x000001f8302a2908]
Event: 0.257 Thread 0x000001f8274114c0  855       3       sun.nio.fs.WindowsPathParser::isSlash (18 bytes)
Event: 0.257 Thread 0x000001f8274114c0 nmethod 855 0x000001f8302a2a10 code [0x000001f8302a2ba0, 0x000001f8302a2d18]
Event: 0.258 Thread 0x000001f8274114c0  856       3       java.util.concurrent.ConcurrentHashMap$Traverser::advance (188 bytes)
Event: 0.258 Thread 0x000001f8274114c0 nmethod 856 0x000001f8302a2d90 code [0x000001f8302a2fe0, 0x000001f8302a3bc8]
Event: 0.258 Thread 0x000001f8274114c0  857       3       java.util.concurrent.ConcurrentHashMap$BaseIterator::hasNext (13 bytes)
Event: 0.258 Thread 0x000001f8274114c0 nmethod 857 0x000001f8302a3e90 code [0x000001f8302a4020, 0x000001f8302a4198]
Event: 0.258 Thread 0x000001f8274114c0  858       1       jdk.internal.loader.URLClassPath$Loader::getBaseURL (5 bytes)
Event: 0.258 Thread 0x000001f8274114c0 nmethod 858 0x000001f837c52a10 code [0x000001f837c52ba0, 0x000001f837c52c78]
Event: 0.302 Thread 0x000001f8274114c0  859       3       java.util.HashMap$HashIterator::nextNode (100 bytes)
Event: 0.302 Thread 0x000001f8274114c0 nmethod 859 0x000001f8302a4210 code [0x000001f8302a4400, 0x000001f8302a4938]

GC Heap History (10 events):
Event: 0.125 GC heap before
{Heap before GC invocations=0 (full 0):
 garbage-first heap   total 260096K, used 4096K [0x00000000c0000000, 0x0000000100000000)
  region size 1024K, 6 young (6144K), 0 survivors (0K)
 Metaspace       used 1382K, committed 1536K, reserved 1114112K
  class space    used 121K, committed 192K, reserved 1048576K
}
Event: 0.127 GC heap after
{Heap after GC invocations=1 (full 1):
 garbage-first heap   total 20480K, used 1594K [0x00000000c0000000, 0x0000000100000000)
  region size 1024K, 0 young (0K), 0 survivors (0K)
 Metaspace       used 1382K, committed 1536K, reserved 1114112K
  class space    used 121K, committed 192K, reserved 1048576K
}
Event: 0.209 GC heap before
{Heap before GC invocations=1 (full 1):
 garbage-first heap   total 20480K, used 6714K [0x00000000c0000000, 0x0000000100000000)
  region size 1024K, 5 young (5120K), 0 survivors (0K)
 Metaspace       used 2026K, committed 2176K, reserved 1114112K
  class space    used 173K, committed 256K, reserved 1048576K
}
Event: 0.210 GC heap after
{Heap after GC invocations=2 (full 1):
 garbage-first heap   total 20480K, used 2554K [0x00000000c0000000, 0x0000000100000000)
  region size 1024K, 1 young (1024K), 1 survivors (1024K)
 Metaspace       used 2026K, committed 2176K, reserved 1114112K
  class space    used 173K, committed 256K, reserved 1048576K
}
Event: 0.218 GC heap before
{Heap before GC invocations=2 (full 1):
 garbage-first heap   total 20480K, used 7674K [0x00000000c0000000, 0x0000000100000000)
  region size 1024K, 6 young (6144K), 1 survivors (1024K)
 Metaspace       used 2030K, committed 2176K, reserved 1114112K
  class space    used 173K, committed 256K, reserved 1048576K
}
Event: 0.219 GC heap after
{Heap after GC invocations=3 (full 1):
 garbage-first heap   total 20480K, used 3112K [0x00000000c0000000, 0x0000000100000000)
  region size 1024K, 1 young (1024K), 1 survivors (1024K)
 Metaspace       used 2030K, committed 2176K, reserved 1114112K
  class space    used 173K, committed 256K, reserved 1048576K
}
Event: 0.226 GC heap before
{Heap before GC invocations=3 (full 1):
 garbage-first heap   total 20480K, used 8232K [0x00000000c0000000, 0x0000000100000000)
  region size 1024K, 6 young (6144K), 1 survivors (1024K)
 Metaspace       used 2047K, committed 2176K, reserved 1114112K
  class space    used 173K, committed 256K, reserved 1048576K
}
Event: 0.228 GC heap after
{Heap after GC invocations=4 (full 1):
 garbage-first heap   total 20480K, used 3786K [0x00000000c0000000, 0x0000000100000000)
  region size 1024K, 1 young (1024K), 1 survivors (1024K)
 Metaspace       used 2047K, committed 2176K, reserved 1114112K
  class space    used 173K, committed 256K, reserved 1048576K
}
Event: 0.234 GC heap before
{Heap before GC invocations=4 (full 1):
 garbage-first heap   total 20480K, used 8906K [0x00000000c0000000, 0x0000000100000000)
  region size 1024K, 6 young (6144K), 1 survivors (1024K)
 Metaspace       used 2052K, committed 2176K, reserved 1114112K
  class space    used 173K, committed 256K, reserved 1048576K
}
Event: 0.236 GC heap after
{Heap after GC invocations=5 (full 1):
 garbage-first heap   total 140288K, used 4510K [0x00000000c0000000, 0x0000000100000000)
  region size 1024K, 1 young (1024K), 1 survivors (1024K)
 Metaspace       used 2052K, committed 2176K, reserved 1114112K
  class space    used 173K, committed 256K, reserved 1048576K
}

Deoptimization events (20 events):
Event: 0.208 Thread 0x000001f82759b5d0 DEOPT PACKING pc=0x000001f830236f2e sp=0x0000000ed05ec040
Event: 0.208 Thread 0x000001f82759b5d0 DEOPT UNPACKING pc=0x000001f8376c2b43 sp=0x0000000ed05eb4c8 mode 0
Event: 0.208 Thread 0x000001f82759b5d0 DEOPT PACKING pc=0x000001f830236f2e sp=0x0000000ed05ec040
Event: 0.208 Thread 0x000001f82759b5d0 DEOPT UNPACKING pc=0x000001f8376c2b43 sp=0x0000000ed05eb4c8 mode 0
Event: 0.210 Thread 0x000001f82759b5d0 DEOPT PACKING pc=0x000001f830236f2e sp=0x0000000ed05ebfb0
Event: 0.210 Thread 0x000001f82759b5d0 DEOPT UNPACKING pc=0x000001f8376c2b43 sp=0x0000000ed05eb438 mode 0
Event: 0.210 Thread 0x000001f82759b5d0 DEOPT PACKING pc=0x000001f830236f2e sp=0x0000000ed05ec050
Event: 0.210 Thread 0x000001f82759b5d0 DEOPT UNPACKING pc=0x000001f8376c2b43 sp=0x0000000ed05eb4d8 mode 0
Event: 0.211 Thread 0x000001f82759b5d0 DEOPT PACKING pc=0x000001f830236f2e sp=0x0000000ed05ec1b0
Event: 0.211 Thread 0x000001f82759b5d0 DEOPT UNPACKING pc=0x000001f8376c2b43 sp=0x0000000ed05eb638 mode 0
Event: 0.211 Thread 0x000001f82759b5d0 DEOPT PACKING pc=0x000001f830236f2e sp=0x0000000ed05ec0f0
Event: 0.211 Thread 0x000001f82759b5d0 DEOPT UNPACKING pc=0x000001f8376c2b43 sp=0x0000000ed05eb578 mode 0
Event: 0.212 Thread 0x000001f82759b5d0 DEOPT PACKING pc=0x000001f830236f2e sp=0x0000000ed05ec070
Event: 0.212 Thread 0x000001f82759b5d0 DEOPT UNPACKING pc=0x000001f8376c2b43 sp=0x0000000ed05eb4f8 mode 0
Event: 0.212 Thread 0x000001f82759b5d0 DEOPT PACKING pc=0x000001f830236f2e sp=0x0000000ed05ec0f0
Event: 0.212 Thread 0x000001f82759b5d0 DEOPT UNPACKING pc=0x000001f8376c2b43 sp=0x0000000ed05eb578 mode 0
Event: 0.257 Thread 0x000001f82759b5d0 Uncommon trap: trap_request=0xffffff45 fr.pc=0x000001f837c22240 relative=0x0000000000000040
Event: 0.257 Thread 0x000001f82759b5d0 Uncommon trap: reason=unstable_if action=reinterpret pc=0x000001f837c22240 method=sun.nio.fs.WindowsPathParser.isSlash(C)Z @ 9 c2
Event: 0.257 Thread 0x000001f82759b5d0 DEOPT PACKING pc=0x000001f837c22240 sp=0x0000000ed05ed360
Event: 0.257 Thread 0x000001f82759b5d0 DEOPT UNPACKING pc=0x000001f8376c23a3 sp=0x0000000ed05ed2e8 mode 2

Classes unloaded (0 events):
No events

Classes redefined (0 events):
No events

Internal exceptions (6 events):
Event: 0.055 Thread 0x000001f82759b5d0 Exception <a 'java/lang/NoClassDefFoundError'{0x00000000cfb78cb0}: org/jpype/classloader/DynamicClassLoader> (0x00000000cfb78cb0) 
thrown [s\open\src\hotspot\share\classfile\systemDictionary.cpp, line 245]
Event: 0.082 Thread 0x000001f82759b5d0 Exception <a 'sun/nio/fs/WindowsException'{0x00000000cfa82d80}> (0x00000000cfa82d80) 
thrown [s\open\src\hotspot\share\prims\jni.cpp, line 516]
Event: 0.083 Thread 0x000001f82759b5d0 Exception <a 'sun/nio/fs/WindowsException'{0x00000000cfa835b8}> (0x00000000cfa835b8) 
thrown [s\open\src\hotspot\share\prims\jni.cpp, line 516]
Event: 0.101 Thread 0x000001f82759b5d0 Exception <a 'java/lang/NoSuchMethodError'{0x00000000cf904088}: 'java.lang.Object java.lang.invoke.DirectMethodHandle$Holder.invokeInterface(java.lang.Object, java.lang.Object)'> (0x00000000cf904088) 
thrown [s\open\src\hotspot\share\interpreter\linkResolver.cpp, line 759]
Event: 0.101 Thread 0x000001f82759b5d0 Exception <a 'java/lang/IncompatibleClassChangeError'{0x00000000cf9077b0}: Found class java.lang.Object, but interface was expected> (0x00000000cf9077b0) 
thrown [s\open\src\hotspot\share\interpreter\linkResolver.cpp, line 826]
Event: 0.189 Thread 0x000001f82759b5d0 Exception <a 'java/lang/NoSuchMethodError'{0x00000000c110d1e8}: 'java.lang.Object java.lang.invoke.DirectMethodHandle$Holder.invokeStaticInit(java.lang.Object)'> (0x00000000c110d1e8) 
thrown [s\open\src\hotspot\share\interpreter\linkResolver.cpp, line 759]

VM Operations (19 events):
Event: 0.056 Executing VM operation: HandshakeAllThreads
Event: 0.056 Executing VM operation: HandshakeAllThreads done
Event: 0.124 Executing VM operation: G1CollectFull
Event: 0.127 Executing VM operation: G1CollectFull done
Event: 0.185 Executing VM operation: HandshakeAllThreads
Event: 0.185 Executing VM operation: HandshakeAllThreads done
Event: 0.188 Executing VM operation: HandshakeAllThreads
Event: 0.188 Executing VM operation: HandshakeAllThreads done
Event: 0.209 Executing VM operation: G1CollectForAllocation
Event: 0.210 Executing VM operation: G1CollectForAllocation done
Event: 0.218 Executing VM operation: G1CollectForAllocation
Event: 0.219 Executing VM operation: G1CollectForAllocation done
Event: 0.226 Executing VM operation: G1CollectForAllocation
Event: 0.228 Executing VM operation: G1CollectForAllocation done
Event: 0.234 Executing VM operation: G1CollectForAllocation
Event: 0.236 Executing VM operation: G1CollectForAllocation done
Event: 0.274 Executing VM operation: ThreadDump
Event: 0.275 Executing VM operation: ThreadDump done
Event: 0.302 Executing VM operation: Exit

Events (20 events):
Event: 0.199 Thread 0x000001f828094560 Thread added: 0x000001f828094560
Event: 0.256 loading class java/net/URLClassLoader$3
Event: 0.256 loading class java/net/URLClassLoader$3 done
Event: 0.256 loading class jdk/internal/loader/URLClassPath$FileLoader$1
Event: 0.256 loading class jdk/internal/loader/URLClassPath$FileLoader$1 done
Event: 0.256 loading class java/net/URLClassLoader$3$1
Event: 0.257 loading class java/net/URLClassLoader$3$1 done
Event: 0.257 loading class sun/nio/fs/WindowsDirectoryStream$WindowsDirectoryIterator
Event: 0.257 loading class sun/nio/fs/WindowsDirectoryStream$WindowsDirectoryIterator done
Event: 0.257 loading class sun/nio/fs/WindowsPath$WindowsPathWithAttributes
Event: 0.257 loading class sun/nio/fs/BasicFileAttributesHolder
Event: 0.257 loading class sun/nio/fs/BasicFileAttributesHolder done
Event: 0.257 loading class sun/nio/fs/WindowsPath$WindowsPathWithAttributes done
Event: 0.263 loading class jdk/internal/misc/Signal$1
Event: 0.263 loading class jdk/internal/misc/Signal$1 done
Event: 0.263 Thread 0x000001f82759abb0 Thread added: 0x000001f82759abb0
Event: 0.263 Thread 0x000001f827594160 Thread added: 0x000001f827594160
Event: 0.301 Thread 0x000001f82759a6a0 Thread exited: 0x000001f82759a6a0
Event: 0.302 Thread 0x000001f827594160 Thread exited: 0x000001f827594160
Event: 0.302 Thread 0x000001f827597400 Thread exited: 0x000001f827597400


Dynamic libraries:
0x00007ff633870000 - 0x00007ff63388b000 	C:\Users\smhrd\anaconda3\python.exe
0x00007ffa0a070000 - 0x00007ffa0a268000 	C:\Windows\SYSTEM32\ntdll.dll
0x00007ffa08870000 - 0x00007ffa0892d000 	C:\Windows\System32\KERNEL32.DLL
0x00007ffa07d00000 - 0x00007ffa07ff6000 	C:\Windows\System32\KERNELBASE.dll
0x00007ffa07c00000 - 0x00007ffa07d00000 	C:\Windows\System32\ucrtbase.dll
0x00007ffa02130000 - 0x00007ffa02149000 	C:\Users\smhrd\anaconda3\VCRUNTIME140.dll
0x00007ff9dcf50000 - 0x00007ff9dd558000 	C:\Users\smhrd\anaconda3\python311.dll
0x00007ffa09fc0000 - 0x00007ffa0a02b000 	C:\Windows\System32\WS2_32.dll
0x00007ffa09aa0000 - 0x00007ffa09bc3000 	C:\Windows\System32\RPCRT4.dll
0x00007ffa01360000 - 0x00007ffa0136a000 	C:\Windows\SYSTEM32\VERSION.dll
0x00007ffa08b30000 - 0x00007ffa08bce000 	C:\Windows\System32\msvcrt.dll
0x00007ffa078e0000 - 0x00007ffa07907000 	C:\Windows\System32\bcrypt.dll
0x00007ffa095e0000 - 0x00007ffa09690000 	C:\Windows\System32\ADVAPI32.dll
0x00007ffa09f20000 - 0x00007ffa09fc0000 	C:\Windows\System32\sechost.dll
0x00007ffa02110000 - 0x00007ffa0212a000 	C:\Users\smhrd\anaconda3\zlib.dll
0x00007ffa07850000 - 0x00007ffa078d2000 	C:\Windows\System32\bcryptprimitives.dll
0x000001f820d20000 - 0x000001f820d2f000 	C:\Users\smhrd\anaconda3\python3.DLL
0x00007ffa020f0000 - 0x00007ffa02106000 	C:\Users\smhrd\anaconda3\DLLs\_socket.pyd
0x00007ffa06ac0000 - 0x00007ffa06afb000 	C:\Windows\SYSTEM32\IPHLPAPI.DLL
0x00007ffa02c60000 - 0x00007ffa02c69000 	C:\Users\smhrd\anaconda3\DLLs\select.pyd
0x00007ffa002b0000 - 0x00007ffa002dd000 	C:\Users\smhrd\anaconda3\DLLs\_ssl.pyd
0x00007ffa07910000 - 0x00007ffa07a6e000 	C:\Windows\System32\CRYPT32.dll
0x00007ff9dca40000 - 0x00007ff9dcf42000 	C:\Users\smhrd\anaconda3\Library\bin\libcrypto-3-x64.dll
0x00007ffa09d80000 - 0x00007ffa09f1f000 	C:\Windows\System32\USER32.dll
0x00007ff9f0050000 - 0x00007ff9f0112000 	C:\Users\smhrd\anaconda3\Library\bin\libssl-3-x64.dll
0x00007ffa07770000 - 0x00007ffa07792000 	C:\Windows\System32\win32u.dll
0x00007ffa09150000 - 0x00007ffa0917b000 	C:\Windows\System32\GDI32.dll
0x00007ffa07a70000 - 0x00007ffa07b87000 	C:\Windows\System32\gdi32full.dll
0x00007ffa08000000 - 0x00007ffa0809d000 	C:\Windows\System32\msvcp_win.dll
0x00007ffa08830000 - 0x00007ffa08862000 	C:\Windows\System32\IMM32.DLL
0x00007ffa02090000 - 0x00007ffa020a1000 	C:\Users\smhrd\anaconda3\DLLs\_asyncio.pyd
0x00007ffa020e0000 - 0x00007ffa020ee000 	C:\Users\smhrd\anaconda3\DLLs\_overlapped.pyd
0x00007ffa06de0000 - 0x00007ffa06e4a000 	C:\Windows\system32\mswsock.dll
0x00007ffa02050000 - 0x00007ffa0205a000 	C:\Users\smhrd\anaconda3\DLLs\_bz2.pyd
0x00007ff9ff7c0000 - 0x00007ff9ff7f2000 	C:\Users\smhrd\anaconda3\Library\bin\LIBBZ2.dll
0x00007ffa01310000 - 0x00007ffa0131d000 	C:\Users\smhrd\anaconda3\DLLs\_lzma.pyd
0x00007ff9f6420000 - 0x00007ff9f6452000 	C:\Users\smhrd\anaconda3\Library\bin\liblzma.dll
0x00007ffa00940000 - 0x00007ffa00949000 	C:\Users\smhrd\anaconda3\DLLs\_queue.pyd
0x00007ffa00080000 - 0x00007ffa000a0000 	C:\Users\smhrd\anaconda3\DLLs\_ctypes.pyd
0x00007ffa094b0000 - 0x00007ffa095db000 	C:\Windows\System32\ole32.dll
0x00007ffa09690000 - 0x00007ffa099e3000 	C:\Windows\System32\combase.dll
0x00007ffa09330000 - 0x00007ffa093fd000 	C:\Windows\System32\OLEAUT32.dll
0x00007ffa00930000 - 0x00007ffa0093c000 	C:\Users\smhrd\anaconda3\Library\bin\ffi.dll
0x00007ffa080c0000 - 0x00007ffa0882b000 	C:\Windows\System32\shell32.DLL
0x00007ffa003f0000 - 0x00007ffa003f9000 	C:\Users\smhrd\anaconda3\DLLs\_multiprocessing.pyd
0x00007ff9e3b60000 - 0x00007ff9e3c00000 	C:\Users\smhrd\anaconda3\Lib\site-packages\watchfiles\_rust_notify.cp311-win_amd64.pyd
0x00007ffa06ff0000 - 0x00007ffa06ffc000 	C:\Windows\SYSTEM32\CRYPTBASE.DLL
0x00007ffa00070000 - 0x00007ffa00080000 	C:\Users\smhrd\anaconda3\DLLs\_hashlib.pyd
0x00007ffa00010000 - 0x00007ffa00029000 	C:\Users\smhrd\anaconda3\Lib\site-packages\httptools\parser\parser.cp311-win_amd64.pyd
0x00007ff9ff7b0000 - 0x00007ff9ff7be000 	C:\Users\smhrd\anaconda3\Lib\site-packages\httptools\parser\url_parser.cp311-win_amd64.pyd
0x00007ff9ff7a0000 - 0x00007ff9ff7a8000 	C:\Users\smhrd\anaconda3\Lib\site-packages\websockets\speedups.cp311-win_amd64.pyd
0x00007ff9ff6a0000 - 0x00007ff9ff6a7000 	C:\Users\smhrd\anaconda3\DLLs\_uuid.pyd
0x00007ff9dc550000 - 0x00007ff9dca3b000 	C:\Users\smhrd\anaconda3\Lib\site-packages\pydantic_core\_pydantic_core.cp311-win_amd64.pyd
0x00007ff9f63d0000 - 0x00007ff9f6413000 	C:\Users\smhrd\anaconda3\DLLs\_decimal.pyd
0x00007ff9e3a40000 - 0x00007ff9e3b58000 	C:\Users\smhrd\anaconda3\DLLs\unicodedata.pyd
0x00007ff9fec90000 - 0x00007ff9feca4000 	C:\Users\smhrd\anaconda3\Lib\site-packages\ujson.cp311-win_amd64.pyd
0x00007ff9f1550000 - 0x00007ff9f15a9000 	C:\Users\smhrd\anaconda3\Lib\site-packages\orjson\orjson.cp311-win_amd64.pyd
0x00007ff9fec80000 - 0x00007ff9fec8d000 	C:\Users\smhrd\anaconda3\DLLs\_zoneinfo.pyd
0x00007ff9e3980000 - 0x00007ff9e3a32000 	C:\Users\smhrd\anaconda3\Lib\site-packages\brotli\_brotli.pyd
0x00007ff9f11a0000 - 0x00007ff9f11cf000 	C:\Users\smhrd\anaconda3\Lib\site-packages\_cffi_backend.cp311-win_amd64.pyd
0x00007ff9e3100000 - 0x00007ff9e3181000 	C:\Users\smhrd\anaconda3\Lib\site-packages\zstandard\backend_c.cp311-win_amd64.pyd
0x00007ff9e3050000 - 0x00007ff9e30f3000 	C:\Users\smhrd\anaconda3\Lib\site-packages\regex\_regex.cp311-win_amd64.pyd
0x00007ff9e18c0000 - 0x00007ff9e1aca000 	C:\Users\smhrd\anaconda3\Lib\site-packages\tiktoken\_tiktoken.cp311-win_amd64.pyd
0x00007ff9fe950000 - 0x00007ff9fe957000 	C:\Users\smhrd\anaconda3\Lib\site-packages\tornado\speedups.pyd
0x00007ff9f1200000 - 0x00007ff9f1214000 	C:\Users\smhrd\anaconda3\Lib\site-packages\psutil\_psutil_windows.cp311-win_amd64.pyd
0x00007ffa08bd0000 - 0x00007ffa08bd8000 	C:\Windows\System32\PSAPI.DLL
0x00007ffa071a0000 - 0x00007ffa071eb000 	C:\Windows\SYSTEM32\POWRPROF.dll
0x00007ff9f80b0000 - 0x00007ff9f80f9000 	C:\Windows\SYSTEM32\pdh.dll
0x00007ffa07180000 - 0x00007ffa07192000 	C:\Windows\SYSTEM32\UMPDC.dll
0x00007ffa02e10000 - 0x00007ffa02e24000 	C:\Windows\SYSTEM32\wtsapi32.dll
0x00007ff9f0ef0000 - 0x00007ff9f0f1a000 	C:\Users\smhrd\anaconda3\Lib\site-packages\yaml\_yaml.cp311-win_amd64.pyd
0x00007ff9f0ed0000 - 0x00007ff9f0eee000 	C:\Users\smhrd\anaconda3\Library\bin\yaml.dll
0x00007ff9f0020000 - 0x00007ff9f0043000 	C:\Users\smhrd\anaconda3\DLLs\_elementtree.pyd
0x00007ff9efc50000 - 0x00007ff9efc82000 	C:\Users\smhrd\anaconda3\DLLs\pyexpat.pyd
0x00007ff9e5630000 - 0x00007ff9e56a4000 	C:\Users\smhrd\anaconda3\Lib\site-packages\_jpype.cp311-win_amd64.pyd
0x00007ff9fe940000 - 0x00007ff9fe94c000 	C:\Users\smhrd\anaconda3\VCRUNTIME140_1.dll
0x00007ff9e2fb0000 - 0x00007ff9e3041000 	C:\Users\smhrd\anaconda3\MSVCP140.dll
0x00007ff9f6000000 - 0x00007ff9f6007000 	C:\Users\smhrd\anaconda3\Lib\site-packages\mkl\_mklinit.cp311-win_amd64.pyd
0x00007ff9da5f0000 - 0x00007ff9dc54c000 	C:\Users\smhrd\anaconda3\Library\bin\mkl_rt.2.dll
0x00007ff9f0000000 - 0x00007ff9f001a000 	C:\Users\smhrd\anaconda3\Lib\site-packages\mkl\_py_mkl_service.cp311-win_amd64.pyd
0x00007ff9da280000 - 0x00007ff9da5e6000 	C:\Users\smhrd\anaconda3\Lib\site-packages\numpy\core\_multiarray_umath.cp311-win_amd64.pyd
0x00007ff9ef120000 - 0x00007ff9ef141000 	C:\Users\smhrd\anaconda3\Lib\site-packages\numpy\core\_multiarray_tests.cp311-win_amd64.pyd
0x00007ff9eebf0000 - 0x00007ff9eec1e000 	C:\Users\smhrd\anaconda3\Lib\site-packages\numpy\linalg\_umath_linalg.cp311-win_amd64.pyd
0x00007ff9eead0000 - 0x00007ff9eeaf1000 	C:\Users\smhrd\anaconda3\Lib\site-packages\numpy\fft\_pocketfft_internal.cp311-win_amd64.pyd
0x00007ff9e2f10000 - 0x00007ff9e2fa6000 	C:\Users\smhrd\anaconda3\Lib\site-packages\numpy\random\mtrand.cp311-win_amd64.pyd
0x00007ff9ee680000 - 0x00007ff9ee6ab000 	C:\Users\smhrd\anaconda3\Lib\site-packages\numpy\random\bit_generator.cp311-win_amd64.pyd
0x00007ff9ee340000 - 0x00007ff9ee370000 	C:\Users\smhrd\anaconda3\Lib\site-packages\numpy\random\_common.cp311-win_amd64.pyd
0x00007ff9ee300000 - 0x00007ff9ee33f000 	C:\Users\smhrd\anaconda3\Lib\site-packages\numpy\random\_bounded_integers.cp311-win_amd64.pyd
0x00007ff9effa0000 - 0x00007ff9effb7000 	C:\Users\smhrd\anaconda3\Lib\site-packages\numpy\random\_mt19937.cp311-win_amd64.pyd
0x00007ff9efc30000 - 0x00007ff9efc46000 	C:\Users\smhrd\anaconda3\Lib\site-packages\numpy\random\_philox.cp311-win_amd64.pyd
0x00007ff9efb10000 - 0x00007ff9efb29000 	C:\Users\smhrd\anaconda3\Lib\site-packages\numpy\random\_pcg64.cp311-win_amd64.pyd
0x00007ff9ef100000 - 0x00007ff9ef112000 	C:\Users\smhrd\anaconda3\Lib\site-packages\numpy\random\_sfc64.cp311-win_amd64.pyd
0x00007ff9e2200000 - 0x00007ff9e22ae000 	C:\Users\smhrd\anaconda3\Lib\site-packages\numpy\random\_generator.cp311-win_amd64.pyd
0x00007ff9d5270000 - 0x00007ff9d8699000 	C:\Users\smhrd\anaconda3\Library\bin\mkl_intel_thread.2.dll
0x00007ff971440000 - 0x00007ff975f33000 	C:\Users\smhrd\anaconda3\Library\bin\mkl_core.2.dll
0x00007ff96eab0000 - 0x00007ff97143a000 	C:\Users\smhrd\anaconda3\Library\bin\mkl_avx2.2.dll
0x00007ff9d4380000 - 0x00007ff9d5263000 	C:\Users\smhrd\anaconda3\Library\bin\mkl_vml_avx2.2.dll
0x00007ff9ad490000 - 0x00007ff9ae06f000 	C:\Program Files\Java\jdk-17\bin\server\jvm.dll
0x00007ff9f5a70000 - 0x00007ff9f5a79000 	C:\Windows\SYSTEM32\WSOCK32.dll
0x00007ff9f8a20000 - 0x00007ff9f8a47000 	C:\Windows\SYSTEM32\WINMM.dll
0x00007ff9ff690000 - 0x00007ff9ff69a000 	C:\Program Files\Java\jdk-17\bin\jimage.dll
0x00007ffa05300000 - 0x00007ffa054e4000 	C:\Windows\SYSTEM32\DBGHELP.DLL
0x00007ffa01050000 - 0x00007ffa01084000 	C:\Windows\SYSTEM32\dbgcore.DLL
0x00007ff9efc00000 - 0x00007ff9efc25000 	C:\Program Files\Java\jdk-17\bin\java.dll
0x00007ffa05f90000 - 0x00007ffa05fa2000 	C:\Windows\SYSTEM32\kernel.appcore.dll
0x00007ff9ea970000 - 0x00007ff9eaa47000 	C:\Program Files\Java\jdk-17\bin\jsvml.dll
0x00007ffa05760000 - 0x00007ffa05efe000 	C:\Windows\SYSTEM32\windows.storage.dll
0x00007ffa070e0000 - 0x00007ffa0710e000 	C:\Windows\SYSTEM32\Wldp.dll
0x00007ffa09400000 - 0x00007ffa094ad000 	C:\Windows\System32\SHCORE.dll
0x00007ffa08990000 - 0x00007ffa089e5000 	C:\Windows\System32\shlwapi.dll
0x00007ffa07650000 - 0x00007ffa07673000 	C:\Windows\SYSTEM32\profapi.dll
0x00007ff9f6f90000 - 0x00007ff9f6fa9000 	C:\Program Files\Java\jdk-17\bin\net.dll
0x00007ffa00e90000 - 0x00007ffa00f9a000 	C:\Windows\SYSTEM32\WINHTTP.dll
0x00007ff9efbe0000 - 0x00007ff9efbf6000 	C:\Program Files\Java\jdk-17\bin\nio.dll
0x00007ff9efbc0000 - 0x00007ff9efbd8000 	C:\Program Files\Java\jdk-17\bin\zip.dll

dbghelp: loaded successfully - version: 4.0.5 - missing functions: none
symbol engine: initialized successfully - sym options: 0x614 - pdb path: .;C:\Users\smhrd\anaconda3;C:\Windows\SYSTEM32;C:\Users\smhrd\anaconda3\DLLs;C:\Users\smhrd\anaconda3\Library\bin;C:\Users\smhrd\anaconda3\Lib\site-packages\watchfiles;C:\Users\smhrd\anaconda3\Lib\site-packages\httptools\parser;C:\Users\smhrd\anaconda3\Lib\site-packages\websockets;C:\Users\smhrd\anaconda3\Lib\site-packages\pydantic_core;C:\Users\smhrd\anaconda3\Lib\site-packages;C:\Users\smhrd\anaconda3\Lib\site-packages\orjson;C:\Users\smhrd\anaconda3\Lib\site-packages\brotli;C:\Users\smhrd\anaconda3\Lib\site-packages\zstandard;C:\Users\smhrd\anaconda3\Lib\site-packages\regex;C:\Users\smhrd\anaconda3\Lib\site-packages\tiktoken;C:\Users\smhrd\anaconda3\Lib\site-packages\tornado;C:\Users\smhrd\anaconda3\Lib\site-packages\psutil;C:\Users\smhrd\anaconda3\Lib\site-packages\yaml;C:\Users\smhrd\anaconda3\Lib\site-packages\mkl;C:\Users\smhrd\anaconda3\Lib\site-packages\numpy\core;C:\Users\smhrd\anaconda3\Lib\site-packages\numpy\linalg;C:\Users\smhrd\anaconda3\Lib\site-packages\numpy\fft;C:\Users\smhrd\anaconda3\Lib\site-packages\numpy\random;C:\Program Files\Java\jdk-17\bin\server;C:\Program Files\Java\jdk-17\bin

VM Arguments:
jvm_args: -Dfile.encoding=UTF8 -ea -Xmx1024m 
java_command: <unknown>
java_class_path (initial): C:\Users\smhrd\anaconda3\Lib\site-packages\konlpy\java;C:\Users\smhrd\anaconda3\Lib\site-packages\konlpy\java\bin;C:\Users\smhrd\anaconda3\Lib\site-packages\konlpy\java\aho-corasick.jar;C:\Users\smhrd\anaconda3\Lib\site-packages\konlpy\java\jhannanum-0.8.4.jar;C:\Users\smhrd\anaconda3\Lib\site-packages\konlpy\java\kkma-2.0.jar;C:\Users\smhrd\anaconda3\Lib\site-packages\konlpy\java\komoran-3.0.jar;C:\Users\smhrd\anaconda3\Lib\site-packages\konlpy\java\open-korean-text-2.1.0.jar;C:\Users\smhrd\anaconda3\Lib\site-packages\konlpy\java\scala-library-2.12.3.jar;C:\Users\smhrd\anaconda3\Lib\site-packages\konlpy\java\shineware-common-1.0.jar;C:\Users\smhrd\anaconda3\Lib\site-packages\konlpy\java\shineware-ds-1.0.jar;C:\Users\smhrd\anaconda3\Lib\site-packages\konlpy\java\snakeyaml-1.12.jar;C:\Users\smhrd\anaconda3\Lib\site-packages\konlpy\java\twitter-text-1.14.7.jar;C:\Users\smhrd\anaconda3\Lib\site-packages\konlpy\java\jhannanum-0.8.4.jar;C:\Users\smhrd\anaconda3\Lib\site-packages\konlpy\java\kkma-2.0.jar;C:\Users\smhrd\anaconda3\Lib\site-packages\konlpy\java\aho-corasick.jar;C:\Users\smhrd\anaconda3\Lib\site-packages\konlpy\java\shineware-common-1.0.jar;C:\Users\smhrd\anaconda3\Lib\site-packages\konlpy\java\shineware-ds-1.0.jar;C:\Users\smhrd\anaconda3\Lib\site-packages\konlpy\java\komoran-3.0.jar;C:\Users\smhrd\anaconda3\Lib\site-packages\konlpy\java\snakeyaml-1.12.jar;C:\Users\smhrd\anaconda3\Lib\site-packages\konlpy\java\scala-library-2.12.3.jar;C:\Users\smhrd\anaconda3\Lib\site-packages\konlpy\java\open-korean-text-2.1.0.jar;C:\Users\smhrd\anaconda3\Lib\site-packages\konlpy\java\twitter-text-1.14.7.jar;C:\Users\smhrd\anaconda3\Lib\site-packages\konlpy\java\aho-corasick.jar;C:\Users\smhrd\anaconda3\Lib\site-packages\konlpy\java\jhannanum-0.8.4.jar;C:\Users\smhrd\anaconda3\Lib\site-packages\konlpy\java\kkma-2.0.jar;C:\Users\smhrd\anaconda3\Lib\site-packages\konlpy\java\komoran-3.0.jar;C:\Users\smhrd\anaconda3\Lib\site-packages\konlpy\java\op
Launcher Type: generic

[Global flags]
     intx CICompilerCount                          = 4                                         {product} {ergonomic}
     uint ConcGCThreads                            = 2                                         {product} {ergonomic}
     uint G1ConcRefinementThreads                  = 8                                         {product} {ergonomic}
   size_t G1HeapRegionSize                         = 1048576                                   {product} {ergonomic}
    uintx GCDrainStackTargetSize                   = 64                                        {product} {ergonomic}
   size_t InitialHeapSize                          = 266338304                                 {product} {ergonomic}
   size_t MarkStackSize                            = 4194304                                   {product} {ergonomic}
   size_t MaxHeapSize                              = 1073741824                                {product} {command line}
   size_t MaxNewSize                               = 643825664                                 {product} {ergonomic}
   size_t MinHeapDeltaBytes                        = 1048576                                   {product} {ergonomic}
   size_t MinHeapSize                              = 8388608                                   {product} {ergonomic}
    uintx NonNMethodCodeHeapSize                   = 5839372                                {pd product} {ergonomic}
    uintx NonProfiledCodeHeapSize                  = 122909434                              {pd product} {ergonomic}
    uintx ProfiledCodeHeapSize                     = 122909434                              {pd product} {ergonomic}
    uintx ReservedCodeCacheSize                    = 251658240                              {pd product} {ergonomic}
     bool SegmentedCodeCache                       = true                                      {product} {ergonomic}
   size_t SoftMaxHeapSize                          = 1073741824                             {manageable} {ergonomic}
     bool UseCompressedClassPointers               = true                           {product lp64_product} {ergonomic}
     bool UseCompressedOops                        = true                           {product lp64_product} {ergonomic}
     bool UseG1GC                                  = true                                      {product} {ergonomic}
     bool UseLargePagesIndividualAllocation        = false                                  {pd product} {ergonomic}

Logging:
Log output configuration:
 #0: stdout all=warning uptime,level,tags
 #1: stderr all=off uptime,level,tags

Environment Variables:
JAVA_HOME=C:\Program Files\Java\jdk-17
CLASSPATH=C:\Program Files\Java\jdk-17lib
PATH=C:\Users\smhrd\anaconda3;C:\Users\smhrd\anaconda3\Library\mingw-w64\bin;C:\Users\smhrd\anaconda3\Library\usr\bin;C:\Users\smhrd\anaconda3\Library\bin;C:\Users\smhrd\anaconda3\Scripts;C:\Users\smhrd\anaconda3\bin;C:\Users\smhrd\anaconda3\condabin;C:\Program Files\Java\jdk-17\bin;C:\Python312\Scripts;C:\Python312;C:\Program Files\Common Files\Oracle\Java\javapath;C:\oraclexe\app\oracle\product\11.2.0\server\bin;C:\Windows\system32;C:\Windows;C:\Windows\System32\Wbem;C:\Windows\System32\WindowsPowerShell\v1.0;C:\Windows\System32\OpenSSH;C:\Program Files\Git\cmd;C:\Program Files\Graphviz\bin\dot.exe;C:\Program Files\Bandizip;C:\Program Files\nodejs;C:\ProgramData\chocolatey\bin;C:\Users\smhrd\AppData\Local\Microsoft\WindowsApps;C:\Users\smhrd\AppData\Local\Programs\Microsoft VS Code\bin;C:\Program Files\Graphviz\bin;C:\Users\smhrd\AppData\Roaming\npm
USERNAME=smhrd
OS=Windows_NT
PROCESSOR_IDENTIFIER=Intel64 Family 6 Model 158 Stepping 13, GenuineIntel



---------------  S Y S T E M  ---------------

OS:
 Windows 10 , 64 bit Build 19041 (10.0.19041.3636)
OS uptime: 0 days 15:37 hours

CPU: total 8 (initial active 8) (8 cores per cpu, 1 threads per core) family 6 model 158 stepping 13 microcode 0xb8, cx8, cmov, fxsr, mmx, 3dnowpref, sse, sse2, sse3, ssse3, sse4.1, sse4.2, popcnt, lzcnt, tsc, tscinvbit, avx, avx2, aes, erms, clmul, bmi1, bmi2, rtm, adx, fma, vzeroupper, clflush, clflushopt

Memory: 4k page, system-wide physical 16247M (7870M free)
TotalPageFile size 19447M (AvailPageFile size 7843M)
current process WorkingSet (physical memory assigned to process): 202M, peak: 202M
current process commit charge ("private bytes"): 362M, peak: 462M

vm_info: Java HotSpot(TM) 64-Bit Server VM (17.0.10+11-LTS-240) for windows-amd64 JRE (17.0.10+11-LTS-240), built on Dec 19 2023 21:47:25 by "mach5one" with MS VC++ 17.1 (VS2022)

END.
